2016-02-18T11:09:56.933Z prp5ruxor5al/1455793796921/13336/undefined INFO	hello	Seneca/1.2.0/prp5ruxor5al/1455793796921/13336/undefined	
2016-02-18T11:09:56.947Z prp5ruxor5al/1455793796921/13336/undefined DEBUG	options	{ tag: 'undefined',   idlen: 12,   timeout: 11111,   default_plugins:     { basic: true,      cluster: true,      entity: true,      'mem-store': true,      repl: true,      transport: true,      web: true },   debug:     { fragile: false,      undead: false,      print: { options: false },      act_caller: false,      short_logs: false,      callpoint: false },   strict: { result: true, fixedargs: true, add: false, find: true },   actcache: { active: true, size: 11111 },   trace: { act: false, stack: false, unknown: 'warn' },   stats: { size: 1024, interval: 60000, running: false },   deathdelay: 11111,   admin: { local: false, prefix: '/admin' },   plugin: {},   internal:     { close_signals: { SIGHUP: true, SIGTERM: true, SIGINT: true, SIGBREAK: true },      actrouter: ,      subrouter:  },   status: { interval: 60000, running: false },   zig: {},   log:     { map:        [ { level: 'all',           handler: { [Function: print] routestr: '{ level: \'fatal\' }' } } ] } }
2016-02-18T11:09:56.962Z prp5ruxor5al/1455793796921/13336/undefined DEBUG	ADD	(mvyas)	cmd:stats,role:seneca	action_seneca_stats	
2016-02-18T11:09:56.963Z prp5ruxor5al/1455793796921/13336/undefined DEBUG	ADD	(iw11r)	cmd:close,role:seneca	action_seneca_close	
2016-02-18T11:09:56.968Z prp5ruxor5al/1455793796921/13336/undefined DEBUG	ADD	(6zbg2)	info:fatal,role:seneca	action_seneca_fatal	
2016-02-18T11:09:56.969Z prp5ruxor5al/1455793796921/13336/undefined DEBUG	ADD	(gwknl)	get:options,role:seneca	action_options_get	
2016-02-18T11:09:56.969Z prp5ruxor5al/1455793796921/13336/undefined DEBUG	ADD	(70r3k)	role:seneca,stats:true	action_seneca_stats	
2016-02-18T11:09:56.970Z prp5ruxor5al/1455793796921/13336/undefined DEBUG	ADD	(1agrb)	cmd:get,role:options	action_options_get	
2016-02-18T11:10:02.387Z prp5ruxor5al/1455793796921/13336/undefined DEBUG	ADD	(3tpxu)	name:basic,plugin:define,role:seneca,seq:1,tag:undefined	plugin_definition	
2016-02-18T11:10:04.420Z prp5ruxor5al/1455793796921/13336/undefined DEBUG	ADD	(pcxlk)	name:seneca-k5ts5l,plugin:define,role:seneca,seq:2,tag:undefined	plugin_definition	
2016-02-18T11:10:05.730Z prp5ruxor5al/1455793796921/13336/undefined DEBUG	ADD	(j345l)	name:seneca-kaedi5,plugin:define,role:seneca,seq:3,tag:undefined	plugin_definition	
2016-02-18T11:10:20.935Z prp5ruxor5al/1455793796921/13336/undefined DEBUG	ADD	(upbfv)	name:seneca-k7q8ad,plugin:define,role:seneca,seq:4,tag:undefined	plugin_definition	
2016-02-18T11:10:40.822Z prp5ruxor5al/1455793796921/13336/undefined DEBUG	ADD	(wv824)	name:seneca-94i4sz,plugin:define,role:seneca,seq:5,tag:undefined	plugin_definition	
2016-02-18T11:10:42.742Z prp5ruxor5al/1455793796921/13336/undefined DEBUG	ADD	(phagy)	name:redis-transport,plugin:define,role:seneca,seq:6,tag:undefined	plugin_definition	
2016-02-18T11:11:09.153Z prp5ruxor5al/1455793796921/13336/undefined DEBUG	ADD	(jlztw)	name:level-store,plugin:define,role:seneca,seq:7,tag:undefined	plugin_definition	
2016-02-18T11:11:12.866Z prp5ruxor5al/1455793796921/13336/undefined DEBUG	ADD	(pjwx8)	name:github,plugin:define,role:seneca,seq:8,tag:undefined	plugin_definition	
2016-02-18T11:11:12.871Z prp5ruxor5al/1455793796921/13336/undefined DEBUG	ADD	(m15v8)	req:part,role:info		
2016-02-18T11:11:28.198Z prp5ruxor5al/1455793796921/13336/undefined DEBUG	ADD	(cwjci)	name:mesh,plugin:define,role:seneca,seq:9,tag:undefined	plugin_definition	
2016-02-18T11:11:28.220Z prp5ruxor5al/1455793796921/13336/undefined DEBUG	act	root$       	IN	ed80rrsp7vwa/erh5yx6g004j	name:basic,plugin:define,role:seneca,seq:1,tag:undefined	{role:seneca,plugin:define,name:basic,tag:null,seq:1}	ENTRY	(3tpxu)	-	-	GATE	
2016-02-18T11:11:28.226Z prp5ruxor5al/1455793796921/13336/undefined DEBUG	-	-	ACT	ed80rrsp7vwa/erh5yx6g004j	name:basic,plugin:define,role:seneca,seq:1,tag:undefined	register	init	basic		{}
2016-02-18T11:11:28.228Z prp5ruxor5al/1455793796921/13336/undefined DEBUG	-	-	ACT	ed80rrsp7vwa/erh5yx6g004j	name:basic,plugin:define,role:seneca,seq:1,tag:undefined	plugin	basic       	ADD	(ot5vo)	cmd:quickcode,role:basic	quickcode	
2016-02-18T11:11:28.228Z prp5ruxor5al/1455793796921/13336/undefined DEBUG	-	-	ACT	ed80rrsp7vwa/erh5yx6g004j	name:basic,plugin:define,role:seneca,seq:1,tag:undefined	plugin	basic       	ADD	(s88gi)	cmd:generate_id,role:basic	generate_id	
2016-02-18T11:11:28.229Z prp5ruxor5al/1455793796921/13336/undefined DEBUG	-	-	ACT	ed80rrsp7vwa/erh5yx6g004j	name:basic,plugin:define,role:seneca,seq:1,tag:undefined	plugin	basic       	ADD	(fn9gl)	cmd:quickcode,role:util	quickcode	
2016-02-18T11:11:28.229Z prp5ruxor5al/1455793796921/13336/undefined DEBUG	-	-	ACT	ed80rrsp7vwa/erh5yx6g004j	name:basic,plugin:define,role:seneca,seq:1,tag:undefined	plugin	basic       	ADD	(ibuzi)	cmd:generate_id,role:util	generate_id	
2016-02-18T11:11:28.230Z prp5ruxor5al/1455793796921/13336/undefined DEBUG	-	-	ACT	ed80rrsp7vwa/erh5yx6g004j	name:basic,plugin:define,role:seneca,seq:1,tag:undefined	plugin	basic       	ADD	(tllhp)	cmd:ensure_entity,role:basic	ensure_entity	
2016-02-18T11:11:28.231Z prp5ruxor5al/1455793796921/13336/undefined DEBUG	-	-	ACT	ed80rrsp7vwa/erh5yx6g004j	name:basic,plugin:define,role:seneca,seq:1,tag:undefined	plugin	basic       	ADD	(zq4jt)	cmd:define_sys_entity,role:basic	define_sys_entity	
2016-02-18T11:11:28.232Z prp5ruxor5al/1455793796921/13336/undefined DEBUG	-	-	ACT	ed80rrsp7vwa/erh5yx6g004j	name:basic,plugin:define,role:seneca,seq:1,tag:undefined	plugin	basic       	ADD	(7zs4w)	cmd:ensure_entity,role:util	ensure_entity	
2016-02-18T11:11:28.232Z prp5ruxor5al/1455793796921/13336/undefined DEBUG	-	-	ACT	ed80rrsp7vwa/erh5yx6g004j	name:basic,plugin:define,role:seneca,seq:1,tag:undefined	plugin	basic       	ADD	(0fnl7)	cmd:define_sys_entity,role:util	define_sys_entity	
2016-02-18T11:11:28.233Z prp5ruxor5al/1455793796921/13336/undefined DEBUG	-	-	ACT	ed80rrsp7vwa/erh5yx6g004j	name:basic,plugin:define,role:seneca,seq:1,tag:undefined	plugin	basic       	ADD	(wf9iq)	cmd:set,note:true,role:basic	set	
2016-02-18T11:11:28.233Z prp5ruxor5al/1455793796921/13336/undefined DEBUG	-	-	ACT	ed80rrsp7vwa/erh5yx6g004j	name:basic,plugin:define,role:seneca,seq:1,tag:undefined	plugin	basic       	ADD	(ao1vx)	cmd:get,note:true,role:basic	get	
2016-02-18T11:11:28.235Z prp5ruxor5al/1455793796921/13336/undefined DEBUG	-	-	ACT	ed80rrsp7vwa/erh5yx6g004j	name:basic,plugin:define,role:seneca,seq:1,tag:undefined	plugin	basic       	ADD	(mi9t5)	cmd:list,note:true,role:basic	list	
2016-02-18T11:11:28.237Z prp5ruxor5al/1455793796921/13336/undefined DEBUG	-	-	ACT	ed80rrsp7vwa/erh5yx6g004j	name:basic,plugin:define,role:seneca,seq:1,tag:undefined	plugin	basic       	ADD	(le36v)	cmd:push,note:true,role:basic	push	
2016-02-18T11:11:28.238Z prp5ruxor5al/1455793796921/13336/undefined DEBUG	-	-	ACT	ed80rrsp7vwa/erh5yx6g004j	name:basic,plugin:define,role:seneca,seq:1,tag:undefined	plugin	basic       	ADD	(3uxah)	cmd:pop,note:true,role:basic	pop	
2016-02-18T11:11:28.239Z prp5ruxor5al/1455793796921/13336/undefined DEBUG	-	-	ACT	ed80rrsp7vwa/erh5yx6g004j	name:basic,plugin:define,role:seneca,seq:1,tag:undefined	plugin	basic       	ADD	(5capq)	cmd:set,note:true,role:util	set	
2016-02-18T11:11:28.240Z prp5ruxor5al/1455793796921/13336/undefined DEBUG	-	-	ACT	ed80rrsp7vwa/erh5yx6g004j	name:basic,plugin:define,role:seneca,seq:1,tag:undefined	plugin	basic       	ADD	(cy1ty)	cmd:get,note:true,role:util	get	
2016-02-18T11:11:28.240Z prp5ruxor5al/1455793796921/13336/undefined DEBUG	-	-	ACT	ed80rrsp7vwa/erh5yx6g004j	name:basic,plugin:define,role:seneca,seq:1,tag:undefined	plugin	basic       	ADD	(o7ami)	cmd:list,note:true,role:util	list	
2016-02-18T11:11:28.241Z prp5ruxor5al/1455793796921/13336/undefined DEBUG	-	-	ACT	ed80rrsp7vwa/erh5yx6g004j	name:basic,plugin:define,role:seneca,seq:1,tag:undefined	plugin	basic       	ADD	(0hw41)	cmd:push,note:true,role:util	push	
2016-02-18T11:11:28.242Z prp5ruxor5al/1455793796921/13336/undefined DEBUG	-	-	ACT	ed80rrsp7vwa/erh5yx6g004j	name:basic,plugin:define,role:seneca,seq:1,tag:undefined	plugin	basic       	ADD	(cv2ta)	cmd:pop,note:true,role:util	pop	
2016-02-18T11:11:28.242Z prp5ruxor5al/1455793796921/13336/undefined DEBUG	-	-	ACT	ed80rrsp7vwa/erh5yx6g004j	name:basic,plugin:define,role:seneca,seq:1,tag:undefined	plugin	basic       	options	set	{basic:{}}	
2016-02-18T11:11:28.251Z prp5ruxor5al/1455793796921/13336/undefined DEBUG	-	-	ACT	ed80rrsp7vwa/erh5yx6g004j	name:basic,plugin:define,role:seneca,seq:1,tag:undefined	register	install	basic	{exports:[basic]}	
2016-02-18T11:11:28.253Z prp5ruxor5al/1455793796921/13336/undefined DEBUG	-	-	ACT	ed80rrsp7vwa/erh5yx6g004j	name:basic,plugin:define,role:seneca,seq:1,tag:undefined	act	-	-	DEFAULT	{init:basic,tag:null}	
2016-02-18T11:11:28.255Z prp5ruxor5al/1455793796921/13336/undefined DEBUG	act	-       	OUT	rsudiwjxev12/erh5yx6g004j		{}	EXIT		-	-	2	-	
2016-02-18T11:11:28.256Z prp5ruxor5al/1455793796921/13336/undefined DEBUG	-	-	ACT	ed80rrsp7vwa/erh5yx6g004j	name:basic,plugin:define,role:seneca,seq:1,tag:undefined	register	ready	basic	{}
2016-02-18T11:11:28.258Z prp5ruxor5al/1455793796921/13336/undefined DEBUG	act	root$       	OUT	ed80rrsp7vwa/erh5yx6g004j	name:basic,plugin:define,role:seneca,seq:1,tag:undefined	null	EXIT	(3tpxu)	-	-	85868	GATE	
2016-02-18T11:11:28.258Z prp5ruxor5al/1455793796921/13336/undefined DEBUG	act	root$       	IN	s6jqwb33lcxg/m9x7umww0pra	name:seneca-k5ts5l,plugin:define,role:seneca,seq:2,tag:undefined	{role:seneca,plugin:define,name:seneca-k5ts5l,tag:null,seq:2}	ENTRY	(pcxlk)	-	-	GATE	
2016-02-18T11:11:28.260Z prp5ruxor5al/1455793796921/13336/undefined DEBUG	-	-	ACT	s6jqwb33lcxg/m9x7umww0pra	name:seneca-k5ts5l,plugin:define,role:seneca,seq:2,tag:undefined	register	init	seneca-k5ts5l		{}
2016-02-18T11:11:28.260Z prp5ruxor5al/1455793796921/13336/undefined DEBUG	-	-	ACT	s6jqwb33lcxg/m9x7umww0pra	name:seneca-k5ts5l,plugin:define,role:seneca,seq:2,tag:undefined	plugin	seneca-k5ts5l	options	set	{"seneca-k5ts5l":{}}	
2016-02-18T11:11:28.261Z prp5ruxor5al/1455793796921/13336/undefined DEBUG	-	-	ACT	s6jqwb33lcxg/m9x7umww0pra	name:seneca-k5ts5l,plugin:define,role:seneca,seq:2,tag:undefined	register	install	entity	{exports:[]}	seneca-k5ts5l
2016-02-18T11:11:28.263Z prp5ruxor5al/1455793796921/13336/undefined DEBUG	-	-	ACT	s6jqwb33lcxg/m9x7umww0pra	name:seneca-k5ts5l,plugin:define,role:seneca,seq:2,tag:undefined	act	-	-	DEFAULT	{init:entity,tag:null}	
2016-02-18T11:11:28.263Z prp5ruxor5al/1455793796921/13336/undefined DEBUG	act	-       	OUT	hxfvp2vo8wln/m9x7umww0pra		{}	EXIT		-	-	1	-	
2016-02-18T11:11:28.263Z prp5ruxor5al/1455793796921/13336/undefined DEBUG	-	-	ACT	s6jqwb33lcxg/m9x7umww0pra	name:seneca-k5ts5l,plugin:define,role:seneca,seq:2,tag:undefined	register	ready	entity	{}
2016-02-18T11:11:28.264Z prp5ruxor5al/1455793796921/13336/undefined DEBUG	act	root$       	OUT	s6jqwb33lcxg/m9x7umww0pra	name:seneca-k5ts5l,plugin:define,role:seneca,seq:2,tag:undefined	null	EXIT	(pcxlk)	-	-	83843	GATE	
2016-02-18T11:11:28.264Z prp5ruxor5al/1455793796921/13336/undefined DEBUG	act	root$       	IN	nw35tixvvke8/pkm7g4x627qf	name:seneca-kaedi5,plugin:define,role:seneca,seq:3,tag:undefined	{role:seneca,plugin:define,name:seneca-kaedi5,tag:null,seq:3}	ENTRY	(j345l)	-	-	GATE	
2016-02-18T11:11:28.265Z prp5ruxor5al/1455793796921/13336/undefined DEBUG	-	-	ACT	nw35tixvvke8/pkm7g4x627qf	name:seneca-kaedi5,plugin:define,role:seneca,seq:3,tag:undefined	register	init	seneca-kaedi5		{}
2016-02-18T11:11:28.267Z prp5ruxor5al/1455793796921/13336/undefined DEBUG	-	-	ACT	nw35tixvvke8/pkm7g4x627qf	name:seneca-kaedi5,plugin:define,role:seneca,seq:3,tag:undefined	plugin	seneca-kaedi5	ADD	(e77wv)	cmd:save,role:entity		
2016-02-18T11:11:28.267Z prp5ruxor5al/1455793796921/13336/undefined DEBUG	-	-	ACT	nw35tixvvke8/pkm7g4x627qf	name:seneca-kaedi5,plugin:define,role:seneca,seq:3,tag:undefined	plugin	seneca-kaedi5	ADD	(1xi6v)	cmd:load,role:entity		
2016-02-18T11:11:28.270Z prp5ruxor5al/1455793796921/13336/undefined DEBUG	-	-	ACT	nw35tixvvke8/pkm7g4x627qf	name:seneca-kaedi5,plugin:define,role:seneca,seq:3,tag:undefined	plugin	seneca-kaedi5	ADD	(6jt1h)	cmd:list,role:entity		
2016-02-18T11:11:28.271Z prp5ruxor5al/1455793796921/13336/undefined DEBUG	-	-	ACT	nw35tixvvke8/pkm7g4x627qf	name:seneca-kaedi5,plugin:define,role:seneca,seq:3,tag:undefined	plugin	seneca-kaedi5	ADD	(lipl2)	cmd:remove,role:entity		
2016-02-18T11:11:28.274Z prp5ruxor5al/1455793796921/13336/undefined DEBUG	-	-	ACT	nw35tixvvke8/pkm7g4x627qf	name:seneca-kaedi5,plugin:define,role:seneca,seq:3,tag:undefined	plugin	seneca-kaedi5	ADD	(9r2pc)	cmd:close,role:seneca		
2016-02-18T11:11:28.274Z prp5ruxor5al/1455793796921/13336/undefined DEBUG	-	-	ACT	nw35tixvvke8/pkm7g4x627qf	name:seneca-kaedi5,plugin:define,role:seneca,seq:3,tag:undefined	plugin	seneca-kaedi5	ADD	(w00hq)	cmd:native,role:entity		
2016-02-18T11:11:28.275Z prp5ruxor5al/1455793796921/13336/undefined DEBUG	-	-	ACT	nw35tixvvke8/pkm7g4x627qf	name:seneca-kaedi5,plugin:define,role:seneca,seq:3,tag:undefined	plugin	seneca-kaedi5	ADD	(qwvvu)	cmd:dump,role:mem-store		
2016-02-18T11:11:28.277Z prp5ruxor5al/1455793796921/13336/undefined DEBUG	-	-	ACT	nw35tixvvke8/pkm7g4x627qf	name:seneca-kaedi5,plugin:define,role:seneca,seq:3,tag:undefined	plugin	seneca-kaedi5	ADD	(o61se)	cmd:export,role:mem-store		
2016-02-18T11:11:28.280Z prp5ruxor5al/1455793796921/13336/undefined DEBUG	-	-	ACT	nw35tixvvke8/pkm7g4x627qf	name:seneca-kaedi5,plugin:define,role:seneca,seq:3,tag:undefined	plugin	seneca-kaedi5	ADD	(od6pb)	cmd:import,role:mem-store		
2016-02-18T11:11:28.281Z prp5ruxor5al/1455793796921/13336/undefined DEBUG	-	-	ACT	nw35tixvvke8/pkm7g4x627qf	name:seneca-kaedi5,plugin:define,role:seneca,seq:3,tag:undefined	plugin	seneca-kaedi5	ADD	(g58fo)	init:mem-store		
2016-02-18T11:11:28.281Z prp5ruxor5al/1455793796921/13336/undefined DEBUG	-	-	ACT	nw35tixvvke8/pkm7g4x627qf	name:seneca-kaedi5,plugin:define,role:seneca,seq:3,tag:undefined	plugin	seneca-kaedi5	options	set	{"seneca-kaedi5":{}}	
2016-02-18T11:11:28.287Z prp5ruxor5al/1455793796921/13336/undefined DEBUG	-	-	ACT	nw35tixvvke8/pkm7g4x627qf	name:seneca-kaedi5,plugin:define,role:seneca,seq:3,tag:undefined	register	install	mem-store/1	{exports:[mem-store/1/native]}	seneca-kaedi5
2016-02-18T11:11:28.287Z prp5ruxor5al/1455793796921/13336/undefined DEBUG	act	mem-store/1	IN	skx1nzjwsz6x/pkm7g4x627qf	init:mem-store	{init:mem-store,tag:1}	ENTRY	(g58fo)	-	-	-	
2016-02-18T11:11:28.289Z prp5ruxor5al/1455793796921/13336/undefined DEBUG	act	mem-store/1	OUT	skx1nzjwsz6x/pkm7g4x627qf	init:mem-store	null	EXIT	(g58fo)	-	-	2	-	
2016-02-18T11:11:28.289Z prp5ruxor5al/1455793796921/13336/undefined DEBUG	-	-	ACT	nw35tixvvke8/pkm7g4x627qf	name:seneca-kaedi5,plugin:define,role:seneca,seq:3,tag:undefined	register	ready	mem-store$1	
2016-02-18T11:11:28.290Z prp5ruxor5al/1455793796921/13336/undefined DEBUG	act	root$       	OUT	nw35tixvvke8/pkm7g4x627qf	name:seneca-kaedi5,plugin:define,role:seneca,seq:3,tag:undefined	null	EXIT	(j345l)	-	-	82559	GATE	
2016-02-18T11:11:28.290Z prp5ruxor5al/1455793796921/13336/undefined DEBUG	act	root$       	IN	pq8zukt33or0/d667gc4evsvm	name:seneca-k7q8ad,plugin:define,role:seneca,seq:4,tag:undefined	{role:seneca,plugin:define,name:seneca-k7q8ad,tag:null,seq:4}	ENTRY	(upbfv)	-	-	GATE	
2016-02-18T11:11:28.291Z prp5ruxor5al/1455793796921/13336/undefined DEBUG	-	-	ACT	pq8zukt33or0/d667gc4evsvm	name:seneca-k7q8ad,plugin:define,role:seneca,seq:4,tag:undefined	register	init	seneca-k7q8ad		{}
2016-02-18T11:11:28.293Z prp5ruxor5al/1455793796921/13336/undefined DEBUG	-	-	ACT	pq8zukt33or0/d667gc4evsvm	name:seneca-k7q8ad,plugin:define,role:seneca,seq:4,tag:undefined	plugin	seneca-k7q8ad	ADD	(eidb9)	cmd:inflight,role:transport		
2016-02-18T11:11:28.294Z prp5ruxor5al/1455793796921/13336/undefined DEBUG	-	-	ACT	pq8zukt33or0/d667gc4evsvm	name:seneca-k7q8ad,plugin:define,role:seneca,seq:4,tag:undefined	plugin	seneca-k7q8ad	ADD	(g8rip)	cmd:listen,role:transport		
2016-02-18T11:11:28.295Z prp5ruxor5al/1455793796921/13336/undefined DEBUG	-	-	ACT	pq8zukt33or0/d667gc4evsvm	name:seneca-k7q8ad,plugin:define,role:seneca,seq:4,tag:undefined	plugin	seneca-k7q8ad	ADD	(cqn5d)	cmd:client,role:transport		
2016-02-18T11:11:28.296Z prp5ruxor5al/1455793796921/13336/undefined DEBUG	-	-	ACT	pq8zukt33or0/d667gc4evsvm	name:seneca-k7q8ad,plugin:define,role:seneca,seq:4,tag:undefined	plugin	seneca-k7q8ad	ADD	(37z1v)	hook:listen,role:transport,type:tcp		
2016-02-18T11:11:28.297Z prp5ruxor5al/1455793796921/13336/undefined DEBUG	-	-	ACT	pq8zukt33or0/d667gc4evsvm	name:seneca-k7q8ad,plugin:define,role:seneca,seq:4,tag:undefined	plugin	seneca-k7q8ad	ADD	(pywu1)	hook:client,role:transport,type:tcp		
2016-02-18T11:11:28.298Z prp5ruxor5al/1455793796921/13336/undefined DEBUG	-	-	ACT	pq8zukt33or0/d667gc4evsvm	name:seneca-k7q8ad,plugin:define,role:seneca,seq:4,tag:undefined	plugin	seneca-k7q8ad	ADD	(1tor7)	hook:listen,role:transport,type:web		
2016-02-18T11:11:28.301Z prp5ruxor5al/1455793796921/13336/undefined DEBUG	-	-	ACT	pq8zukt33or0/d667gc4evsvm	name:seneca-k7q8ad,plugin:define,role:seneca,seq:4,tag:undefined	plugin	seneca-k7q8ad	ADD	(r3ut3)	hook:client,role:transport,type:web		
2016-02-18T11:11:28.304Z prp5ruxor5al/1455793796921/13336/undefined DEBUG	-	-	ACT	pq8zukt33or0/d667gc4evsvm	name:seneca-k7q8ad,plugin:define,role:seneca,seq:4,tag:undefined	plugin	seneca-k7q8ad	ADD	(tectu)	hook:listen,role:transport,type:http		
2016-02-18T11:11:28.304Z prp5ruxor5al/1455793796921/13336/undefined DEBUG	-	-	ACT	pq8zukt33or0/d667gc4evsvm	name:seneca-k7q8ad,plugin:define,role:seneca,seq:4,tag:undefined	plugin	seneca-k7q8ad	ADD	(ika59)	hook:client,role:transport,type:http		
2016-02-18T11:11:28.305Z prp5ruxor5al/1455793796921/13336/undefined DEBUG	-	-	ACT	pq8zukt33or0/d667gc4evsvm	name:seneca-k7q8ad,plugin:define,role:seneca,seq:4,tag:undefined	plugin	seneca-k7q8ad	ADD	(93c9g)	hook:listen,role:transport,type:direct		
2016-02-18T11:11:28.306Z prp5ruxor5al/1455793796921/13336/undefined DEBUG	-	-	ACT	pq8zukt33or0/d667gc4evsvm	name:seneca-k7q8ad,plugin:define,role:seneca,seq:4,tag:undefined	plugin	seneca-k7q8ad	ADD	(p70o6)	hook:client,role:transport,type:direct		
2016-02-18T11:11:28.306Z prp5ruxor5al/1455793796921/13336/undefined DEBUG	-	-	ACT	pq8zukt33or0/d667gc4evsvm	name:seneca-k7q8ad,plugin:define,role:seneca,seq:4,tag:undefined	plugin	seneca-k7q8ad	options	set	{"seneca-k7q8ad":{msgprefix:seneca_,callmax:111111,msgidlen:12,warn:{unknown_message_id:true,invalid_kind:true,	
2016-02-18T11:11:28.309Z prp5ruxor5al/1455793796921/13336/undefined DEBUG	-	-	ACT	pq8zukt33or0/d667gc4evsvm	name:seneca-k7q8ad,plugin:define,role:seneca,seq:4,tag:undefined	register	install	transport	{exports:[transport/utils]}	seneca-k7q8ad
2016-02-18T11:11:28.310Z prp5ruxor5al/1455793796921/13336/undefined DEBUG	-	-	ACT	pq8zukt33or0/d667gc4evsvm	name:seneca-k7q8ad,plugin:define,role:seneca,seq:4,tag:undefined	act	-	-	DEFAULT	{init:transport,tag:null}	
2016-02-18T11:11:28.311Z prp5ruxor5al/1455793796921/13336/undefined DEBUG	act	-       	OUT	uj2jtg5bg0mt/d667gc4evsvm		{}	EXIT		-	-	1	-	
2016-02-18T11:11:28.311Z prp5ruxor5al/1455793796921/13336/undefined DEBUG	-	-	ACT	pq8zukt33or0/d667gc4evsvm	name:seneca-k7q8ad,plugin:define,role:seneca,seq:4,tag:undefined	register	ready	transport	{}
2016-02-18T11:11:28.311Z prp5ruxor5al/1455793796921/13336/undefined DEBUG	act	root$       	OUT	pq8zukt33or0/d667gc4evsvm	name:seneca-k7q8ad,plugin:define,role:seneca,seq:4,tag:undefined	null	EXIT	(upbfv)	-	-	67375	GATE	
2016-02-18T11:11:28.311Z prp5ruxor5al/1455793796921/13336/undefined DEBUG	act	root$       	IN	8qgh6cjnirt1/l22b85ygw0si	name:seneca-94i4sz,plugin:define,role:seneca,seq:5,tag:undefined	{role:seneca,plugin:define,name:seneca-94i4sz,tag:null,seq:5}	ENTRY	(wv824)	-	-	GATE	
2016-02-18T11:11:28.312Z prp5ruxor5al/1455793796921/13336/undefined DEBUG	-	-	ACT	8qgh6cjnirt1/l22b85ygw0si	name:seneca-94i4sz,plugin:define,role:seneca,seq:5,tag:undefined	register	init	seneca-94i4sz		{}
2016-02-18T11:11:28.324Z prp5ruxor5al/1455793796921/13336/undefined DEBUG	-	-	ACT	8qgh6cjnirt1/l22b85ygw0si	name:seneca-94i4sz,plugin:define,role:seneca,seq:5,tag:undefined	plugin	seneca-94i4sz	ADD	(u9b9w)	role:web	web_use	
2016-02-18T11:11:28.325Z prp5ruxor5al/1455793796921/13336/undefined DEBUG	-	-	ACT	8qgh6cjnirt1/l22b85ygw0si	name:seneca-94i4sz,plugin:define,role:seneca,seq:5,tag:undefined	plugin	seneca-94i4sz	ADD	(33i6x)	list:service,role:web	list_service	
2016-02-18T11:11:28.326Z prp5ruxor5al/1455793796921/13336/undefined DEBUG	-	-	ACT	8qgh6cjnirt1/l22b85ygw0si	name:seneca-94i4sz,plugin:define,role:seneca,seq:5,tag:undefined	plugin	seneca-94i4sz	ADD	(ln975)	list:route,role:web	list_route	
2016-02-18T11:11:28.327Z prp5ruxor5al/1455793796921/13336/undefined DEBUG	-	-	ACT	8qgh6cjnirt1/l22b85ygw0si	name:seneca-94i4sz,plugin:define,role:seneca,seq:5,tag:undefined	plugin	seneca-94i4sz	ADD	(bhd7h)	role:web,stats:true	action_stats	
2016-02-18T11:11:28.328Z prp5ruxor5al/1455793796921/13336/undefined DEBUG	-	-	ACT	8qgh6cjnirt1/l22b85ygw0si	name:seneca-94i4sz,plugin:define,role:seneca,seq:5,tag:undefined	plugin	seneca-94i4sz	ADD	(6wlv8)	get:config,role:web	get_config	
2016-02-18T11:11:28.330Z prp5ruxor5al/1455793796921/13336/undefined DEBUG	-	-	ACT	8qgh6cjnirt1/l22b85ygw0si	name:seneca-94i4sz,plugin:define,role:seneca,seq:5,tag:undefined	plugin	seneca-94i4sz	ADD	(xdacl)	role:web,set:source	set_source	
2016-02-18T11:11:28.331Z prp5ruxor5al/1455793796921/13336/undefined DEBUG	-	-	ACT	8qgh6cjnirt1/l22b85ygw0si	name:seneca-94i4sz,plugin:define,role:seneca,seq:5,tag:undefined	plugin	seneca-94i4sz	ADD	(3hk2f)	get:sourcelist,role:web	get_sourcelist	
2016-02-18T11:11:28.331Z prp5ruxor5al/1455793796921/13336/undefined DEBUG	-	-	ACT	8qgh6cjnirt1/l22b85ygw0si	name:seneca-94i4sz,plugin:define,role:seneca,seq:5,tag:undefined	plugin	seneca-94i4sz	ADD	(kl294)	do:startware,role:web	default_startware	
2016-02-18T11:11:28.333Z prp5ruxor5al/1455793796921/13336/undefined DEBUG	-	-	ACT	8qgh6cjnirt1/l22b85ygw0si	name:seneca-94i4sz,plugin:define,role:seneca,seq:5,tag:undefined	plugin	seneca-94i4sz	ADD	(x9i8x)	get:server,role:web	get_server	
2016-02-18T11:11:28.334Z prp5ruxor5al/1455793796921/13336/undefined DEBUG	-	-	ACT	8qgh6cjnirt1/l22b85ygw0si	name:seneca-94i4sz,plugin:define,role:seneca,seq:5,tag:undefined	plugin	seneca-94i4sz	ADD	(m2pk7)	get:restriction,role:web	default_get_restriction	
2016-02-18T11:11:28.336Z prp5ruxor5al/1455793796921/13336/undefined DEBUG	-	-	ACT	8qgh6cjnirt1/l22b85ygw0si	name:seneca-94i4sz,plugin:define,role:seneca,seq:5,tag:undefined	plugin	seneca-94i4sz	ADD	(laps9)	role:web,set:framework	set_framework	
2016-02-18T11:11:28.337Z prp5ruxor5al/1455793796921/13336/undefined DEBUG	-	-	ACT	8qgh6cjnirt1/l22b85ygw0si	name:seneca-94i4sz,plugin:define,role:seneca,seq:5,tag:undefined	plugin	seneca-94i4sz	ADD	(33jr3)	handle:response,role:web	handle_response	
2016-02-18T11:11:28.339Z prp5ruxor5al/1455793796921/13336/undefined DEBUG	-	-	ACT	8qgh6cjnirt1/l22b85ygw0si	name:seneca-94i4sz,plugin:define,role:seneca,seq:5,tag:undefined	plugin	seneca-94i4sz	ADD	(vwbmu)	init:web		
2016-02-18T11:11:28.340Z prp5ruxor5al/1455793796921/13336/undefined DEBUG	-	-	ACT	8qgh6cjnirt1/l22b85ygw0si	name:seneca-94i4sz,plugin:define,role:seneca,seq:5,tag:undefined	plugin	seneca-94i4sz	options	set	{"seneca-94i4sz":{}}	
2016-02-18T11:11:28.348Z prp5ruxor5al/1455793796921/13336/undefined DEBUG	-	-	ACT	8qgh6cjnirt1/l22b85ygw0si	name:seneca-94i4sz,plugin:define,role:seneca,seq:5,tag:undefined	register	install	web	{exports:[web,web/httprouter,web/hapi]}	seneca-94i4sz
2016-02-18T11:11:28.349Z prp5ruxor5al/1455793796921/13336/undefined DEBUG	act	web       	IN	51x1ay4jb2rq/l22b85ygw0si	init:web	{init:web,tag:null}	ENTRY	(vwbmu)	-	-	-	
2016-02-18T11:11:28.353Z prp5ruxor5al/1455793796921/13336/undefined DEBUG	act	web       	OUT	51x1ay4jb2rq/l22b85ygw0si	init:web	null	EXIT	(vwbmu)	-	-	3	-	
2016-02-18T11:11:28.353Z prp5ruxor5al/1455793796921/13336/undefined DEBUG	-	-	ACT	8qgh6cjnirt1/l22b85ygw0si	name:seneca-94i4sz,plugin:define,role:seneca,seq:5,tag:undefined	register	ready	web	
2016-02-18T11:11:28.354Z prp5ruxor5al/1455793796921/13336/undefined DEBUG	act	root$       	OUT	8qgh6cjnirt1/l22b85ygw0si	name:seneca-94i4sz,plugin:define,role:seneca,seq:5,tag:undefined	null	EXIT	(wv824)	-	-	47530	GATE	
2016-02-18T11:11:28.356Z prp5ruxor5al/1455793796921/13336/undefined DEBUG	act	web       	IN	6710i2pm9920/l22b85ygw0si	role:web	{role:web,plugin:web,config:{prefix:/seneca}}	ENTRY	(u9b9w)	-	-	-	
2016-02-18T11:11:28.357Z prp5ruxor5al/1455793796921/13336/undefined DEBUG	act	web       	OUT	6710i2pm9920/l22b85ygw0si	role:web	null	EXIT	(u9b9w)	-	-	6	-	
2016-02-18T11:11:28.357Z prp5ruxor5al/1455793796921/13336/undefined DEBUG	act	basic       	IN	mzuneyllnkzs/l22b85ygw0si	cmd:push,note:true,role:basic	{role:basic,note:true,cmd:push,key:admin/units,value:{unit:web-service,spec:{title:Web Services,ng:{}},content:	ENTRY	(le36v)	-	-	-	
2016-02-18T11:11:28.358Z prp5ruxor5al/1455793796921/13336/undefined DEBUG	act	basic       	OUT	mzuneyllnkzs/l22b85ygw0si	cmd:push,note:true,role:basic	null	EXIT	(le36v)	-	-	6	-	
2016-02-18T11:11:28.358Z prp5ruxor5al/1455793796921/13336/undefined DEBUG	act	root$       	IN	coppoa7z1lo0/g0r7lt0tad31	name:redis-transport,plugin:define,role:seneca,seq:6,tag:undefined	{role:seneca,plugin:define,name:redis-transport,tag:null,seq:6}	ENTRY	(phagy)	-	-	GATE	
2016-02-18T11:11:28.359Z prp5ruxor5al/1455793796921/13336/undefined DEBUG	-	-	ACT	coppoa7z1lo0/g0r7lt0tad31	name:redis-transport,plugin:define,role:seneca,seq:6,tag:undefined	register	init	redis-transport		{}
2016-02-18T11:11:28.360Z prp5ruxor5al/1455793796921/13336/undefined DEBUG	-	-	ACT	coppoa7z1lo0/g0r7lt0tad31	name:redis-transport,plugin:define,role:seneca,seq:6,tag:undefined	plugin	redis-transport	ADD	(qpckt)	hook:listen,role:transport,type:redis	hook_listen_redis	
2016-02-18T11:11:28.361Z prp5ruxor5al/1455793796921/13336/undefined DEBUG	-	-	ACT	coppoa7z1lo0/g0r7lt0tad31	name:redis-transport,plugin:define,role:seneca,seq:6,tag:undefined	plugin	redis-transport	ADD	(7gvsd)	hook:client,role:transport,type:redis	hook_client_redis	
2016-02-18T11:11:28.362Z prp5ruxor5al/1455793796921/13336/undefined DEBUG	-	-	ACT	coppoa7z1lo0/g0r7lt0tad31	name:redis-transport,plugin:define,role:seneca,seq:6,tag:undefined	plugin	redis-transport	ADD	(46cci)	hook:listen,role:transport,type:pubsub	hook_listen_redis	
2016-02-18T11:11:28.362Z prp5ruxor5al/1455793796921/13336/undefined DEBUG	-	-	ACT	coppoa7z1lo0/g0r7lt0tad31	name:redis-transport,plugin:define,role:seneca,seq:6,tag:undefined	plugin	redis-transport	ADD	(m3ofg)	hook:client,role:transport,type:pubsub	hook_client_redis	
2016-02-18T11:11:28.362Z prp5ruxor5al/1455793796921/13336/undefined DEBUG	-	-	ACT	coppoa7z1lo0/g0r7lt0tad31	name:redis-transport,plugin:define,role:seneca,seq:6,tag:undefined	plugin	redis-transport	options	set	{"redis-transport":{}}	
2016-02-18T11:11:28.368Z prp5ruxor5al/1455793796921/13336/undefined DEBUG	-	-	ACT	coppoa7z1lo0/g0r7lt0tad31	name:redis-transport,plugin:define,role:seneca,seq:6,tag:undefined	register	install	redis-transport	{exports:[]}	
2016-02-18T11:11:28.370Z prp5ruxor5al/1455793796921/13336/undefined DEBUG	-	-	ACT	coppoa7z1lo0/g0r7lt0tad31	name:redis-transport,plugin:define,role:seneca,seq:6,tag:undefined	act	-	-	DEFAULT	{init:redis-transport,tag:null}	
2016-02-18T11:11:28.370Z prp5ruxor5al/1455793796921/13336/undefined DEBUG	act	-       	OUT	dhg85utogqus/g0r7lt0tad31		{}	EXIT		-	-	1	-	
2016-02-18T11:11:28.370Z prp5ruxor5al/1455793796921/13336/undefined DEBUG	-	-	ACT	coppoa7z1lo0/g0r7lt0tad31	name:redis-transport,plugin:define,role:seneca,seq:6,tag:undefined	register	ready	redis-transport	{}
2016-02-18T11:11:28.370Z prp5ruxor5al/1455793796921/13336/undefined DEBUG	act	root$       	OUT	coppoa7z1lo0/g0r7lt0tad31	name:redis-transport,plugin:define,role:seneca,seq:6,tag:undefined	null	EXIT	(phagy)	-	-	45627	GATE	
2016-02-18T11:11:28.371Z prp5ruxor5al/1455793796921/13336/undefined DEBUG	act	root$       	IN	v7bhgbxt7w6t/5wryfg7as5uv	name:level-store,plugin:define,role:seneca,seq:7,tag:undefined	{role:seneca,plugin:define,name:level-store,tag:null,seq:7}	ENTRY	(jlztw)	-	-	GATE	
2016-02-18T11:11:28.372Z prp5ruxor5al/1455793796921/13336/undefined DEBUG	-	-	ACT	v7bhgbxt7w6t/5wryfg7as5uv	name:level-store,plugin:define,role:seneca,seq:7,tag:undefined	register	init	level-store		{}
2016-02-18T11:11:28.375Z prp5ruxor5al/1455793796921/13336/undefined DEBUG	-	-	ACT	v7bhgbxt7w6t/5wryfg7as5uv	name:level-store,plugin:define,role:seneca,seq:7,tag:undefined	plugin	level-store	ADD	(s4gg2)	cmd:save,role:entity		
2016-02-18T11:11:28.376Z prp5ruxor5al/1455793796921/13336/undefined DEBUG	-	-	ACT	v7bhgbxt7w6t/5wryfg7as5uv	name:level-store,plugin:define,role:seneca,seq:7,tag:undefined	plugin	level-store	ADD	(feyzf)	cmd:load,role:entity		
2016-02-18T11:11:28.377Z prp5ruxor5al/1455793796921/13336/undefined DEBUG	-	-	ACT	v7bhgbxt7w6t/5wryfg7as5uv	name:level-store,plugin:define,role:seneca,seq:7,tag:undefined	plugin	level-store	ADD	(rrjnd)	cmd:list,role:entity		
2016-02-18T11:11:28.378Z prp5ruxor5al/1455793796921/13336/undefined DEBUG	-	-	ACT	v7bhgbxt7w6t/5wryfg7as5uv	name:level-store,plugin:define,role:seneca,seq:7,tag:undefined	plugin	level-store	ADD	(mkxmc)	cmd:remove,role:entity		
2016-02-18T11:11:28.383Z prp5ruxor5al/1455793796921/13336/undefined DEBUG	-	-	ACT	v7bhgbxt7w6t/5wryfg7as5uv	name:level-store,plugin:define,role:seneca,seq:7,tag:undefined	plugin	level-store	ADD	(rgy8p)	cmd:close,role:seneca		
2016-02-18T11:11:28.385Z prp5ruxor5al/1455793796921/13336/undefined DEBUG	-	-	ACT	v7bhgbxt7w6t/5wryfg7as5uv	name:level-store,plugin:define,role:seneca,seq:7,tag:undefined	plugin	level-store	ADD	(e56vd)	cmd:native,role:entity		
2016-02-18T11:11:28.386Z prp5ruxor5al/1455793796921/13336/undefined DEBUG	-	-	ACT	v7bhgbxt7w6t/5wryfg7as5uv	name:level-store,plugin:define,role:seneca,seq:7,tag:undefined	plugin	level-store	options	set	{"level-store":{}}	
2016-02-18T11:11:28.388Z prp5ruxor5al/1455793796921/13336/undefined DEBUG	-	-	ACT	v7bhgbxt7w6t/5wryfg7as5uv	name:level-store,plugin:define,role:seneca,seq:7,tag:undefined	register	install	level-store/1	{exports:[]}	level-store
2016-02-18T11:11:28.390Z prp5ruxor5al/1455793796921/13336/undefined DEBUG	-	-	ACT	v7bhgbxt7w6t/5wryfg7as5uv	name:level-store,plugin:define,role:seneca,seq:7,tag:undefined	act	-	-	DEFAULT	{init:level-store,tag:1}	
2016-02-18T11:11:28.390Z prp5ruxor5al/1455793796921/13336/undefined DEBUG	act	-       	OUT	mogc5tu93qvd/5wryfg7as5uv		{}	EXIT		-	-	1	-	
2016-02-18T11:11:28.391Z prp5ruxor5al/1455793796921/13336/undefined DEBUG	-	-	ACT	v7bhgbxt7w6t/5wryfg7as5uv	name:level-store,plugin:define,role:seneca,seq:7,tag:undefined	register	ready	level-store$1	{}
2016-02-18T11:11:28.391Z prp5ruxor5al/1455793796921/13336/undefined DEBUG	act	root$       	OUT	v7bhgbxt7w6t/5wryfg7as5uv	name:level-store,plugin:define,role:seneca,seq:7,tag:undefined	null	EXIT	(jlztw)	-	-	19237	GATE	
2016-02-18T11:11:28.391Z prp5ruxor5al/1455793796921/13336/undefined DEBUG	act	root$       	IN	s1s05e8rtrmt/w6ojf8k1jczz	name:github,plugin:define,role:seneca,seq:8,tag:undefined	{role:seneca,plugin:define,name:github,tag:null,seq:8}	ENTRY	(pjwx8)	-	-	GATE	
2016-02-18T11:11:28.392Z prp5ruxor5al/1455793796921/13336/undefined DEBUG	-	-	ACT	s1s05e8rtrmt/w6ojf8k1jczz	name:github,plugin:define,role:seneca,seq:8,tag:undefined	register	init	github		{token:NO_TOKEN}
2016-02-18T11:11:28.394Z prp5ruxor5al/1455793796921/13336/undefined DEBUG	-	-	ACT	s1s05e8rtrmt/w6ojf8k1jczz	name:github,plugin:define,role:seneca,seq:8,tag:undefined	plugin	github       	ADD	(lv46w)	cmd:get,role:github	cmd_get	
2016-02-18T11:11:28.397Z prp5ruxor5al/1455793796921/13336/undefined DEBUG	-	-	ACT	s1s05e8rtrmt/w6ojf8k1jczz	name:github,plugin:define,role:seneca,seq:8,tag:undefined	plugin	github       	ADD	(k04in)	cmd:query,role:github	cmd_query	
2016-02-18T11:11:28.398Z prp5ruxor5al/1455793796921/13336/undefined DEBUG	-	-	ACT	s1s05e8rtrmt/w6ojf8k1jczz	name:github,plugin:define,role:seneca,seq:8,tag:undefined	plugin	github       	ADD	(3lqn6)	cmd:parse,role:github	cmd_parse	
2016-02-18T11:11:28.398Z prp5ruxor5al/1455793796921/13336/undefined DEBUG	-	-	ACT	s1s05e8rtrmt/w6ojf8k1jczz	name:github,plugin:define,role:seneca,seq:8,tag:undefined	plugin	github       	options	set	{github:{token:NO_TOKEN}}	
2016-02-18T11:11:28.406Z prp5ruxor5al/1455793796921/13336/undefined DEBUG	-	-	ACT	s1s05e8rtrmt/w6ojf8k1jczz	name:github,plugin:define,role:seneca,seq:8,tag:undefined	register	install	github	{exports:[]}	
2016-02-18T11:11:28.407Z prp5ruxor5al/1455793796921/13336/undefined DEBUG	-	-	ACT	s1s05e8rtrmt/w6ojf8k1jczz	name:github,plugin:define,role:seneca,seq:8,tag:undefined	act	-	-	DEFAULT	{init:github,tag:null}	
2016-02-18T11:11:28.407Z prp5ruxor5al/1455793796921/13336/undefined DEBUG	act	-       	OUT	63hn7nsrb4fn/w6ojf8k1jczz		{}	EXIT		-	-	0	-	
2016-02-18T11:11:28.408Z prp5ruxor5al/1455793796921/13336/undefined DEBUG	-	-	ACT	s1s05e8rtrmt/w6ojf8k1jczz	name:github,plugin:define,role:seneca,seq:8,tag:undefined	register	ready	github	{}
2016-02-18T11:11:28.408Z prp5ruxor5al/1455793796921/13336/undefined DEBUG	act	root$       	OUT	s1s05e8rtrmt/w6ojf8k1jczz	name:github,plugin:define,role:seneca,seq:8,tag:undefined	null	EXIT	(pjwx8)	-	-	15542	GATE	
2016-02-18T11:11:28.409Z prp5ruxor5al/1455793796921/13336/undefined DEBUG	act	root$       	IN	ad07ag8vd81l/ewpzakknfiw0	name:mesh,plugin:define,role:seneca,seq:9,tag:undefined	{role:seneca,plugin:define,name:mesh,tag:null,seq:9}	ENTRY	(cwjci)	-	-	GATE	
2016-02-18T11:11:28.409Z prp5ruxor5al/1455793796921/13336/undefined DEBUG	-	-	ACT	ad07ag8vd81l/ewpzakknfiw0	name:mesh,plugin:define,role:seneca,seq:9,tag:undefined	register	init	mesh		{auto:true,pins:[role:github,role:info,req:part],model:publish}
2016-02-18T11:11:32.375Z prp5ruxor5al/1455793796921/13336/undefined DEBUG	-	-	ACT	ad07ag8vd81l/ewpzakknfiw0	name:mesh,plugin:define,role:seneca,seq:9,tag:undefined	plugin	mesh       	options	set	{transport:{balance:{}}}	
2016-02-18T11:11:32.378Z prp5ruxor5al/1455793796921/13336/undefined DEBUG	-	-	ACT	ad07ag8vd81l/ewpzakknfiw0	name:mesh,plugin:define,role:seneca,seq:9,tag:undefined	plugin	mesh       	ADD	(jczql)	name:balance_client,plugin:define,role:seneca,seq:10,tag:mesh~wdxd25	plugin_definition	
2016-02-18T11:11:32.379Z prp5ruxor5al/1455793796921/13336/undefined DEBUG	-	-	ACT	ad07ag8vd81l/ewpzakknfiw0	name:mesh,plugin:define,role:seneca,seq:9,tag:undefined	plugin	mesh       	ADD	(9hyc9)	cmd:listen,role:transport	transport_listen	
2016-02-18T11:11:32.380Z prp5ruxor5al/1455793796921/13336/undefined INFO	listen	{pin:[role:github,role:info,req:part],model:actor}	
2016-02-18T11:11:32.381Z prp5ruxor5al/1455793796921/13336/undefined DEBUG	-	-	ACT	ad07ag8vd81l/ewpzakknfiw0	name:mesh,plugin:define,role:seneca,seq:9,tag:undefined	plugin	mesh       	options	set	{mesh:{auto:true,pins:[role:github,role:info,req:part],model:publish}}	
2016-02-18T11:11:32.383Z prp5ruxor5al/1455793796921/13336/undefined DEBUG	-	-	ACT	ad07ag8vd81l/ewpzakknfiw0	name:mesh,plugin:define,role:seneca,seq:9,tag:undefined	register	install	mesh	{exports:[]}	
2016-02-18T11:11:32.383Z prp5ruxor5al/1455793796921/13336/undefined DEBUG	-	-	ACT	ad07ag8vd81l/ewpzakknfiw0	name:mesh,plugin:define,role:seneca,seq:9,tag:undefined	act	-	-	DEFAULT	{init:mesh,tag:null}	
2016-02-18T11:11:32.384Z prp5ruxor5al/1455793796921/13336/undefined DEBUG	act	-       	OUT	bwghal15p660/ewpzakknfiw0		{}	EXIT		-	-	0	-	
2016-02-18T11:11:32.384Z prp5ruxor5al/1455793796921/13336/undefined DEBUG	-	-	ACT	ad07ag8vd81l/ewpzakknfiw0	name:mesh,plugin:define,role:seneca,seq:9,tag:undefined	register	ready	mesh	{}
2016-02-18T11:11:32.384Z prp5ruxor5al/1455793796921/13336/undefined DEBUG	act	root$       	OUT	ad07ag8vd81l/ewpzakknfiw0	name:mesh,plugin:define,role:seneca,seq:9,tag:undefined	null	EXIT	(cwjci)	-	-	4185	GATE	
2016-02-18T11:11:32.385Z prp5ruxor5al/1455793796921/13336/undefined DEBUG	act	mesh       	IN	htu4d14x5pob/ewpzakknfiw0	name:balance_client,plugin:define,role:seneca,seq:10,tag:mesh~wdxd25	{role:seneca,plugin:define,name:balance_client,tag:mesh~wdxd25,seq:10}	ENTRY	(jczql)	-	-	GATE	
2016-02-18T11:11:32.386Z prp5ruxor5al/1455793796921/13336/undefined DEBUG	-	-	ACT	ad07ag8vd81l/ewpzakknfiw0	name:mesh,plugin:define,role:seneca,seq:9,tag:undefined	plugin	mesh       	ACT	htu4d14x5pob/ewpzakknfiw0	name:balance_client,plugin:define,role:seneca,seq:10,tag:mesh~wdxd25	register	init	balance_client/mesh~wdxd25		{}
2016-02-18T11:11:32.387Z prp5ruxor5al/1455793796921/13336/undefined DEBUG	-	-	ACT	ad07ag8vd81l/ewpzakknfiw0	name:mesh,plugin:define,role:seneca,seq:9,tag:undefined	plugin	mesh       	ADD	(m8g0k)	hook:client,role:transport,type:balance	hook_client	
2016-02-18T11:11:32.388Z prp5ruxor5al/1455793796921/13336/undefined DEBUG	-	-	ACT	ad07ag8vd81l/ewpzakknfiw0	name:mesh,plugin:define,role:seneca,seq:9,tag:undefined	plugin	mesh       	ADD	(k199a)	add:client,role:transport,type:balance	add_client	
2016-02-18T11:11:32.389Z prp5ruxor5al/1455793796921/13336/undefined DEBUG	-	-	ACT	ad07ag8vd81l/ewpzakknfiw0	name:mesh,plugin:define,role:seneca,seq:9,tag:undefined	plugin	mesh       	ADD	(pbf4t)	remove:client,role:transport,type:balance	remove_client	
2016-02-18T11:11:32.390Z prp5ruxor5al/1455793796921/13336/undefined DEBUG	-	-	ACT	ad07ag8vd81l/ewpzakknfiw0	name:mesh,plugin:define,role:seneca,seq:9,tag:undefined	plugin	mesh       	ACT	htu4d14x5pob/ewpzakknfiw0	name:balance_client,plugin:define,role:seneca,seq:10,tag:mesh~wdxd25	plugin	balance_client/mesh~wdxd25	options	set	{"balance_client/mesh~wdxd25":{}}	
2016-02-18T11:11:32.394Z prp5ruxor5al/1455793796921/13336/undefined DEBUG	-	-	ACT	ad07ag8vd81l/ewpzakknfiw0	name:mesh,plugin:define,role:seneca,seq:9,tag:undefined	plugin	mesh       	ACT	htu4d14x5pob/ewpzakknfiw0	name:balance_client,plugin:define,role:seneca,seq:10,tag:mesh~wdxd25	register	install	balance_client/mesh~wdxd25	{exports:[]}	
2016-02-18T11:11:32.394Z prp5ruxor5al/1455793796921/13336/undefined DEBUG	-	-	ACT	ad07ag8vd81l/ewpzakknfiw0	name:mesh,plugin:define,role:seneca,seq:9,tag:undefined	plugin	mesh       	ACT	htu4d14x5pob/ewpzakknfiw0	name:balance_client,plugin:define,role:seneca,seq:10,tag:mesh~wdxd25	act	-	-	DEFAULT	{init:balance_client,tag:mesh~wdxd25}	
2016-02-18T11:11:32.394Z prp5ruxor5al/1455793796921/13336/undefined DEBUG	act	-       	OUT	sftu1gooc5go/ewpzakknfiw0		{}	EXIT		-	-	0	-	
2016-02-18T11:11:32.395Z prp5ruxor5al/1455793796921/13336/undefined DEBUG	-	-	ACT	ad07ag8vd81l/ewpzakknfiw0	name:mesh,plugin:define,role:seneca,seq:9,tag:undefined	plugin	mesh       	ACT	htu4d14x5pob/ewpzakknfiw0	name:balance_client,plugin:define,role:seneca,seq:10,tag:mesh~wdxd25	register	ready	balance_client$mesh~wdxd25	{}
2016-02-18T11:11:32.396Z prp5ruxor5al/1455793796921/13336/undefined DEBUG	act	mesh       	OUT	htu4d14x5pob/ewpzakknfiw0	name:balance_client,plugin:define,role:seneca,seq:10,tag:mesh~wdxd25	null	EXIT	(jczql)	-	-	16	GATE	
2016-02-18T11:11:32.396Z prp5ruxor5al/1455793796921/13336/undefined DEBUG	act	mesh       	IN	wvrkmymveysa/xez35lphv1fn	cmd:listen,role:transport	{config:{pin:[role:github,role:info,req:part],model:actor,type:web,host:null,path:null},role:transport,cmd:list	ENTRY	(9hyc9)	-	-	GATE	
2016-02-18T11:11:32.397Z prp5ruxor5al/1455793796921/13336/undefined DEBUG	act	transport	IN	tses2msr5ciw/xez35lphv1fn	cmd:listen,role:transport	{config:{pin:[role:github,role:info,req:part],model:actor,type:web,host:null,path:null},role:transport,cmd:list	PRIOR;(9hyc9)	(g8rip)	-	-	GATE	
2016-02-18T11:11:32.399Z prp5ruxor5al/1455793796921/13336/undefined DEBUG	act	transport	IN	6wl273yuy7u3/xez35lphv1fn	hook:listen,role:transport,type:web	{pin:[role:github,role:info,req:part],model:actor,type:web,host:null,path:null,role:transport,hook:listen}	ENTRY	(1tor7)	-	-	-	
2016-02-18T11:11:32.403Z prp5ruxor5al/1455793796921/13336/undefined DEBUG	-	-	ACT	pq8zukt33or0/d667gc4evsvm	name:seneca-k7q8ad,plugin:define,role:seneca,seq:4,tag:undefined	plugin	transport	ACT	6wl273yuy7u3/xez35lphv1fn	hook:listen,role:transport,type:web	ADD	(po3zc)	cmd:close,role:seneca		
2016-02-18T11:11:32.403Z prp5ruxor5al/1455793796921/13336/undefined DEBUG	-	-	ACT	pq8zukt33or0/d667gc4evsvm	name:seneca-k7q8ad,plugin:define,role:seneca,seq:4,tag:undefined	plugin	transport	ACT	6wl273yuy7u3/xez35lphv1fn	hook:listen,role:transport,type:web	listen	{pin:[role:github,role:info,req:part],port:54110,model:actor,type:web,host:0.0.0.0,path:null,role:transport,hoo
2016-02-18T11:11:32.404Z prp5ruxor5al/1455793796921/13336/undefined DEBUG	act	transport	OUT	6wl273yuy7u3/xez35lphv1fn	hook:listen,role:transport,type:web	{pin:[role:github,role:info,req:part],port:54110,model:actor,type:web,host:0.0.0.0,path:null,role:transport,hoo	EXIT	(1tor7)	-	-	4	-	
2016-02-18T11:11:32.404Z prp5ruxor5al/1455793796921/13336/undefined DEBUG	act	transport	OUT	tses2msr5ciw/xez35lphv1fn	cmd:listen,role:transport	{pin:[role:github,role:info,req:part],port:54110,model:actor,type:web,host:0.0.0.0,path:null,role:transport,hoo	PRIOR;(9hyc9)	(g8rip)	-	-	7	GATE	
2016-02-18T11:11:32.420Z prp5ruxor5al/1455793796921/13336/undefined DEBUG	-	-	ACT	ad07ag8vd81l/ewpzakknfiw0	name:mesh,plugin:define,role:seneca,seq:9,tag:undefined	plugin	mesh       	ADD	(fvtxd)	get:members,role:mesh	get_members	
2016-02-18T11:11:32.640Z prp5ruxor5al/1455793796921/13336/undefined INFO	client	{type:balance,pin:role:info,cmd:get,model:actor}	
2016-02-18T11:11:32.641Z prp5ruxor5al/1455793796921/13336/undefined DEBUG	plugin	client$       	ADD	(dhlda)	cmd:get,role:info	transport_client	
2016-02-18T11:11:32.642Z prp5ruxor5al/1455793796921/13336/undefined INFO	client	{type:balance,pin:role:info,res:*,model:actor}	
2016-02-18T11:11:32.644Z prp5ruxor5al/1455793796921/13336/undefined DEBUG	plugin	client$       	ADD	(67l52)	res:*,role:info	transport_client	
2016-02-18T11:11:32.646Z prp5ruxor5al/1455793796921/13336/undefined INFO	client	{type:balance,pin:role:mesh,base:true,model:actor}	
2016-02-18T11:11:32.647Z prp5ruxor5al/1455793796921/13336/undefined DEBUG	plugin	client$       	ADD	(a5aka)	base:true,role:mesh	transport_client	
2016-02-18T11:11:32.649Z prp5ruxor5al/1455793796921/13336/undefined DEBUG	act	mesh       	OUT	wvrkmymveysa/xez35lphv1fn	cmd:listen,role:transport	null	EXIT	(9hyc9)	-	-	269	GATE	
2016-02-18T11:11:32.650Z prp5ruxor5al/1455793796921/13336/undefined DEBUG	act	balance_client/mesh~wdxd25	IN	80lmxd7r7fcm/xez35lphv1fn	add:client,role:transport,type:balance	{config:{port:51531,model:actor,type:web,host:0.0.0.0,path:null,role:transport,hook:listen},role:transport,type	ENTRY	(k199a)	-	-	-	
2016-02-18T11:11:32.650Z prp5ruxor5al/1455793796921/13336/undefined INFO	-	-	ACT	ad07ag8vd81l/ewpzakknfiw0	name:mesh,plugin:define,role:seneca,seq:9,tag:undefined	plugin	mesh       	ACT	80lmxd7r7fcm/xez35lphv1fn	add:client,role:transport,type:balance	client	{port:51531,model:actor,type:web,host:0.0.0.0,path:null,role:transport,hook:listen}	
2016-02-18T11:11:32.652Z prp5ruxor5al/1455793796921/13336/undefined DEBUG	act	balance_client/mesh~wdxd25	OUT	80lmxd7r7fcm/xez35lphv1fn	add:client,role:transport,type:balance	null	EXIT	(k199a)	-	-	10	-	
2016-02-18T11:11:32.652Z prp5ruxor5al/1455793796921/13336/undefined DEBUG	act	balance_client/mesh~wdxd25	IN	3cb4bek37wmy/xez35lphv1fn	add:client,role:transport,type:balance	{config:{port:51531,model:actor,type:web,host:0.0.0.0,path:null,role:transport,hook:listen},role:transport,type	ENTRY	(k199a)	-	-	-	
2016-02-18T11:11:32.653Z prp5ruxor5al/1455793796921/13336/undefined INFO	-	-	ACT	ad07ag8vd81l/ewpzakknfiw0	name:mesh,plugin:define,role:seneca,seq:9,tag:undefined	plugin	mesh       	ACT	3cb4bek37wmy/xez35lphv1fn	add:client,role:transport,type:balance	client	{port:51531,model:actor,type:web,host:0.0.0.0,path:null,role:transport,hook:listen}	
2016-02-18T11:11:32.655Z prp5ruxor5al/1455793796921/13336/undefined DEBUG	act	balance_client/mesh~wdxd25	OUT	3cb4bek37wmy/xez35lphv1fn	add:client,role:transport,type:balance	null	EXIT	(k199a)	-	-	9	-	
2016-02-18T11:11:32.655Z prp5ruxor5al/1455793796921/13336/undefined DEBUG	act	balance_client/mesh~wdxd25	IN	nfowu3p8c542/xez35lphv1fn	add:client,role:transport,type:balance	{config:{port:50937,model:actor,type:web,host:0.0.0.0,path:null,role:transport,hook:listen},role:transport,type	ENTRY	(k199a)	-	-	-	
2016-02-18T11:11:32.655Z prp5ruxor5al/1455793796921/13336/undefined INFO	-	-	ACT	ad07ag8vd81l/ewpzakknfiw0	name:mesh,plugin:define,role:seneca,seq:9,tag:undefined	plugin	mesh       	ACT	nfowu3p8c542/xez35lphv1fn	add:client,role:transport,type:balance	client	{port:50937,model:actor,type:web,host:0.0.0.0,path:null,role:transport,hook:listen}	
2016-02-18T11:11:32.657Z prp5ruxor5al/1455793796921/13336/undefined DEBUG	act	balance_client/mesh~wdxd25	OUT	nfowu3p8c542/xez35lphv1fn	add:client,role:transport,type:balance	null	EXIT	(k199a)	-	-	8	-	
2016-02-18T11:11:32.657Z prp5ruxor5al/1455793796921/13336/undefined DEBUG	act	transport	IN	fd8lht4ser7n/p0b8xwb0k4e9	cmd:client,role:transport	{config:{type:balance,pin:role:info,cmd:get,model:actor,id:0u2mce},role:transport,cmd:client}	ENTRY	(cqn5d)	-	-	GATE	
2016-02-18T11:11:32.658Z prp5ruxor5al/1455793796921/13336/undefined DEBUG	act	balance_client/mesh~wdxd25	IN	i0mure7o4s61/p0b8xwb0k4e9	hook:client,role:transport,type:balance	{type:balance,pin:role:info,cmd:get,model:actor,id:0u2mce,role:transport,hook:client}	ENTRY	(m8g0k)	-	-	-	
2016-02-18T11:11:32.659Z prp5ruxor5al/1455793796921/13336/undefined DEBUG	-	-	ACT	pq8zukt33or0/d667gc4evsvm	name:seneca-k7q8ad,plugin:define,role:seneca,seq:4,tag:undefined	plugin	transport	client	{type:balance,pin:role:info,cmd:get,model:actor,id:0u2mce,role:transport,hook:client}	[{role:info,cmd:get}]
2016-02-18T11:11:32.661Z prp5ruxor5al/1455793796921/13336/undefined DEBUG	act	balance_client/mesh~wdxd25	OUT	i0mure7o4s61/p0b8xwb0k4e9	hook:client,role:transport,type:balance	{id:0u2mce}	EXIT	(m8g0k)	-	-	2	-	
2016-02-18T11:11:32.661Z prp5ruxor5al/1455793796921/13336/undefined DEBUG	act	transport	OUT	fd8lht4ser7n/p0b8xwb0k4e9	cmd:client,role:transport	{id:0u2mce}	EXIT	(cqn5d)	-	-	19	GATE	
2016-02-18T11:11:32.661Z prp5ruxor5al/1455793796921/13336/undefined DEBUG	plugin	client$       	client	sendqueue-clear	{type:balance,pin:role:info,cmd:get,model:actor,id:0u2mce}
2016-02-18T11:11:32.662Z prp5ruxor5al/1455793796921/13336/undefined DEBUG	-	-	ACT	ad07ag8vd81l/ewpzakknfiw0	name:mesh,plugin:define,role:seneca,seq:9,tag:undefined	plugin	mesh       	ADD	(zm12e)	cmd:close,role:seneca		
2016-02-18T11:11:32.662Z prp5ruxor5al/1455793796921/13336/undefined DEBUG	act	transport	IN	sbufac2hr938/0lbh49wjg52i	cmd:client,role:transport	{config:{type:balance,pin:role:info,res:*,model:actor,id:9avadh},role:transport,cmd:client}	ENTRY	(cqn5d)	-	-	GATE	
2016-02-18T11:11:32.663Z prp5ruxor5al/1455793796921/13336/undefined DEBUG	act	balance_client/mesh~wdxd25	IN	quqqj2furyz2/0lbh49wjg52i	hook:client,role:transport,type:balance	{type:balance,pin:role:info,res:*,model:actor,id:9avadh,role:transport,hook:client}	ENTRY	(m8g0k)	-	-	-	
2016-02-18T11:11:32.663Z prp5ruxor5al/1455793796921/13336/undefined DEBUG	-	-	ACT	pq8zukt33or0/d667gc4evsvm	name:seneca-k7q8ad,plugin:define,role:seneca,seq:4,tag:undefined	plugin	transport	client	{type:balance,pin:role:info,res:*,model:actor,id:9avadh,role:transport,hook:client}	[{role:info,res:*}]
2016-02-18T11:11:32.664Z prp5ruxor5al/1455793796921/13336/undefined DEBUG	act	balance_client/mesh~wdxd25	OUT	quqqj2furyz2/0lbh49wjg52i	hook:client,role:transport,type:balance	{id:9avadh}	EXIT	(m8g0k)	-	-	1	-	
2016-02-18T11:11:32.664Z prp5ruxor5al/1455793796921/13336/undefined DEBUG	act	transport	OUT	sbufac2hr938/0lbh49wjg52i	cmd:client,role:transport	{id:9avadh}	EXIT	(cqn5d)	-	-	19	GATE	
2016-02-18T11:11:32.664Z prp5ruxor5al/1455793796921/13336/undefined DEBUG	plugin	client$       	client	sendqueue-clear	{type:balance,pin:role:info,res:*,model:actor,id:9avadh}
2016-02-18T11:11:32.665Z prp5ruxor5al/1455793796921/13336/undefined DEBUG	-	-	ACT	ad07ag8vd81l/ewpzakknfiw0	name:mesh,plugin:define,role:seneca,seq:9,tag:undefined	plugin	mesh       	ADD	(7bzos)	cmd:close,role:seneca		
2016-02-18T11:11:32.665Z prp5ruxor5al/1455793796921/13336/undefined DEBUG	act	transport	IN	ozf0hrc4gvsd/pxyrdqbqp2iz	cmd:client,role:transport	{config:{type:balance,pin:role:mesh,base:true,model:actor,id:6upo0p},role:transport,cmd:client}	ENTRY	(cqn5d)	-	-	GATE	
2016-02-18T11:11:32.666Z prp5ruxor5al/1455793796921/13336/undefined DEBUG	act	balance_client/mesh~wdxd25	IN	ot47jvl16f57/pxyrdqbqp2iz	hook:client,role:transport,type:balance	{type:balance,pin:role:mesh,base:true,model:actor,id:6upo0p,role:transport,hook:client}	ENTRY	(m8g0k)	-	-	-	
2016-02-18T11:11:32.666Z prp5ruxor5al/1455793796921/13336/undefined DEBUG	-	-	ACT	pq8zukt33or0/d667gc4evsvm	name:seneca-k7q8ad,plugin:define,role:seneca,seq:4,tag:undefined	plugin	transport	client	{type:balance,pin:role:mesh,base:true,model:actor,id:6upo0p,role:transport,hook:client}	[{role:mesh,base:true}]
2016-02-18T11:11:32.667Z prp5ruxor5al/1455793796921/13336/undefined DEBUG	act	balance_client/mesh~wdxd25	OUT	ot47jvl16f57/pxyrdqbqp2iz	hook:client,role:transport,type:balance	{id:6upo0p}	EXIT	(m8g0k)	-	-	1	-	
2016-02-18T11:11:32.668Z prp5ruxor5al/1455793796921/13336/undefined DEBUG	act	transport	OUT	ozf0hrc4gvsd/pxyrdqbqp2iz	cmd:client,role:transport	{id:6upo0p}	EXIT	(cqn5d)	-	-	18	GATE	
2016-02-18T11:11:32.668Z prp5ruxor5al/1455793796921/13336/undefined DEBUG	plugin	client$       	client	sendqueue-clear	{type:balance,pin:role:mesh,base:true,model:actor,id:6upo0p}
2016-02-18T11:11:32.668Z prp5ruxor5al/1455793796921/13336/undefined DEBUG	-	-	ACT	ad07ag8vd81l/ewpzakknfiw0	name:mesh,plugin:define,role:seneca,seq:9,tag:undefined	plugin	mesh       	ADD	(mf6nh)	cmd:close,role:seneca		
2016-02-18T11:11:32.668Z prp5ruxor5al/1455793796921/13336/undefined DEBUG	act	transport	IN	b300xwfqzbgp/xez35lphv1fn	cmd:client,role:transport	{config:{port:51531,model:actor,type:web,host:0.0.0.0,path:null,role:transport,hook:listen},role:transport,cmd:	ENTRY	(cqn5d)	-	-	GATE	
2016-02-18T11:11:32.670Z prp5ruxor5al/1455793796921/13336/undefined DEBUG	act	transport	IN	cq4vp443gnic/xez35lphv1fn	hook:client,role:transport,type:web	{port:51531,model:actor,type:web,host:0.0.0.0,path:null,role:transport,hook:client,pin:role:info,cmd:get,id:hoo	ENTRY	(r3ut3)	-	-	-	
2016-02-18T11:11:32.672Z prp5ruxor5al/1455793796921/13336/undefined DEBUG	-	-	ACT	pq8zukt33or0/d667gc4evsvm	name:seneca-k7q8ad,plugin:define,role:seneca,seq:4,tag:undefined	plugin	transport	ACT	cq4vp443gnic/xez35lphv1fn	hook:client,role:transport,type:web	client	{type:web,port:51531,host:0.0.0.0,path:/act,protocol:http,timeout:5555,max_listen_attempts:11,attempt_delay:222	[{role:info,cmd:get}]
2016-02-18T11:11:32.672Z prp5ruxor5al/1455793796921/13336/undefined DEBUG	act	transport	OUT	cq4vp443gnic/xez35lphv1fn	hook:client,role:transport,type:web	{id:hook:listen,host:0.0.0.0,model:actor,path:null,pin:role:info,cmd:get,port:51531,role:transport,type:web}	EXIT	(r3ut3)	-	-	2	-	
2016-02-18T11:11:32.673Z prp5ruxor5al/1455793796921/13336/undefined DEBUG	act	transport	OUT	b300xwfqzbgp/xez35lphv1fn	cmd:client,role:transport	{id:hook:listen,host:0.0.0.0,model:actor,path:null,pin:role:info,cmd:get,port:51531,role:transport,type:web}	EXIT	(cqn5d)	-	-	21	GATE	
2016-02-18T11:11:32.673Z prp5ruxor5al/1455793796921/13336/undefined DEBUG	-	-	ACT	ad07ag8vd81l/ewpzakknfiw0	name:mesh,plugin:define,role:seneca,seq:9,tag:undefined	plugin	mesh       	ACT	80lmxd7r7fcm/xez35lphv1fn	add:client,role:transport,type:balance	plugin	client$       	client	sendqueue-clear	{port:51531,model:actor,type:web,host:0.0.0.0,path:null,role:transport,hook:listen}
2016-02-18T11:11:32.673Z prp5ruxor5al/1455793796921/13336/undefined DEBUG	act	transport	IN	72h6sn6bnccm/xez35lphv1fn	cmd:client,role:transport	{config:{port:51531,model:actor,type:web,host:0.0.0.0,path:null,role:transport,hook:listen},role:transport,cmd:	ENTRY	(cqn5d)	-	-	GATE	
2016-02-18T11:11:32.674Z prp5ruxor5al/1455793796921/13336/undefined DEBUG	act	transport	IN	d94wudio9xc9/xez35lphv1fn	hook:client,role:transport,type:web	{port:51531,model:actor,type:web,host:0.0.0.0,path:null,role:transport,hook:client,pin:role:info,res:*,id:hook:	ENTRY	(r3ut3)	-	-	-	
2016-02-18T11:11:32.674Z prp5ruxor5al/1455793796921/13336/undefined DEBUG	-	-	ACT	pq8zukt33or0/d667gc4evsvm	name:seneca-k7q8ad,plugin:define,role:seneca,seq:4,tag:undefined	plugin	transport	ACT	d94wudio9xc9/xez35lphv1fn	hook:client,role:transport,type:web	client	{type:web,port:51531,host:0.0.0.0,path:/act,protocol:http,timeout:5555,max_listen_attempts:11,attempt_delay:222	[{role:info,res:*}]
2016-02-18T11:11:32.675Z prp5ruxor5al/1455793796921/13336/undefined DEBUG	act	transport	OUT	d94wudio9xc9/xez35lphv1fn	hook:client,role:transport,type:web	{id:hook:listen,host:0.0.0.0,model:actor,path:null,pin:role:info,res:*,port:51531,role:transport,type:web}	EXIT	(r3ut3)	-	-	1	-	
2016-02-18T11:11:32.675Z prp5ruxor5al/1455793796921/13336/undefined DEBUG	act	transport	OUT	72h6sn6bnccm/xez35lphv1fn	cmd:client,role:transport	{id:hook:listen,host:0.0.0.0,model:actor,path:null,pin:role:info,res:*,port:51531,role:transport,type:web}	EXIT	(cqn5d)	-	-	21	GATE	
2016-02-18T11:11:32.675Z prp5ruxor5al/1455793796921/13336/undefined DEBUG	-	-	ACT	ad07ag8vd81l/ewpzakknfiw0	name:mesh,plugin:define,role:seneca,seq:9,tag:undefined	plugin	mesh       	ACT	3cb4bek37wmy/xez35lphv1fn	add:client,role:transport,type:balance	plugin	client$       	client	sendqueue-clear	{port:51531,model:actor,type:web,host:0.0.0.0,path:null,role:transport,hook:listen}
2016-02-18T11:11:32.675Z prp5ruxor5al/1455793796921/13336/undefined DEBUG	act	transport	IN	y4ktk45pcl8u/xez35lphv1fn	cmd:client,role:transport	{config:{port:50937,model:actor,type:web,host:0.0.0.0,path:null,role:transport,hook:listen},role:transport,cmd:	ENTRY	(cqn5d)	-	-	GATE	
2016-02-18T11:11:32.678Z prp5ruxor5al/1455793796921/13336/undefined DEBUG	act	transport	IN	numlkpd5ifm4/xez35lphv1fn	hook:client,role:transport,type:web	{port:50937,model:actor,type:web,host:0.0.0.0,path:null,role:transport,hook:client,pin:role:mesh,base:true,id:h	ENTRY	(r3ut3)	-	-	-	
2016-02-18T11:11:32.679Z prp5ruxor5al/1455793796921/13336/undefined DEBUG	-	-	ACT	pq8zukt33or0/d667gc4evsvm	name:seneca-k7q8ad,plugin:define,role:seneca,seq:4,tag:undefined	plugin	transport	ACT	numlkpd5ifm4/xez35lphv1fn	hook:client,role:transport,type:web	client	{type:web,port:50937,host:0.0.0.0,path:/act,protocol:http,timeout:5555,max_listen_attempts:11,attempt_delay:222	[{role:mesh,base:true}]
2016-02-18T11:11:32.683Z prp5ruxor5al/1455793796921/13336/undefined DEBUG	act	transport	OUT	numlkpd5ifm4/xez35lphv1fn	hook:client,role:transport,type:web	{id:hook:listen,host:0.0.0.0,model:actor,path:null,pin:role:mesh,base:true,port:50937,role:transport,type:web}	EXIT	(r3ut3)	-	-	5	-	
2016-02-18T11:11:32.684Z prp5ruxor5al/1455793796921/13336/undefined DEBUG	act	transport	OUT	y4ktk45pcl8u/xez35lphv1fn	cmd:client,role:transport	{id:hook:listen,host:0.0.0.0,model:actor,path:null,pin:role:mesh,base:true,port:50937,role:transport,type:web}	EXIT	(cqn5d)	-	-	27	GATE	
2016-02-18T11:11:32.684Z prp5ruxor5al/1455793796921/13336/undefined DEBUG	-	-	ACT	ad07ag8vd81l/ewpzakknfiw0	name:mesh,plugin:define,role:seneca,seq:9,tag:undefined	plugin	mesh       	ACT	nfowu3p8c542/xez35lphv1fn	add:client,role:transport,type:balance	plugin	client$       	client	sendqueue-clear	{port:50937,model:actor,type:web,host:0.0.0.0,path:null,role:transport,hook:listen}
2016-02-18T11:11:50.380Z prp5ruxor5al/1455793796921/13336/undefined INFO	client	{type:balance,pin:role:search,model:actor}	
2016-02-18T11:11:50.383Z prp5ruxor5al/1455793796921/13336/undefined DEBUG	plugin	client$       	ADD	(r9mbl)	role:search	transport_client	
2016-02-18T11:11:50.386Z prp5ruxor5al/1455793796921/13336/undefined DEBUG	act	balance_client/mesh~wdxd25	IN	ziwzuiijjffp/xez35lphv1fn	add:client,role:transport,type:balance	{config:{port:51071,model:actor,type:web,host:0.0.0.0,path:null,role:transport,hook:listen},role:transport,type	ENTRY	(k199a)	-	-	-	
2016-02-18T11:11:50.387Z prp5ruxor5al/1455793796921/13336/undefined INFO	-	-	ACT	ad07ag8vd81l/ewpzakknfiw0	name:mesh,plugin:define,role:seneca,seq:9,tag:undefined	plugin	mesh       	ACT	ziwzuiijjffp/xez35lphv1fn	add:client,role:transport,type:balance	client	{port:51071,model:actor,type:web,host:0.0.0.0,path:null,role:transport,hook:listen}	
2016-02-18T11:11:50.390Z prp5ruxor5al/1455793796921/13336/undefined DEBUG	act	balance_client/mesh~wdxd25	OUT	ziwzuiijjffp/xez35lphv1fn	add:client,role:transport,type:balance	null	EXIT	(k199a)	-	-	4	-	
2016-02-18T11:11:50.390Z prp5ruxor5al/1455793796921/13336/undefined DEBUG	act	transport	IN	e9pybto1z7p2/1j7rsgwk3goh	cmd:client,role:transport	{config:{type:balance,pin:role:search,model:actor,id:9grjxq},role:transport,cmd:client}	ENTRY	(cqn5d)	-	-	GATE	
2016-02-18T11:11:50.393Z prp5ruxor5al/1455793796921/13336/undefined DEBUG	act	balance_client/mesh~wdxd25	IN	c1d8xyc4ymdq/1j7rsgwk3goh	hook:client,role:transport,type:balance	{type:balance,pin:role:search,model:actor,id:9grjxq,role:transport,hook:client}	ENTRY	(m8g0k)	-	-	-	
2016-02-18T11:11:50.393Z prp5ruxor5al/1455793796921/13336/undefined DEBUG	-	-	ACT	pq8zukt33or0/d667gc4evsvm	name:seneca-k7q8ad,plugin:define,role:seneca,seq:4,tag:undefined	plugin	transport	client	{type:balance,pin:role:search,model:actor,id:9grjxq,role:transport,hook:client}	[{role:search}]
2016-02-18T11:11:50.394Z prp5ruxor5al/1455793796921/13336/undefined DEBUG	act	balance_client/mesh~wdxd25	OUT	c1d8xyc4ymdq/1j7rsgwk3goh	hook:client,role:transport,type:balance	{id:9grjxq}	EXIT	(m8g0k)	-	-	2	-	
2016-02-18T11:11:50.396Z prp5ruxor5al/1455793796921/13336/undefined DEBUG	act	transport	OUT	e9pybto1z7p2/1j7rsgwk3goh	cmd:client,role:transport	{id:9grjxq}	EXIT	(cqn5d)	-	-	10	GATE	
2016-02-18T11:11:50.396Z prp5ruxor5al/1455793796921/13336/undefined DEBUG	plugin	client$       	client	sendqueue-clear	{type:balance,pin:role:search,model:actor,id:9grjxq}
2016-02-18T11:11:50.397Z prp5ruxor5al/1455793796921/13336/undefined DEBUG	-	-	ACT	ad07ag8vd81l/ewpzakknfiw0	name:mesh,plugin:define,role:seneca,seq:9,tag:undefined	plugin	mesh       	ADD	(jg30r)	cmd:close,role:seneca		
2016-02-18T11:11:50.398Z prp5ruxor5al/1455793796921/13336/undefined DEBUG	act	transport	IN	56r3un6ss8x4/xez35lphv1fn	cmd:client,role:transport	{config:{port:51071,model:actor,type:web,host:0.0.0.0,path:null,role:transport,hook:listen},role:transport,cmd:	ENTRY	(cqn5d)	-	-	GATE	
2016-02-18T11:11:50.399Z prp5ruxor5al/1455793796921/13336/undefined DEBUG	act	transport	IN	o6s5rj8c7xs3/xez35lphv1fn	hook:client,role:transport,type:web	{port:51071,model:actor,type:web,host:0.0.0.0,path:null,role:transport,hook:client,pin:role:search,id:hook:list	ENTRY	(r3ut3)	-	-	-	
2016-02-18T11:11:50.400Z prp5ruxor5al/1455793796921/13336/undefined DEBUG	-	-	ACT	pq8zukt33or0/d667gc4evsvm	name:seneca-k7q8ad,plugin:define,role:seneca,seq:4,tag:undefined	plugin	transport	ACT	o6s5rj8c7xs3/xez35lphv1fn	hook:client,role:transport,type:web	client	{type:web,port:51071,host:0.0.0.0,path:/act,protocol:http,timeout:5555,max_listen_attempts:11,attempt_delay:222	[{role:search}]
2016-02-18T11:11:50.401Z prp5ruxor5al/1455793796921/13336/undefined DEBUG	act	transport	OUT	o6s5rj8c7xs3/xez35lphv1fn	hook:client,role:transport,type:web	{id:hook:listen,host:0.0.0.0,model:actor,path:null,pin:role:search,port:51071,role:transport,type:web}	EXIT	(r3ut3)	-	-	2	-	
2016-02-18T11:11:50.402Z prp5ruxor5al/1455793796921/13336/undefined DEBUG	act	transport	OUT	56r3un6ss8x4/xez35lphv1fn	cmd:client,role:transport	{id:hook:listen,host:0.0.0.0,model:actor,path:null,pin:role:search,port:51071,role:transport,type:web}	EXIT	(cqn5d)	-	-	12	GATE	
2016-02-18T11:11:50.402Z prp5ruxor5al/1455793796921/13336/undefined DEBUG	-	-	ACT	ad07ag8vd81l/ewpzakknfiw0	name:mesh,plugin:define,role:seneca,seq:9,tag:undefined	plugin	mesh       	ACT	ziwzuiijjffp/xez35lphv1fn	add:client,role:transport,type:balance	plugin	client$       	client	sendqueue-clear	{port:51071,model:actor,type:web,host:0.0.0.0,path:null,role:transport,hook:listen}
2016-02-18T11:11:50.672Z prp5ruxor5al/1455793796921/13336/undefined DEBUG	act	balance_client/mesh~wdxd25	IN	kesitckcplin/xez35lphv1fn	remove:client,role:transport,type:balance	{config:{port:51071,model:actor,type:web,host:0.0.0.0,path:null,role:transport,hook:listen},role:transport,type	ENTRY	(pbf4t)	-	-	-	
2016-02-18T11:11:50.680Z prp5ruxor5al/1455793796921/13336/undefined DEBUG	act	balance_client/mesh~wdxd25	OUT	kesitckcplin/xez35lphv1fn	remove:client,role:transport,type:balance	null	EXIT	(pbf4t)	-	-	8	-	
2016-02-18T11:11:57.649Z prp5ruxor5al/1455793796921/13336/undefined INFO	client	{type:balance,pin:role:npm,model:actor}	
2016-02-18T11:11:57.653Z prp5ruxor5al/1455793796921/13336/undefined DEBUG	plugin	client$       	ADD	(i3in8)	role:npm	transport_client	
2016-02-18T11:11:57.655Z prp5ruxor5al/1455793796921/13336/undefined DEBUG	act	balance_client/mesh~wdxd25	IN	d1rng6r7hhue/xez35lphv1fn	add:client,role:transport,type:balance	{config:{port:52795,model:actor,type:web,host:0.0.0.0,path:null,role:transport,hook:listen},role:transport,type	ENTRY	(k199a)	-	-	-	
2016-02-18T11:11:57.656Z prp5ruxor5al/1455793796921/13336/undefined INFO	-	-	ACT	ad07ag8vd81l/ewpzakknfiw0	name:mesh,plugin:define,role:seneca,seq:9,tag:undefined	plugin	mesh       	ACT	d1rng6r7hhue/xez35lphv1fn	add:client,role:transport,type:balance	client	{port:52795,model:actor,type:web,host:0.0.0.0,path:null,role:transport,hook:listen}	
2016-02-18T11:11:57.661Z prp5ruxor5al/1455793796921/13336/undefined DEBUG	act	balance_client/mesh~wdxd25	OUT	d1rng6r7hhue/xez35lphv1fn	add:client,role:transport,type:balance	null	EXIT	(k199a)	-	-	7	-	
2016-02-18T11:11:57.662Z prp5ruxor5al/1455793796921/13336/undefined DEBUG	act	transport	IN	44djblmyvn62/r8ulzhodyruw	cmd:client,role:transport	{config:{type:balance,pin:role:npm,model:actor,id:zidqbz},role:transport,cmd:client}	ENTRY	(cqn5d)	-	-	GATE	
2016-02-18T11:11:57.664Z prp5ruxor5al/1455793796921/13336/undefined DEBUG	act	balance_client/mesh~wdxd25	IN	7awfu4ips1ir/r8ulzhodyruw	hook:client,role:transport,type:balance	{type:balance,pin:role:npm,model:actor,id:zidqbz,role:transport,hook:client}	ENTRY	(m8g0k)	-	-	-	
2016-02-18T11:11:57.665Z prp5ruxor5al/1455793796921/13336/undefined DEBUG	-	-	ACT	pq8zukt33or0/d667gc4evsvm	name:seneca-k7q8ad,plugin:define,role:seneca,seq:4,tag:undefined	plugin	transport	client	{type:balance,pin:role:npm,model:actor,id:zidqbz,role:transport,hook:client}	[{role:npm}]
2016-02-18T11:11:57.667Z prp5ruxor5al/1455793796921/13336/undefined DEBUG	act	balance_client/mesh~wdxd25	OUT	7awfu4ips1ir/r8ulzhodyruw	hook:client,role:transport,type:balance	{id:zidqbz}	EXIT	(m8g0k)	-	-	3	-	
2016-02-18T11:11:57.668Z prp5ruxor5al/1455793796921/13336/undefined DEBUG	act	transport	OUT	44djblmyvn62/r8ulzhodyruw	cmd:client,role:transport	{id:zidqbz}	EXIT	(cqn5d)	-	-	14	GATE	
2016-02-18T11:11:57.668Z prp5ruxor5al/1455793796921/13336/undefined DEBUG	plugin	client$       	client	sendqueue-clear	{type:balance,pin:role:npm,model:actor,id:zidqbz}
2016-02-18T11:11:57.669Z prp5ruxor5al/1455793796921/13336/undefined DEBUG	-	-	ACT	ad07ag8vd81l/ewpzakknfiw0	name:mesh,plugin:define,role:seneca,seq:9,tag:undefined	plugin	mesh       	ADD	(xscu9)	cmd:close,role:seneca		
2016-02-18T11:11:57.670Z prp5ruxor5al/1455793796921/13336/undefined DEBUG	act	transport	IN	bvn6dv1izyjk/xez35lphv1fn	cmd:client,role:transport	{config:{port:52795,model:actor,type:web,host:0.0.0.0,path:null,role:transport,hook:listen},role:transport,cmd:	ENTRY	(cqn5d)	-	-	GATE	
2016-02-18T11:11:57.671Z prp5ruxor5al/1455793796921/13336/undefined DEBUG	act	transport	IN	imtoxcsianzn/xez35lphv1fn	hook:client,role:transport,type:web	{port:52795,model:actor,type:web,host:0.0.0.0,path:null,role:transport,hook:client,pin:role:npm,id:hook:listen,	ENTRY	(r3ut3)	-	-	-	
2016-02-18T11:11:57.672Z prp5ruxor5al/1455793796921/13336/undefined DEBUG	-	-	ACT	pq8zukt33or0/d667gc4evsvm	name:seneca-k7q8ad,plugin:define,role:seneca,seq:4,tag:undefined	plugin	transport	ACT	imtoxcsianzn/xez35lphv1fn	hook:client,role:transport,type:web	client	{type:web,port:52795,host:0.0.0.0,path:/act,protocol:http,timeout:5555,max_listen_attempts:11,attempt_delay:222	[{role:npm}]
2016-02-18T11:11:57.673Z prp5ruxor5al/1455793796921/13336/undefined DEBUG	act	transport	OUT	imtoxcsianzn/xez35lphv1fn	hook:client,role:transport,type:web	{id:hook:listen,host:0.0.0.0,model:actor,path:null,pin:role:npm,port:52795,role:transport,type:web}	EXIT	(r3ut3)	-	-	2	-	
2016-02-18T11:11:57.683Z prp5ruxor5al/1455793796921/13336/undefined DEBUG	act	transport	OUT	bvn6dv1izyjk/xez35lphv1fn	cmd:client,role:transport	{id:hook:listen,host:0.0.0.0,model:actor,path:null,pin:role:npm,port:52795,role:transport,type:web}	EXIT	(cqn5d)	-	-	18	GATE	
2016-02-18T11:11:57.685Z prp5ruxor5al/1455793796921/13336/undefined DEBUG	-	-	ACT	ad07ag8vd81l/ewpzakknfiw0	name:mesh,plugin:define,role:seneca,seq:9,tag:undefined	plugin	mesh       	ACT	d1rng6r7hhue/xez35lphv1fn	add:client,role:transport,type:balance	plugin	client$       	client	sendqueue-clear	{port:52795,model:actor,type:web,host:0.0.0.0,path:null,role:transport,hook:listen}
2016-02-18T11:12:24.419Z prp5ruxor5al/1455793796921/13336/undefined DEBUG	act	balance_client/mesh~wdxd25	IN	gze33vq8jq7l/xez35lphv1fn	add:client,role:transport,type:balance	{config:{port:53918,model:actor,type:web,host:0.0.0.0,path:null,role:transport,hook:listen},role:transport,type	ENTRY	(k199a)	-	-	-	
2016-02-18T11:12:24.421Z prp5ruxor5al/1455793796921/13336/undefined INFO	-	-	ACT	ad07ag8vd81l/ewpzakknfiw0	name:mesh,plugin:define,role:seneca,seq:9,tag:undefined	plugin	mesh       	ACT	gze33vq8jq7l/xez35lphv1fn	add:client,role:transport,type:balance	client	{port:53918,model:actor,type:web,host:0.0.0.0,path:null,role:transport,hook:listen}	
2016-02-18T11:12:24.425Z prp5ruxor5al/1455793796921/13336/undefined DEBUG	act	balance_client/mesh~wdxd25	OUT	gze33vq8jq7l/xez35lphv1fn	add:client,role:transport,type:balance	null	EXIT	(k199a)	-	-	11	-	
2016-02-18T11:12:24.427Z prp5ruxor5al/1455793796921/13336/undefined DEBUG	act	transport	IN	19sjjsaiscee/xez35lphv1fn	cmd:client,role:transport	{config:{port:53918,model:actor,type:web,host:0.0.0.0,path:null,role:transport,hook:listen},role:transport,cmd:	ENTRY	(cqn5d)	-	-	GATE	
2016-02-18T11:12:24.428Z prp5ruxor5al/1455793796921/13336/undefined DEBUG	act	transport	IN	1jusz0byyi03/xez35lphv1fn	hook:client,role:transport,type:web	{port:53918,model:actor,type:web,host:0.0.0.0,path:null,role:transport,hook:client,pin:role:search,id:hook:list	ENTRY	(r3ut3)	-	-	-	
2016-02-18T11:12:24.430Z prp5ruxor5al/1455793796921/13336/undefined DEBUG	-	-	ACT	pq8zukt33or0/d667gc4evsvm	name:seneca-k7q8ad,plugin:define,role:seneca,seq:4,tag:undefined	plugin	transport	ACT	1jusz0byyi03/xez35lphv1fn	hook:client,role:transport,type:web	client	{type:web,port:53918,host:0.0.0.0,path:/act,protocol:http,timeout:5555,max_listen_attempts:11,attempt_delay:222	[{role:search}]
2016-02-18T11:12:24.431Z prp5ruxor5al/1455793796921/13336/undefined DEBUG	act	transport	OUT	1jusz0byyi03/xez35lphv1fn	hook:client,role:transport,type:web	{id:hook:listen,host:0.0.0.0,model:actor,path:null,pin:role:search,port:53918,role:transport,type:web}	EXIT	(r3ut3)	-	-	3	-	
2016-02-18T11:12:24.434Z prp5ruxor5al/1455793796921/13336/undefined DEBUG	act	transport	OUT	19sjjsaiscee/xez35lphv1fn	cmd:client,role:transport	{id:hook:listen,host:0.0.0.0,model:actor,path:null,pin:role:search,port:53918,role:transport,type:web}	EXIT	(cqn5d)	-	-	6	GATE	
2016-02-18T11:12:24.435Z prp5ruxor5al/1455793796921/13336/undefined DEBUG	-	-	ACT	ad07ag8vd81l/ewpzakknfiw0	name:mesh,plugin:define,role:seneca,seq:9,tag:undefined	plugin	mesh       	ACT	gze33vq8jq7l/xez35lphv1fn	add:client,role:transport,type:balance	plugin	client$       	client	sendqueue-clear	{port:53918,model:actor,type:web,host:0.0.0.0,path:null,role:transport,hook:listen}
2016-02-18T11:12:24.860Z prp5ruxor5al/1455793796921/13336/undefined DEBUG	act	balance_client/mesh~wdxd25	IN	3jk90pzi9ah5/xez35lphv1fn	remove:client,role:transport,type:balance	{config:{port:53918,model:actor,type:web,host:0.0.0.0,path:null,role:transport,hook:listen},role:transport,type	ENTRY	(pbf4t)	-	-	-	
2016-02-18T11:12:24.862Z prp5ruxor5al/1455793796921/13336/undefined DEBUG	act	balance_client/mesh~wdxd25	OUT	3jk90pzi9ah5/xez35lphv1fn	remove:client,role:transport,type:balance	null	EXIT	(pbf4t)	-	-	2	-	
2016-02-18T11:12:28.754Z prp5ruxor5al/1455793796921/13336/undefined DEBUG	act	balance_client/mesh~wdxd25	IN	di3ujaz1he5u/xez35lphv1fn	remove:client,role:transport,type:balance	{config:{port:50937,model:actor,type:web,host:0.0.0.0,path:null,role:transport,hook:listen},role:transport,type	ENTRY	(pbf4t)	-	-	-	
2016-02-18T11:12:28.756Z prp5ruxor5al/1455793796921/13336/undefined DEBUG	act	balance_client/mesh~wdxd25	OUT	di3ujaz1he5u/xez35lphv1fn	remove:client,role:transport,type:balance	null	EXIT	(pbf4t)	-	-	1	-	
