2016-02-18T11:09:56.932Z ak93xtubgfty/1455793796921/13337/undefined INFO	hello	Seneca/1.2.0/ak93xtubgfty/1455793796921/13337/undefined	
2016-02-18T11:09:56.953Z ak93xtubgfty/1455793796921/13337/undefined DEBUG	options	{ tag: 'undefined',   idlen: 12,   timeout: 11111,   default_plugins:     { basic: true,      cluster: true,      entity: true,      'mem-store': true,      repl: true,      transport: true,      web: true },   debug:     { fragile: false,      undead: false,      print: { options: false },      act_caller: false,      short_logs: false,      callpoint: false },   strict: { result: true, fixedargs: true, add: false, find: true },   actcache: { active: true, size: 11111 },   trace: { act: false, stack: false, unknown: 'warn' },   stats: { size: 1024, interval: 60000, running: false },   deathdelay: 11111,   admin: { local: false, prefix: '/admin' },   plugin: {},   internal:     { close_signals: { SIGHUP: true, SIGTERM: true, SIGINT: true, SIGBREAK: true },      actrouter: ,      subrouter:  },   status: { interval: 60000, running: false },   zig: {},   log:     { map:        [ { level: 'all',           handler: { [Function: print] routestr: '{ level: \'fatal\' }' } } ] } }
2016-02-18T11:09:56.973Z ak93xtubgfty/1455793796921/13337/undefined DEBUG	ADD	(v2yfz)	cmd:stats,role:seneca	action_seneca_stats	
2016-02-18T11:09:56.974Z ak93xtubgfty/1455793796921/13337/undefined DEBUG	ADD	(2zc8y)	cmd:close,role:seneca	action_seneca_close	
2016-02-18T11:09:56.974Z ak93xtubgfty/1455793796921/13337/undefined DEBUG	ADD	(apbuo)	info:fatal,role:seneca	action_seneca_fatal	
2016-02-18T11:09:56.975Z ak93xtubgfty/1455793796921/13337/undefined DEBUG	ADD	(24rzt)	get:options,role:seneca	action_options_get	
2016-02-18T11:09:56.976Z ak93xtubgfty/1455793796921/13337/undefined DEBUG	ADD	(3w4cn)	role:seneca,stats:true	action_seneca_stats	
2016-02-18T11:09:56.976Z ak93xtubgfty/1455793796921/13337/undefined DEBUG	ADD	(luq0i)	cmd:get,role:options	action_options_get	
2016-02-18T11:10:01.093Z ak93xtubgfty/1455793796921/13337/undefined DEBUG	ADD	(icdj2)	name:basic,plugin:define,role:seneca,seq:1,tag:undefined	plugin_definition	
2016-02-18T11:10:03.052Z ak93xtubgfty/1455793796921/13337/undefined DEBUG	ADD	(g55jj)	name:seneca-ap4svv,plugin:define,role:seneca,seq:2,tag:undefined	plugin_definition	
2016-02-18T11:10:04.090Z ak93xtubgfty/1455793796921/13337/undefined DEBUG	ADD	(opzwn)	name:seneca-hltgl3,plugin:define,role:seneca,seq:3,tag:undefined	plugin_definition	
2016-02-18T11:10:17.629Z ak93xtubgfty/1455793796921/13337/undefined DEBUG	ADD	(qvi94)	name:seneca-jbacqv,plugin:define,role:seneca,seq:4,tag:undefined	plugin_definition	
2016-02-18T11:10:36.671Z ak93xtubgfty/1455793796921/13337/undefined DEBUG	ADD	(6yljo)	name:seneca-6rvwv2,plugin:define,role:seneca,seq:5,tag:undefined	plugin_definition	
2016-02-18T11:10:37.389Z ak93xtubgfty/1455793796921/13337/undefined DEBUG	ADD	(3wc5p)	name:info,plugin:define,role:seneca,seq:6,tag:undefined	plugin_definition	
2016-02-18T11:10:37.390Z ak93xtubgfty/1455793796921/13337/undefined INFO	listen	44001	
2016-02-18T11:10:48.531Z ak93xtubgfty/1455793796921/13337/undefined DEBUG	ADD	(bxs0e)	name:mesh,plugin:define,role:seneca,seq:7,tag:undefined	plugin_definition	
2016-02-18T11:11:19.001Z ak93xtubgfty/1455793796921/13337/undefined DEBUG	ADD	(b1w1b)	name:msgstats,plugin:define,role:seneca,seq:8,tag:undefined	plugin_definition	
2016-02-18T11:11:19.006Z ak93xtubgfty/1455793796921/13337/undefined DEBUG	act	root$       	IN	c9jaibv2gpe4/k8rdatmt8pmq	name:basic,plugin:define,role:seneca,seq:1,tag:undefined	{role:seneca,plugin:define,name:basic,tag:null,seq:1}	ENTRY	(icdj2)	-	-	GATE	
2016-02-18T11:11:19.010Z ak93xtubgfty/1455793796921/13337/undefined DEBUG	-	-	ACT	c9jaibv2gpe4/k8rdatmt8pmq	name:basic,plugin:define,role:seneca,seq:1,tag:undefined	register	init	basic		{}
2016-02-18T11:11:19.012Z ak93xtubgfty/1455793796921/13337/undefined DEBUG	-	-	ACT	c9jaibv2gpe4/k8rdatmt8pmq	name:basic,plugin:define,role:seneca,seq:1,tag:undefined	plugin	basic       	ADD	(6bwsr)	cmd:quickcode,role:basic	quickcode	
2016-02-18T11:11:19.013Z ak93xtubgfty/1455793796921/13337/undefined DEBUG	-	-	ACT	c9jaibv2gpe4/k8rdatmt8pmq	name:basic,plugin:define,role:seneca,seq:1,tag:undefined	plugin	basic       	ADD	(3urkz)	cmd:generate_id,role:basic	generate_id	
2016-02-18T11:11:19.014Z ak93xtubgfty/1455793796921/13337/undefined DEBUG	-	-	ACT	c9jaibv2gpe4/k8rdatmt8pmq	name:basic,plugin:define,role:seneca,seq:1,tag:undefined	plugin	basic       	ADD	(o9ze1)	cmd:quickcode,role:util	quickcode	
2016-02-18T11:11:19.015Z ak93xtubgfty/1455793796921/13337/undefined DEBUG	-	-	ACT	c9jaibv2gpe4/k8rdatmt8pmq	name:basic,plugin:define,role:seneca,seq:1,tag:undefined	plugin	basic       	ADD	(6kxyk)	cmd:generate_id,role:util	generate_id	
2016-02-18T11:11:19.016Z ak93xtubgfty/1455793796921/13337/undefined DEBUG	-	-	ACT	c9jaibv2gpe4/k8rdatmt8pmq	name:basic,plugin:define,role:seneca,seq:1,tag:undefined	plugin	basic       	ADD	(tuw34)	cmd:ensure_entity,role:basic	ensure_entity	
2016-02-18T11:11:19.017Z ak93xtubgfty/1455793796921/13337/undefined DEBUG	-	-	ACT	c9jaibv2gpe4/k8rdatmt8pmq	name:basic,plugin:define,role:seneca,seq:1,tag:undefined	plugin	basic       	ADD	(o0ikl)	cmd:define_sys_entity,role:basic	define_sys_entity	
2016-02-18T11:11:19.019Z ak93xtubgfty/1455793796921/13337/undefined DEBUG	-	-	ACT	c9jaibv2gpe4/k8rdatmt8pmq	name:basic,plugin:define,role:seneca,seq:1,tag:undefined	plugin	basic       	ADD	(mxzeg)	cmd:ensure_entity,role:util	ensure_entity	
2016-02-18T11:11:19.020Z ak93xtubgfty/1455793796921/13337/undefined DEBUG	-	-	ACT	c9jaibv2gpe4/k8rdatmt8pmq	name:basic,plugin:define,role:seneca,seq:1,tag:undefined	plugin	basic       	ADD	(2n50d)	cmd:define_sys_entity,role:util	define_sys_entity	
2016-02-18T11:11:19.021Z ak93xtubgfty/1455793796921/13337/undefined DEBUG	-	-	ACT	c9jaibv2gpe4/k8rdatmt8pmq	name:basic,plugin:define,role:seneca,seq:1,tag:undefined	plugin	basic       	ADD	(u0z66)	cmd:set,note:true,role:basic	set	
2016-02-18T11:11:19.021Z ak93xtubgfty/1455793796921/13337/undefined DEBUG	-	-	ACT	c9jaibv2gpe4/k8rdatmt8pmq	name:basic,plugin:define,role:seneca,seq:1,tag:undefined	plugin	basic       	ADD	(3kc13)	cmd:get,note:true,role:basic	get	
2016-02-18T11:11:19.022Z ak93xtubgfty/1455793796921/13337/undefined DEBUG	-	-	ACT	c9jaibv2gpe4/k8rdatmt8pmq	name:basic,plugin:define,role:seneca,seq:1,tag:undefined	plugin	basic       	ADD	(xvuyq)	cmd:list,note:true,role:basic	list	
2016-02-18T11:11:19.023Z ak93xtubgfty/1455793796921/13337/undefined DEBUG	-	-	ACT	c9jaibv2gpe4/k8rdatmt8pmq	name:basic,plugin:define,role:seneca,seq:1,tag:undefined	plugin	basic       	ADD	(no1e4)	cmd:push,note:true,role:basic	push	
2016-02-18T11:11:19.024Z ak93xtubgfty/1455793796921/13337/undefined DEBUG	-	-	ACT	c9jaibv2gpe4/k8rdatmt8pmq	name:basic,plugin:define,role:seneca,seq:1,tag:undefined	plugin	basic       	ADD	(l6kdt)	cmd:pop,note:true,role:basic	pop	
2016-02-18T11:11:19.028Z ak93xtubgfty/1455793796921/13337/undefined DEBUG	-	-	ACT	c9jaibv2gpe4/k8rdatmt8pmq	name:basic,plugin:define,role:seneca,seq:1,tag:undefined	plugin	basic       	ADD	(9nluk)	cmd:set,note:true,role:util	set	
2016-02-18T11:11:19.029Z ak93xtubgfty/1455793796921/13337/undefined DEBUG	-	-	ACT	c9jaibv2gpe4/k8rdatmt8pmq	name:basic,plugin:define,role:seneca,seq:1,tag:undefined	plugin	basic       	ADD	(27w5p)	cmd:get,note:true,role:util	get	
2016-02-18T11:11:19.033Z ak93xtubgfty/1455793796921/13337/undefined DEBUG	-	-	ACT	c9jaibv2gpe4/k8rdatmt8pmq	name:basic,plugin:define,role:seneca,seq:1,tag:undefined	plugin	basic       	ADD	(wq5eg)	cmd:list,note:true,role:util	list	
2016-02-18T11:11:19.035Z ak93xtubgfty/1455793796921/13337/undefined DEBUG	-	-	ACT	c9jaibv2gpe4/k8rdatmt8pmq	name:basic,plugin:define,role:seneca,seq:1,tag:undefined	plugin	basic       	ADD	(wc5b0)	cmd:push,note:true,role:util	push	
2016-02-18T11:11:19.036Z ak93xtubgfty/1455793796921/13337/undefined DEBUG	-	-	ACT	c9jaibv2gpe4/k8rdatmt8pmq	name:basic,plugin:define,role:seneca,seq:1,tag:undefined	plugin	basic       	ADD	(ixbjd)	cmd:pop,note:true,role:util	pop	
2016-02-18T11:11:19.036Z ak93xtubgfty/1455793796921/13337/undefined DEBUG	-	-	ACT	c9jaibv2gpe4/k8rdatmt8pmq	name:basic,plugin:define,role:seneca,seq:1,tag:undefined	plugin	basic       	options	set	{basic:{}}	
2016-02-18T11:11:19.044Z ak93xtubgfty/1455793796921/13337/undefined DEBUG	-	-	ACT	c9jaibv2gpe4/k8rdatmt8pmq	name:basic,plugin:define,role:seneca,seq:1,tag:undefined	register	install	basic	{exports:[basic]}	
2016-02-18T11:11:19.046Z ak93xtubgfty/1455793796921/13337/undefined DEBUG	-	-	ACT	c9jaibv2gpe4/k8rdatmt8pmq	name:basic,plugin:define,role:seneca,seq:1,tag:undefined	act	-	-	DEFAULT	{init:basic,tag:null}	
2016-02-18T11:11:19.047Z ak93xtubgfty/1455793796921/13337/undefined DEBUG	act	-       	OUT	bk17vv3j4hs6/k8rdatmt8pmq		{}	EXIT		-	-	1	-	
2016-02-18T11:11:19.048Z ak93xtubgfty/1455793796921/13337/undefined DEBUG	-	-	ACT	c9jaibv2gpe4/k8rdatmt8pmq	name:basic,plugin:define,role:seneca,seq:1,tag:undefined	register	ready	basic	{}
2016-02-18T11:11:19.049Z ak93xtubgfty/1455793796921/13337/undefined DEBUG	act	root$       	OUT	c9jaibv2gpe4/k8rdatmt8pmq	name:basic,plugin:define,role:seneca,seq:1,tag:undefined	null	EXIT	(icdj2)	-	-	77954	GATE	
2016-02-18T11:11:19.050Z ak93xtubgfty/1455793796921/13337/undefined DEBUG	act	root$       	IN	mw9x9vrsq9gi/l2wcg4r3gy7q	name:seneca-ap4svv,plugin:define,role:seneca,seq:2,tag:undefined	{role:seneca,plugin:define,name:seneca-ap4svv,tag:null,seq:2}	ENTRY	(g55jj)	-	-	GATE	
2016-02-18T11:11:19.051Z ak93xtubgfty/1455793796921/13337/undefined DEBUG	-	-	ACT	mw9x9vrsq9gi/l2wcg4r3gy7q	name:seneca-ap4svv,plugin:define,role:seneca,seq:2,tag:undefined	register	init	seneca-ap4svv		{}
2016-02-18T11:11:19.052Z ak93xtubgfty/1455793796921/13337/undefined DEBUG	-	-	ACT	mw9x9vrsq9gi/l2wcg4r3gy7q	name:seneca-ap4svv,plugin:define,role:seneca,seq:2,tag:undefined	plugin	seneca-ap4svv	options	set	{"seneca-ap4svv":{}}	
2016-02-18T11:11:19.056Z ak93xtubgfty/1455793796921/13337/undefined DEBUG	-	-	ACT	mw9x9vrsq9gi/l2wcg4r3gy7q	name:seneca-ap4svv,plugin:define,role:seneca,seq:2,tag:undefined	register	install	entity	{exports:[]}	seneca-ap4svv
2016-02-18T11:11:19.056Z ak93xtubgfty/1455793796921/13337/undefined DEBUG	-	-	ACT	mw9x9vrsq9gi/l2wcg4r3gy7q	name:seneca-ap4svv,plugin:define,role:seneca,seq:2,tag:undefined	act	-	-	DEFAULT	{init:entity,tag:null}	
2016-02-18T11:11:19.057Z ak93xtubgfty/1455793796921/13337/undefined DEBUG	act	-       	OUT	ezcmb864ltqy/l2wcg4r3gy7q		{}	EXIT		-	-	1	-	
2016-02-18T11:11:19.058Z ak93xtubgfty/1455793796921/13337/undefined DEBUG	-	-	ACT	mw9x9vrsq9gi/l2wcg4r3gy7q	name:seneca-ap4svv,plugin:define,role:seneca,seq:2,tag:undefined	register	ready	entity	{}
2016-02-18T11:11:19.058Z ak93xtubgfty/1455793796921/13337/undefined DEBUG	act	root$       	OUT	mw9x9vrsq9gi/l2wcg4r3gy7q	name:seneca-ap4svv,plugin:define,role:seneca,seq:2,tag:undefined	null	EXIT	(g55jj)	-	-	76001	GATE	
2016-02-18T11:11:19.058Z ak93xtubgfty/1455793796921/13337/undefined DEBUG	act	root$       	IN	8ffu3mgkujtu/w1n14ehyctds	name:seneca-hltgl3,plugin:define,role:seneca,seq:3,tag:undefined	{role:seneca,plugin:define,name:seneca-hltgl3,tag:null,seq:3}	ENTRY	(opzwn)	-	-	GATE	
2016-02-18T11:11:19.060Z ak93xtubgfty/1455793796921/13337/undefined DEBUG	-	-	ACT	8ffu3mgkujtu/w1n14ehyctds	name:seneca-hltgl3,plugin:define,role:seneca,seq:3,tag:undefined	register	init	seneca-hltgl3		{}
2016-02-18T11:11:19.062Z ak93xtubgfty/1455793796921/13337/undefined DEBUG	-	-	ACT	8ffu3mgkujtu/w1n14ehyctds	name:seneca-hltgl3,plugin:define,role:seneca,seq:3,tag:undefined	plugin	seneca-hltgl3	ADD	(m92lt)	cmd:save,role:entity		
2016-02-18T11:11:19.064Z ak93xtubgfty/1455793796921/13337/undefined DEBUG	-	-	ACT	8ffu3mgkujtu/w1n14ehyctds	name:seneca-hltgl3,plugin:define,role:seneca,seq:3,tag:undefined	plugin	seneca-hltgl3	ADD	(pi41j)	cmd:load,role:entity		
2016-02-18T11:11:19.065Z ak93xtubgfty/1455793796921/13337/undefined DEBUG	-	-	ACT	8ffu3mgkujtu/w1n14ehyctds	name:seneca-hltgl3,plugin:define,role:seneca,seq:3,tag:undefined	plugin	seneca-hltgl3	ADD	(gtszg)	cmd:list,role:entity		
2016-02-18T11:11:19.065Z ak93xtubgfty/1455793796921/13337/undefined DEBUG	-	-	ACT	8ffu3mgkujtu/w1n14ehyctds	name:seneca-hltgl3,plugin:define,role:seneca,seq:3,tag:undefined	plugin	seneca-hltgl3	ADD	(jx8ey)	cmd:remove,role:entity		
2016-02-18T11:11:19.066Z ak93xtubgfty/1455793796921/13337/undefined DEBUG	-	-	ACT	8ffu3mgkujtu/w1n14ehyctds	name:seneca-hltgl3,plugin:define,role:seneca,seq:3,tag:undefined	plugin	seneca-hltgl3	ADD	(pwmxl)	cmd:close,role:seneca		
2016-02-18T11:11:19.067Z ak93xtubgfty/1455793796921/13337/undefined DEBUG	-	-	ACT	8ffu3mgkujtu/w1n14ehyctds	name:seneca-hltgl3,plugin:define,role:seneca,seq:3,tag:undefined	plugin	seneca-hltgl3	ADD	(yh3dx)	cmd:native,role:entity		
2016-02-18T11:11:19.068Z ak93xtubgfty/1455793796921/13337/undefined DEBUG	-	-	ACT	8ffu3mgkujtu/w1n14ehyctds	name:seneca-hltgl3,plugin:define,role:seneca,seq:3,tag:undefined	plugin	seneca-hltgl3	ADD	(lakj2)	cmd:dump,role:mem-store		
2016-02-18T11:11:19.068Z ak93xtubgfty/1455793796921/13337/undefined DEBUG	-	-	ACT	8ffu3mgkujtu/w1n14ehyctds	name:seneca-hltgl3,plugin:define,role:seneca,seq:3,tag:undefined	plugin	seneca-hltgl3	ADD	(uz1td)	cmd:export,role:mem-store		
2016-02-18T11:11:19.068Z ak93xtubgfty/1455793796921/13337/undefined DEBUG	-	-	ACT	8ffu3mgkujtu/w1n14ehyctds	name:seneca-hltgl3,plugin:define,role:seneca,seq:3,tag:undefined	plugin	seneca-hltgl3	ADD	(yqxgl)	cmd:import,role:mem-store		
2016-02-18T11:11:19.069Z ak93xtubgfty/1455793796921/13337/undefined DEBUG	-	-	ACT	8ffu3mgkujtu/w1n14ehyctds	name:seneca-hltgl3,plugin:define,role:seneca,seq:3,tag:undefined	plugin	seneca-hltgl3	ADD	(qxlfy)	init:mem-store		
2016-02-18T11:11:19.070Z ak93xtubgfty/1455793796921/13337/undefined DEBUG	-	-	ACT	8ffu3mgkujtu/w1n14ehyctds	name:seneca-hltgl3,plugin:define,role:seneca,seq:3,tag:undefined	plugin	seneca-hltgl3	options	set	{"seneca-hltgl3":{}}	
2016-02-18T11:11:19.075Z ak93xtubgfty/1455793796921/13337/undefined DEBUG	-	-	ACT	8ffu3mgkujtu/w1n14ehyctds	name:seneca-hltgl3,plugin:define,role:seneca,seq:3,tag:undefined	register	install	mem-store/1	{exports:[mem-store/1/native]}	seneca-hltgl3
2016-02-18T11:11:19.076Z ak93xtubgfty/1455793796921/13337/undefined DEBUG	act	mem-store/1	IN	kuta2nopfi56/w1n14ehyctds	init:mem-store	{init:mem-store,tag:1}	ENTRY	(qxlfy)	-	-	-	
2016-02-18T11:11:19.077Z ak93xtubgfty/1455793796921/13337/undefined DEBUG	act	mem-store/1	OUT	kuta2nopfi56/w1n14ehyctds	init:mem-store	null	EXIT	(qxlfy)	-	-	0	-	
2016-02-18T11:11:19.077Z ak93xtubgfty/1455793796921/13337/undefined DEBUG	-	-	ACT	8ffu3mgkujtu/w1n14ehyctds	name:seneca-hltgl3,plugin:define,role:seneca,seq:3,tag:undefined	register	ready	mem-store$1	
2016-02-18T11:11:19.077Z ak93xtubgfty/1455793796921/13337/undefined DEBUG	act	root$       	OUT	8ffu3mgkujtu/w1n14ehyctds	name:seneca-hltgl3,plugin:define,role:seneca,seq:3,tag:undefined	null	EXIT	(opzwn)	-	-	74985	GATE	
2016-02-18T11:11:19.077Z ak93xtubgfty/1455793796921/13337/undefined DEBUG	act	root$       	IN	o8o6wf0r10x3/r2fn4u0njks5	name:seneca-jbacqv,plugin:define,role:seneca,seq:4,tag:undefined	{role:seneca,plugin:define,name:seneca-jbacqv,tag:null,seq:4}	ENTRY	(qvi94)	-	-	GATE	
2016-02-18T11:11:19.078Z ak93xtubgfty/1455793796921/13337/undefined DEBUG	-	-	ACT	o8o6wf0r10x3/r2fn4u0njks5	name:seneca-jbacqv,plugin:define,role:seneca,seq:4,tag:undefined	register	init	seneca-jbacqv		{}
2016-02-18T11:11:19.079Z ak93xtubgfty/1455793796921/13337/undefined DEBUG	-	-	ACT	o8o6wf0r10x3/r2fn4u0njks5	name:seneca-jbacqv,plugin:define,role:seneca,seq:4,tag:undefined	plugin	seneca-jbacqv	ADD	(tcuae)	cmd:inflight,role:transport		
2016-02-18T11:11:19.079Z ak93xtubgfty/1455793796921/13337/undefined DEBUG	-	-	ACT	o8o6wf0r10x3/r2fn4u0njks5	name:seneca-jbacqv,plugin:define,role:seneca,seq:4,tag:undefined	plugin	seneca-jbacqv	ADD	(2h00m)	cmd:listen,role:transport		
2016-02-18T11:11:19.079Z ak93xtubgfty/1455793796921/13337/undefined DEBUG	-	-	ACT	o8o6wf0r10x3/r2fn4u0njks5	name:seneca-jbacqv,plugin:define,role:seneca,seq:4,tag:undefined	plugin	seneca-jbacqv	ADD	(43awh)	cmd:client,role:transport		
2016-02-18T11:11:19.080Z ak93xtubgfty/1455793796921/13337/undefined DEBUG	-	-	ACT	o8o6wf0r10x3/r2fn4u0njks5	name:seneca-jbacqv,plugin:define,role:seneca,seq:4,tag:undefined	plugin	seneca-jbacqv	ADD	(7qdn7)	hook:listen,role:transport,type:tcp		
2016-02-18T11:11:19.082Z ak93xtubgfty/1455793796921/13337/undefined DEBUG	-	-	ACT	o8o6wf0r10x3/r2fn4u0njks5	name:seneca-jbacqv,plugin:define,role:seneca,seq:4,tag:undefined	plugin	seneca-jbacqv	ADD	(9dada)	hook:client,role:transport,type:tcp		
2016-02-18T11:11:19.086Z ak93xtubgfty/1455793796921/13337/undefined DEBUG	-	-	ACT	o8o6wf0r10x3/r2fn4u0njks5	name:seneca-jbacqv,plugin:define,role:seneca,seq:4,tag:undefined	plugin	seneca-jbacqv	ADD	(ev4s5)	hook:listen,role:transport,type:web		
2016-02-18T11:11:19.087Z ak93xtubgfty/1455793796921/13337/undefined DEBUG	-	-	ACT	o8o6wf0r10x3/r2fn4u0njks5	name:seneca-jbacqv,plugin:define,role:seneca,seq:4,tag:undefined	plugin	seneca-jbacqv	ADD	(s22m3)	hook:client,role:transport,type:web		
2016-02-18T11:11:19.088Z ak93xtubgfty/1455793796921/13337/undefined DEBUG	-	-	ACT	o8o6wf0r10x3/r2fn4u0njks5	name:seneca-jbacqv,plugin:define,role:seneca,seq:4,tag:undefined	plugin	seneca-jbacqv	ADD	(msz4p)	hook:listen,role:transport,type:http		
2016-02-18T11:11:19.092Z ak93xtubgfty/1455793796921/13337/undefined DEBUG	-	-	ACT	o8o6wf0r10x3/r2fn4u0njks5	name:seneca-jbacqv,plugin:define,role:seneca,seq:4,tag:undefined	plugin	seneca-jbacqv	ADD	(umr99)	hook:client,role:transport,type:http		
2016-02-18T11:11:19.093Z ak93xtubgfty/1455793796921/13337/undefined DEBUG	-	-	ACT	o8o6wf0r10x3/r2fn4u0njks5	name:seneca-jbacqv,plugin:define,role:seneca,seq:4,tag:undefined	plugin	seneca-jbacqv	ADD	(sr5n1)	hook:listen,role:transport,type:direct		
2016-02-18T11:11:19.094Z ak93xtubgfty/1455793796921/13337/undefined DEBUG	-	-	ACT	o8o6wf0r10x3/r2fn4u0njks5	name:seneca-jbacqv,plugin:define,role:seneca,seq:4,tag:undefined	plugin	seneca-jbacqv	ADD	(88fpe)	hook:client,role:transport,type:direct		
2016-02-18T11:11:19.095Z ak93xtubgfty/1455793796921/13337/undefined DEBUG	-	-	ACT	o8o6wf0r10x3/r2fn4u0njks5	name:seneca-jbacqv,plugin:define,role:seneca,seq:4,tag:undefined	plugin	seneca-jbacqv	options	set	{"seneca-jbacqv":{msgprefix:seneca_,callmax:111111,msgidlen:12,warn:{unknown_message_id:true,invalid_kind:true,	
2016-02-18T11:11:19.097Z ak93xtubgfty/1455793796921/13337/undefined DEBUG	-	-	ACT	o8o6wf0r10x3/r2fn4u0njks5	name:seneca-jbacqv,plugin:define,role:seneca,seq:4,tag:undefined	register	install	transport	{exports:[transport/utils]}	seneca-jbacqv
2016-02-18T11:11:19.098Z ak93xtubgfty/1455793796921/13337/undefined DEBUG	-	-	ACT	o8o6wf0r10x3/r2fn4u0njks5	name:seneca-jbacqv,plugin:define,role:seneca,seq:4,tag:undefined	act	-	-	DEFAULT	{init:transport,tag:null}	
2016-02-18T11:11:19.098Z ak93xtubgfty/1455793796921/13337/undefined DEBUG	act	-       	OUT	mm0w42x5aw3d/r2fn4u0njks5		{}	EXIT		-	-	0	-	
2016-02-18T11:11:19.098Z ak93xtubgfty/1455793796921/13337/undefined DEBUG	-	-	ACT	o8o6wf0r10x3/r2fn4u0njks5	name:seneca-jbacqv,plugin:define,role:seneca,seq:4,tag:undefined	register	ready	transport	{}
2016-02-18T11:11:19.099Z ak93xtubgfty/1455793796921/13337/undefined DEBUG	act	root$       	OUT	o8o6wf0r10x3/r2fn4u0njks5	name:seneca-jbacqv,plugin:define,role:seneca,seq:4,tag:undefined	null	EXIT	(qvi94)	-	-	61469	GATE	
2016-02-18T11:11:19.099Z ak93xtubgfty/1455793796921/13337/undefined DEBUG	act	root$       	IN	kr8b92kab0hs/ktzebe272dm6	name:seneca-6rvwv2,plugin:define,role:seneca,seq:5,tag:undefined	{role:seneca,plugin:define,name:seneca-6rvwv2,tag:null,seq:5}	ENTRY	(6yljo)	-	-	GATE	
2016-02-18T11:11:19.099Z ak93xtubgfty/1455793796921/13337/undefined DEBUG	-	-	ACT	kr8b92kab0hs/ktzebe272dm6	name:seneca-6rvwv2,plugin:define,role:seneca,seq:5,tag:undefined	register	init	seneca-6rvwv2		{}
2016-02-18T11:11:19.106Z ak93xtubgfty/1455793796921/13337/undefined DEBUG	-	-	ACT	kr8b92kab0hs/ktzebe272dm6	name:seneca-6rvwv2,plugin:define,role:seneca,seq:5,tag:undefined	plugin	seneca-6rvwv2	ADD	(d8i5i)	role:web	web_use	
2016-02-18T11:11:19.107Z ak93xtubgfty/1455793796921/13337/undefined DEBUG	-	-	ACT	kr8b92kab0hs/ktzebe272dm6	name:seneca-6rvwv2,plugin:define,role:seneca,seq:5,tag:undefined	plugin	seneca-6rvwv2	ADD	(dfztk)	list:service,role:web	list_service	
2016-02-18T11:11:19.108Z ak93xtubgfty/1455793796921/13337/undefined DEBUG	-	-	ACT	kr8b92kab0hs/ktzebe272dm6	name:seneca-6rvwv2,plugin:define,role:seneca,seq:5,tag:undefined	plugin	seneca-6rvwv2	ADD	(buubs)	list:route,role:web	list_route	
2016-02-18T11:11:19.111Z ak93xtubgfty/1455793796921/13337/undefined DEBUG	-	-	ACT	kr8b92kab0hs/ktzebe272dm6	name:seneca-6rvwv2,plugin:define,role:seneca,seq:5,tag:undefined	plugin	seneca-6rvwv2	ADD	(42at6)	role:web,stats:true	action_stats	
2016-02-18T11:11:19.114Z ak93xtubgfty/1455793796921/13337/undefined DEBUG	-	-	ACT	kr8b92kab0hs/ktzebe272dm6	name:seneca-6rvwv2,plugin:define,role:seneca,seq:5,tag:undefined	plugin	seneca-6rvwv2	ADD	(bzcuk)	get:config,role:web	get_config	
2016-02-18T11:11:19.118Z ak93xtubgfty/1455793796921/13337/undefined DEBUG	-	-	ACT	kr8b92kab0hs/ktzebe272dm6	name:seneca-6rvwv2,plugin:define,role:seneca,seq:5,tag:undefined	plugin	seneca-6rvwv2	ADD	(5q8z7)	role:web,set:source	set_source	
2016-02-18T11:11:19.119Z ak93xtubgfty/1455793796921/13337/undefined DEBUG	-	-	ACT	kr8b92kab0hs/ktzebe272dm6	name:seneca-6rvwv2,plugin:define,role:seneca,seq:5,tag:undefined	plugin	seneca-6rvwv2	ADD	(dhafs)	get:sourcelist,role:web	get_sourcelist	
2016-02-18T11:11:19.120Z ak93xtubgfty/1455793796921/13337/undefined DEBUG	-	-	ACT	kr8b92kab0hs/ktzebe272dm6	name:seneca-6rvwv2,plugin:define,role:seneca,seq:5,tag:undefined	plugin	seneca-6rvwv2	ADD	(a7tc5)	do:startware,role:web	default_startware	
2016-02-18T11:11:19.121Z ak93xtubgfty/1455793796921/13337/undefined DEBUG	-	-	ACT	kr8b92kab0hs/ktzebe272dm6	name:seneca-6rvwv2,plugin:define,role:seneca,seq:5,tag:undefined	plugin	seneca-6rvwv2	ADD	(lpc2l)	get:server,role:web	get_server	
2016-02-18T11:11:19.122Z ak93xtubgfty/1455793796921/13337/undefined DEBUG	-	-	ACT	kr8b92kab0hs/ktzebe272dm6	name:seneca-6rvwv2,plugin:define,role:seneca,seq:5,tag:undefined	plugin	seneca-6rvwv2	ADD	(ecfrx)	get:restriction,role:web	default_get_restriction	
2016-02-18T11:11:19.122Z ak93xtubgfty/1455793796921/13337/undefined DEBUG	-	-	ACT	kr8b92kab0hs/ktzebe272dm6	name:seneca-6rvwv2,plugin:define,role:seneca,seq:5,tag:undefined	plugin	seneca-6rvwv2	ADD	(9leto)	role:web,set:framework	set_framework	
2016-02-18T11:11:19.123Z ak93xtubgfty/1455793796921/13337/undefined DEBUG	-	-	ACT	kr8b92kab0hs/ktzebe272dm6	name:seneca-6rvwv2,plugin:define,role:seneca,seq:5,tag:undefined	plugin	seneca-6rvwv2	ADD	(3ydxh)	handle:response,role:web	handle_response	
2016-02-18T11:11:19.125Z ak93xtubgfty/1455793796921/13337/undefined DEBUG	-	-	ACT	kr8b92kab0hs/ktzebe272dm6	name:seneca-6rvwv2,plugin:define,role:seneca,seq:5,tag:undefined	plugin	seneca-6rvwv2	ADD	(xtws4)	init:web		
2016-02-18T11:11:19.125Z ak93xtubgfty/1455793796921/13337/undefined DEBUG	-	-	ACT	kr8b92kab0hs/ktzebe272dm6	name:seneca-6rvwv2,plugin:define,role:seneca,seq:5,tag:undefined	plugin	seneca-6rvwv2	options	set	{"seneca-6rvwv2":{}}	
2016-02-18T11:11:19.127Z ak93xtubgfty/1455793796921/13337/undefined DEBUG	-	-	ACT	kr8b92kab0hs/ktzebe272dm6	name:seneca-6rvwv2,plugin:define,role:seneca,seq:5,tag:undefined	register	install	web	{exports:[web,web/httprouter,web/hapi]}	seneca-6rvwv2
2016-02-18T11:11:19.128Z ak93xtubgfty/1455793796921/13337/undefined DEBUG	act	web       	IN	09gymfvxo7h2/ktzebe272dm6	init:web	{init:web,tag:null}	ENTRY	(xtws4)	-	-	-	
2016-02-18T11:11:19.130Z ak93xtubgfty/1455793796921/13337/undefined DEBUG	act	web       	OUT	09gymfvxo7h2/ktzebe272dm6	init:web	null	EXIT	(xtws4)	-	-	2	-	
2016-02-18T11:11:19.130Z ak93xtubgfty/1455793796921/13337/undefined DEBUG	-	-	ACT	kr8b92kab0hs/ktzebe272dm6	name:seneca-6rvwv2,plugin:define,role:seneca,seq:5,tag:undefined	register	ready	web	
2016-02-18T11:11:19.131Z ak93xtubgfty/1455793796921/13337/undefined DEBUG	act	root$       	OUT	kr8b92kab0hs/ktzebe272dm6	name:seneca-6rvwv2,plugin:define,role:seneca,seq:5,tag:undefined	null	EXIT	(6yljo)	-	-	42459	GATE	
2016-02-18T11:11:19.132Z ak93xtubgfty/1455793796921/13337/undefined DEBUG	act	web       	IN	m2dnuef10gqw/ktzebe272dm6	role:web	{role:web,plugin:web,config:{prefix:/seneca}}	ENTRY	(d8i5i)	-	-	-	
2016-02-18T11:11:19.133Z ak93xtubgfty/1455793796921/13337/undefined DEBUG	act	web       	OUT	m2dnuef10gqw/ktzebe272dm6	role:web	null	EXIT	(d8i5i)	-	-	4	-	
2016-02-18T11:11:19.133Z ak93xtubgfty/1455793796921/13337/undefined DEBUG	act	basic       	IN	tsq4wiap3zv2/ktzebe272dm6	cmd:push,note:true,role:basic	{role:basic,note:true,cmd:push,key:admin/units,value:{unit:web-service,spec:{title:Web Services,ng:{}},content:	ENTRY	(no1e4)	-	-	-	
2016-02-18T11:11:19.135Z ak93xtubgfty/1455793796921/13337/undefined DEBUG	act	basic       	OUT	tsq4wiap3zv2/ktzebe272dm6	cmd:push,note:true,role:basic	null	EXIT	(no1e4)	-	-	5	-	
2016-02-18T11:11:19.135Z ak93xtubgfty/1455793796921/13337/undefined DEBUG	act	root$       	IN	6iafk35klc06/olstm1zillsp	name:info,plugin:define,role:seneca,seq:6,tag:undefined	{role:seneca,plugin:define,name:info,tag:null,seq:6}	ENTRY	(3wc5p)	-	-	GATE	
2016-02-18T11:11:19.137Z ak93xtubgfty/1455793796921/13337/undefined DEBUG	-	-	ACT	6iafk35klc06/olstm1zillsp	name:info,plugin:define,role:seneca,seq:6,tag:undefined	register	init	info		{}
2016-02-18T11:11:19.139Z ak93xtubgfty/1455793796921/13337/undefined DEBUG	-	-	ACT	6iafk35klc06/olstm1zillsp	name:info,plugin:define,role:seneca,seq:6,tag:undefined	plugin	info       	ADD	(0amqt)	cmd:get,role:info	cmd_get	
2016-02-18T11:11:19.139Z ak93xtubgfty/1455793796921/13337/undefined DEBUG	-	-	ACT	6iafk35klc06/olstm1zillsp	name:info,plugin:define,role:seneca,seq:6,tag:undefined	plugin	info       	ADD	(viv7s)	res:part,role:info	res_module	
2016-02-18T11:11:19.140Z ak93xtubgfty/1455793796921/13337/undefined DEBUG	-	-	ACT	6iafk35klc06/olstm1zillsp	name:info,plugin:define,role:seneca,seq:6,tag:undefined	plugin	info       	options	set	{info:{}}	
2016-02-18T11:11:19.142Z ak93xtubgfty/1455793796921/13337/undefined DEBUG	-	-	ACT	6iafk35klc06/olstm1zillsp	name:info,plugin:define,role:seneca,seq:6,tag:undefined	register	install	info	{exports:[]}	
2016-02-18T11:11:19.143Z ak93xtubgfty/1455793796921/13337/undefined DEBUG	-	-	ACT	6iafk35klc06/olstm1zillsp	name:info,plugin:define,role:seneca,seq:6,tag:undefined	act	-	-	DEFAULT	{init:info,tag:null}	
2016-02-18T11:11:19.143Z ak93xtubgfty/1455793796921/13337/undefined DEBUG	act	-       	OUT	qphntj489jdb/olstm1zillsp		{}	EXIT		-	-	0	-	
2016-02-18T11:11:19.143Z ak93xtubgfty/1455793796921/13337/undefined DEBUG	-	-	ACT	6iafk35klc06/olstm1zillsp	name:info,plugin:define,role:seneca,seq:6,tag:undefined	register	ready	info	{}
2016-02-18T11:11:19.144Z ak93xtubgfty/1455793796921/13337/undefined DEBUG	act	root$       	OUT	6iafk35klc06/olstm1zillsp	name:info,plugin:define,role:seneca,seq:6,tag:undefined	null	EXIT	(3wc5p)	-	-	41753	GATE	
2016-02-18T11:11:19.145Z ak93xtubgfty/1455793796921/13337/undefined DEBUG	act	transport	IN	xbqcrdtdj7pb/g53537tsr6g3	cmd:listen,role:transport	{config:{port:44001,type:web,host:null,path:null},role:transport,cmd:listen}	ENTRY	(2h00m)	-	-	GATE	
2016-02-18T11:11:19.147Z ak93xtubgfty/1455793796921/13337/undefined DEBUG	act	transport	IN	nxc6okj7u7od/g53537tsr6g3	hook:listen,role:transport,type:web	{port:44001,type:web,host:null,path:null,role:transport,hook:listen}	ENTRY	(ev4s5)	-	-	-	
2016-02-18T11:11:19.149Z ak93xtubgfty/1455793796921/13337/undefined DEBUG	-	-	ACT	o8o6wf0r10x3/r2fn4u0njks5	name:seneca-jbacqv,plugin:define,role:seneca,seq:4,tag:undefined	plugin	transport	ACT	nxc6okj7u7od/g53537tsr6g3	hook:listen,role:transport,type:web	ADD	(85woj)	cmd:close,role:seneca		
2016-02-18T11:11:19.156Z ak93xtubgfty/1455793796921/13337/undefined DEBUG	-	-	ACT	o8o6wf0r10x3/r2fn4u0njks5	name:seneca-jbacqv,plugin:define,role:seneca,seq:4,tag:undefined	plugin	transport	ACT	nxc6okj7u7od/g53537tsr6g3	hook:listen,role:transport,type:web	listen	{port:44001,type:web,host:0.0.0.0,path:null,role:transport,hook:listen}
2016-02-18T11:11:19.158Z ak93xtubgfty/1455793796921/13337/undefined DEBUG	act	transport	OUT	nxc6okj7u7od/g53537tsr6g3	hook:listen,role:transport,type:web	{port:44001,type:web,host:0.0.0.0,path:null,role:transport,hook:listen}	EXIT	(ev4s5)	-	-	10	-	
2016-02-18T11:11:19.158Z ak93xtubgfty/1455793796921/13337/undefined DEBUG	act	transport	OUT	xbqcrdtdj7pb/g53537tsr6g3	cmd:listen,role:transport	{port:44001,type:web,host:0.0.0.0,path:null,role:transport,hook:listen}	EXIT	(2h00m)	-	-	41761	GATE	
2016-02-18T11:11:19.158Z ak93xtubgfty/1455793796921/13337/undefined DEBUG	act	root$       	IN	vrpykabr4dmq/tf55slo1t0be	name:mesh,plugin:define,role:seneca,seq:7,tag:undefined	{role:seneca,plugin:define,name:mesh,tag:null,seq:7}	ENTRY	(bxs0e)	-	-	GATE	
2016-02-18T11:11:19.159Z ak93xtubgfty/1455793796921/13337/undefined DEBUG	-	-	ACT	vrpykabr4dmq/tf55slo1t0be	name:mesh,plugin:define,role:seneca,seq:7,tag:undefined	register	init	mesh		{auto:true,pin:[role:info,cmd:get,role:info,res:*]}
2016-02-18T11:11:22.741Z ak93xtubgfty/1455793796921/13337/undefined DEBUG	-	-	ACT	vrpykabr4dmq/tf55slo1t0be	name:mesh,plugin:define,role:seneca,seq:7,tag:undefined	plugin	mesh       	options	set	{transport:{balance:{}}}	
2016-02-18T11:11:22.751Z ak93xtubgfty/1455793796921/13337/undefined DEBUG	-	-	ACT	vrpykabr4dmq/tf55slo1t0be	name:mesh,plugin:define,role:seneca,seq:7,tag:undefined	plugin	mesh       	ADD	(iipdi)	name:balance_client,plugin:define,role:seneca,seq:9,tag:mesh~k8gy5b	plugin_definition	
2016-02-18T11:11:22.753Z ak93xtubgfty/1455793796921/13337/undefined DEBUG	-	-	ACT	vrpykabr4dmq/tf55slo1t0be	name:mesh,plugin:define,role:seneca,seq:7,tag:undefined	plugin	mesh       	ADD	(wu71q)	cmd:listen,role:transport	transport_listen	
2016-02-18T11:11:22.754Z ak93xtubgfty/1455793796921/13337/undefined INFO	listen	{pin:[role:info,cmd:get,role:info,res:*],model:actor}	
2016-02-18T11:11:22.756Z ak93xtubgfty/1455793796921/13337/undefined DEBUG	-	-	ACT	vrpykabr4dmq/tf55slo1t0be	name:mesh,plugin:define,role:seneca,seq:7,tag:undefined	plugin	mesh       	options	set	{mesh:{auto:true,pin:[role:info,cmd:get,role:info,res:*]}}	
2016-02-18T11:11:22.761Z ak93xtubgfty/1455793796921/13337/undefined DEBUG	-	-	ACT	vrpykabr4dmq/tf55slo1t0be	name:mesh,plugin:define,role:seneca,seq:7,tag:undefined	register	install	mesh	{exports:[]}	
2016-02-18T11:11:22.764Z ak93xtubgfty/1455793796921/13337/undefined DEBUG	-	-	ACT	vrpykabr4dmq/tf55slo1t0be	name:mesh,plugin:define,role:seneca,seq:7,tag:undefined	act	-	-	DEFAULT	{init:mesh,tag:null}	
2016-02-18T11:11:22.765Z ak93xtubgfty/1455793796921/13337/undefined DEBUG	act	-       	OUT	j2c0psb88p6c/tf55slo1t0be		{}	EXIT		-	-	2	-	
2016-02-18T11:11:22.767Z ak93xtubgfty/1455793796921/13337/undefined DEBUG	-	-	ACT	vrpykabr4dmq/tf55slo1t0be	name:mesh,plugin:define,role:seneca,seq:7,tag:undefined	register	ready	mesh	{}
2016-02-18T11:11:22.768Z ak93xtubgfty/1455793796921/13337/undefined DEBUG	act	root$       	OUT	vrpykabr4dmq/tf55slo1t0be	name:mesh,plugin:define,role:seneca,seq:7,tag:undefined	null	EXIT	(bxs0e)	-	-	34235	GATE	
2016-02-18T11:11:22.769Z ak93xtubgfty/1455793796921/13337/undefined DEBUG	act	root$       	IN	tpcegv150qnw/klectv4pfiey	name:msgstats,plugin:define,role:seneca,seq:8,tag:undefined	{role:seneca,plugin:define,name:msgstats,tag:null,seq:8}	ENTRY	(b1w1b)	-	-	GATE	
2016-02-18T11:11:22.772Z ak93xtubgfty/1455793796921/13337/undefined DEBUG	-	-	ACT	tpcegv150qnw/klectv4pfiey	name:msgstats,plugin:define,role:seneca,seq:8,tag:undefined	register	init	msgstats		{udp:{host:localhost},pins:[role:info,req:part,role:info,res:part]}
2016-02-18T11:11:22.778Z ak93xtubgfty/1455793796921/13337/undefined DEBUG	-	-	ACT	tpcegv150qnw/klectv4pfiey	name:msgstats,plugin:define,role:seneca,seq:8,tag:undefined	plugin	msgstats	ADD	(zlg30)	init:msgstats		
2016-02-18T11:11:22.778Z ak93xtubgfty/1455793796921/13337/undefined DEBUG	-	-	ACT	tpcegv150qnw/klectv4pfiey	name:msgstats,plugin:define,role:seneca,seq:8,tag:undefined	plugin	msgstats	options	set	{msgstats:{udp:{host:localhost},pins:[role:info,req:part,role:info,res:part]}}	
2016-02-18T11:11:22.786Z ak93xtubgfty/1455793796921/13337/undefined DEBUG	-	-	ACT	tpcegv150qnw/klectv4pfiey	name:msgstats,plugin:define,role:seneca,seq:8,tag:undefined	register	install	msgstats	{exports:[]}	
2016-02-18T11:11:22.786Z ak93xtubgfty/1455793796921/13337/undefined DEBUG	act	msgstats	IN	zeg9969evb7x/klectv4pfiey	init:msgstats	{init:msgstats,tag:null}	ENTRY	(zlg30)	-	-	-	
2016-02-18T11:11:22.811Z ak93xtubgfty/1455793796921/13337/undefined DEBUG	act	msgstats	OUT	zeg9969evb7x/klectv4pfiey	init:msgstats	null	EXIT	(zlg30)	-	-	13	-	
2016-02-18T11:11:22.812Z ak93xtubgfty/1455793796921/13337/undefined DEBUG	-	-	ACT	tpcegv150qnw/klectv4pfiey	name:msgstats,plugin:define,role:seneca,seq:8,tag:undefined	register	ready	msgstats	
2016-02-18T11:11:22.812Z ak93xtubgfty/1455793796921/13337/undefined DEBUG	act	root$       	OUT	tpcegv150qnw/klectv4pfiey	name:msgstats,plugin:define,role:seneca,seq:8,tag:undefined	null	EXIT	(b1w1b)	-	-	3811	GATE	
2016-02-18T11:11:22.812Z ak93xtubgfty/1455793796921/13337/undefined DEBUG	act	mesh       	IN	rcuh0ln6ei3g/tf55slo1t0be	name:balance_client,plugin:define,role:seneca,seq:9,tag:mesh~k8gy5b	{role:seneca,plugin:define,name:balance_client,tag:mesh~k8gy5b,seq:9}	ENTRY	(iipdi)	-	-	GATE	
2016-02-18T11:11:22.813Z ak93xtubgfty/1455793796921/13337/undefined DEBUG	-	-	ACT	vrpykabr4dmq/tf55slo1t0be	name:mesh,plugin:define,role:seneca,seq:7,tag:undefined	plugin	mesh       	ACT	rcuh0ln6ei3g/tf55slo1t0be	name:balance_client,plugin:define,role:seneca,seq:9,tag:mesh~k8gy5b	register	init	balance_client/mesh~k8gy5b		{}
2016-02-18T11:11:22.814Z ak93xtubgfty/1455793796921/13337/undefined DEBUG	-	-	ACT	vrpykabr4dmq/tf55slo1t0be	name:mesh,plugin:define,role:seneca,seq:7,tag:undefined	plugin	mesh       	ADD	(rc22o)	hook:client,role:transport,type:balance	hook_client	
2016-02-18T11:11:22.814Z ak93xtubgfty/1455793796921/13337/undefined DEBUG	-	-	ACT	vrpykabr4dmq/tf55slo1t0be	name:mesh,plugin:define,role:seneca,seq:7,tag:undefined	plugin	mesh       	ADD	(hbq4q)	add:client,role:transport,type:balance	add_client	
2016-02-18T11:11:22.815Z ak93xtubgfty/1455793796921/13337/undefined DEBUG	-	-	ACT	vrpykabr4dmq/tf55slo1t0be	name:mesh,plugin:define,role:seneca,seq:7,tag:undefined	plugin	mesh       	ADD	(7zsmz)	remove:client,role:transport,type:balance	remove_client	
2016-02-18T11:11:22.815Z ak93xtubgfty/1455793796921/13337/undefined DEBUG	-	-	ACT	vrpykabr4dmq/tf55slo1t0be	name:mesh,plugin:define,role:seneca,seq:7,tag:undefined	plugin	mesh       	ACT	rcuh0ln6ei3g/tf55slo1t0be	name:balance_client,plugin:define,role:seneca,seq:9,tag:mesh~k8gy5b	plugin	balance_client/mesh~k8gy5b	options	set	{"balance_client/mesh~k8gy5b":{}}	
2016-02-18T11:11:22.818Z ak93xtubgfty/1455793796921/13337/undefined DEBUG	-	-	ACT	vrpykabr4dmq/tf55slo1t0be	name:mesh,plugin:define,role:seneca,seq:7,tag:undefined	plugin	mesh       	ACT	rcuh0ln6ei3g/tf55slo1t0be	name:balance_client,plugin:define,role:seneca,seq:9,tag:mesh~k8gy5b	register	install	balance_client/mesh~k8gy5b	{exports:[]}	
2016-02-18T11:11:22.818Z ak93xtubgfty/1455793796921/13337/undefined DEBUG	-	-	ACT	vrpykabr4dmq/tf55slo1t0be	name:mesh,plugin:define,role:seneca,seq:7,tag:undefined	plugin	mesh       	ACT	rcuh0ln6ei3g/tf55slo1t0be	name:balance_client,plugin:define,role:seneca,seq:9,tag:mesh~k8gy5b	act	-	-	DEFAULT	{init:balance_client,tag:mesh~k8gy5b}	
2016-02-18T11:11:22.819Z ak93xtubgfty/1455793796921/13337/undefined DEBUG	act	-       	OUT	y9q0gsfnf1ge/tf55slo1t0be		{}	EXIT		-	-	0	-	
2016-02-18T11:11:22.819Z ak93xtubgfty/1455793796921/13337/undefined DEBUG	-	-	ACT	vrpykabr4dmq/tf55slo1t0be	name:mesh,plugin:define,role:seneca,seq:7,tag:undefined	plugin	mesh       	ACT	rcuh0ln6ei3g/tf55slo1t0be	name:balance_client,plugin:define,role:seneca,seq:9,tag:mesh~k8gy5b	register	ready	balance_client$mesh~k8gy5b	{}
2016-02-18T11:11:22.819Z ak93xtubgfty/1455793796921/13337/undefined DEBUG	act	mesh       	OUT	rcuh0ln6ei3g/tf55slo1t0be	name:balance_client,plugin:define,role:seneca,seq:9,tag:mesh~k8gy5b	null	EXIT	(iipdi)	-	-	67	GATE	
2016-02-18T11:11:22.820Z ak93xtubgfty/1455793796921/13337/undefined DEBUG	act	mesh       	IN	qytlwmbepoh3/59j048zgqfwz	cmd:listen,role:transport	{config:{pin:[role:info,cmd:get,role:info,res:*],model:actor,type:web,host:null,path:null},role:transport,cmd:l	ENTRY	(wu71q)	-	-	GATE	
2016-02-18T11:11:22.821Z ak93xtubgfty/1455793796921/13337/undefined DEBUG	act	transport	IN	3wirluzltdyt/59j048zgqfwz	cmd:listen,role:transport	{config:{pin:[role:info,cmd:get,role:info,res:*],model:actor,type:web,host:null,path:null},role:transport,cmd:l	PRIOR;(wu71q)	(2h00m)	-	-	GATE	
2016-02-18T11:11:22.822Z ak93xtubgfty/1455793796921/13337/undefined DEBUG	act	transport	IN	kc2ybzcqylsa/59j048zgqfwz	hook:listen,role:transport,type:web	{pin:[role:info,cmd:get,role:info,res:*],model:actor,type:web,host:null,path:null,role:transport,hook:listen}	ENTRY	(ev4s5)	-	-	-	
2016-02-18T11:11:22.823Z ak93xtubgfty/1455793796921/13337/undefined DEBUG	-	-	ACT	o8o6wf0r10x3/r2fn4u0njks5	name:seneca-jbacqv,plugin:define,role:seneca,seq:4,tag:undefined	plugin	transport	ACT	kc2ybzcqylsa/59j048zgqfwz	hook:listen,role:transport,type:web	ADD	(ahti7)	cmd:close,role:seneca		
2016-02-18T11:11:22.823Z ak93xtubgfty/1455793796921/13337/undefined DEBUG	-	-	ACT	o8o6wf0r10x3/r2fn4u0njks5	name:seneca-jbacqv,plugin:define,role:seneca,seq:4,tag:undefined	plugin	transport	ACT	kc2ybzcqylsa/59j048zgqfwz	hook:listen,role:transport,type:web	listen	{pin:[role:info,cmd:get,role:info,res:*],port:51531,model:actor,type:web,host:0.0.0.0,path:null,role:transport,
2016-02-18T11:11:22.824Z ak93xtubgfty/1455793796921/13337/undefined DEBUG	act	transport	OUT	kc2ybzcqylsa/59j048zgqfwz	hook:listen,role:transport,type:web	{pin:[role:info,cmd:get,role:info,res:*],port:51531,model:actor,type:web,host:0.0.0.0,path:null,role:transport,	EXIT	(ev4s5)	-	-	2	-	
2016-02-18T11:11:22.824Z ak93xtubgfty/1455793796921/13337/undefined DEBUG	act	transport	OUT	3wirluzltdyt/59j048zgqfwz	cmd:listen,role:transport	{pin:[role:info,cmd:get,role:info,res:*],port:51531,model:actor,type:web,host:0.0.0.0,path:null,role:transport,	PRIOR;(wu71q)	(2h00m)	-	-	3	GATE	
2016-02-18T11:11:22.828Z ak93xtubgfty/1455793796921/13337/undefined DEBUG	-	-	ACT	vrpykabr4dmq/tf55slo1t0be	name:mesh,plugin:define,role:seneca,seq:7,tag:undefined	plugin	mesh       	ADD	(3myjf)	get:members,role:mesh	get_members	
2016-02-18T11:11:23.080Z ak93xtubgfty/1455793796921/13337/undefined INFO	client	{type:balance,pin:role:mesh,base:true,model:actor}	
2016-02-18T11:11:23.081Z ak93xtubgfty/1455793796921/13337/undefined DEBUG	plugin	client$       	ADD	(sqydb)	base:true,role:mesh	transport_client	
2016-02-18T11:11:23.082Z ak93xtubgfty/1455793796921/13337/undefined DEBUG	act	mesh       	OUT	qytlwmbepoh3/59j048zgqfwz	cmd:listen,role:transport	null	EXIT	(wu71q)	-	-	326	GATE	
2016-02-18T11:11:23.082Z ak93xtubgfty/1455793796921/13337/undefined DEBUG	act	balance_client/mesh~k8gy5b	IN	g70nq56m2ecn/59j048zgqfwz	add:client,role:transport,type:balance	{config:{port:50937,model:actor,type:web,host:0.0.0.0,path:null,role:transport,hook:listen},role:transport,type	ENTRY	(hbq4q)	-	-	-	
2016-02-18T11:11:23.083Z ak93xtubgfty/1455793796921/13337/undefined INFO	-	-	ACT	vrpykabr4dmq/tf55slo1t0be	name:mesh,plugin:define,role:seneca,seq:7,tag:undefined	plugin	mesh       	ACT	g70nq56m2ecn/59j048zgqfwz	add:client,role:transport,type:balance	client	{port:50937,model:actor,type:web,host:0.0.0.0,path:null,role:transport,hook:listen}	
2016-02-18T11:11:23.086Z ak93xtubgfty/1455793796921/13337/undefined DEBUG	act	balance_client/mesh~k8gy5b	OUT	g70nq56m2ecn/59j048zgqfwz	add:client,role:transport,type:balance	null	EXIT	(hbq4q)	-	-	4	-	
2016-02-18T11:11:23.086Z ak93xtubgfty/1455793796921/13337/undefined DEBUG	act	transport	IN	tk1n1lydqe7w/6km09cqv63uy	cmd:client,role:transport	{config:{type:balance,pin:role:mesh,base:true,model:actor,id:z034we},role:transport,cmd:client}	ENTRY	(43awh)	-	-	GATE	
2016-02-18T11:11:23.087Z ak93xtubgfty/1455793796921/13337/undefined DEBUG	act	balance_client/mesh~k8gy5b	IN	fg97duozvgrg/6km09cqv63uy	hook:client,role:transport,type:balance	{type:balance,pin:role:mesh,base:true,model:actor,id:z034we,role:transport,hook:client}	ENTRY	(rc22o)	-	-	-	
2016-02-18T11:11:23.089Z ak93xtubgfty/1455793796921/13337/undefined DEBUG	-	-	ACT	o8o6wf0r10x3/r2fn4u0njks5	name:seneca-jbacqv,plugin:define,role:seneca,seq:4,tag:undefined	plugin	transport	client	{type:balance,pin:role:mesh,base:true,model:actor,id:z034we,role:transport,hook:client}	[{role:mesh,base:true}]
2016-02-18T11:11:23.091Z ak93xtubgfty/1455793796921/13337/undefined DEBUG	act	balance_client/mesh~k8gy5b	OUT	fg97duozvgrg/6km09cqv63uy	hook:client,role:transport,type:balance	{id:z034we}	EXIT	(rc22o)	-	-	3	-	
2016-02-18T11:11:23.091Z ak93xtubgfty/1455793796921/13337/undefined DEBUG	act	transport	OUT	tk1n1lydqe7w/6km09cqv63uy	cmd:client,role:transport	{id:z034we}	EXIT	(43awh)	-	-	10	GATE	
2016-02-18T11:11:23.091Z ak93xtubgfty/1455793796921/13337/undefined DEBUG	plugin	client$       	client	sendqueue-clear	{type:balance,pin:role:mesh,base:true,model:actor,id:z034we}
2016-02-18T11:11:23.092Z ak93xtubgfty/1455793796921/13337/undefined DEBUG	-	-	ACT	vrpykabr4dmq/tf55slo1t0be	name:mesh,plugin:define,role:seneca,seq:7,tag:undefined	plugin	mesh       	ADD	(fvsp4)	cmd:close,role:seneca		
2016-02-18T11:11:23.092Z ak93xtubgfty/1455793796921/13337/undefined DEBUG	act	transport	IN	sa03az9zx3qu/59j048zgqfwz	cmd:client,role:transport	{config:{port:50937,model:actor,type:web,host:0.0.0.0,path:null,role:transport,hook:listen},role:transport,cmd:	ENTRY	(43awh)	-	-	GATE	
2016-02-18T11:11:23.093Z ak93xtubgfty/1455793796921/13337/undefined DEBUG	act	transport	IN	0cz4u83bm3sw/59j048zgqfwz	hook:client,role:transport,type:web	{port:50937,model:actor,type:web,host:0.0.0.0,path:null,role:transport,hook:client,pin:role:mesh,base:true,id:h	ENTRY	(s22m3)	-	-	-	
2016-02-18T11:11:23.094Z ak93xtubgfty/1455793796921/13337/undefined DEBUG	-	-	ACT	o8o6wf0r10x3/r2fn4u0njks5	name:seneca-jbacqv,plugin:define,role:seneca,seq:4,tag:undefined	plugin	transport	ACT	0cz4u83bm3sw/59j048zgqfwz	hook:client,role:transport,type:web	client	{type:web,port:50937,host:0.0.0.0,path:/act,protocol:http,timeout:5555,max_listen_attempts:11,attempt_delay:222	[{role:mesh,base:true}]
2016-02-18T11:11:23.094Z ak93xtubgfty/1455793796921/13337/undefined DEBUG	act	transport	OUT	0cz4u83bm3sw/59j048zgqfwz	hook:client,role:transport,type:web	{id:hook:listen,host:0.0.0.0,model:actor,path:null,pin:role:mesh,base:true,port:50937,role:transport,type:web}	EXIT	(s22m3)	-	-	1	-	
2016-02-18T11:11:23.094Z ak93xtubgfty/1455793796921/13337/undefined DEBUG	act	transport	OUT	sa03az9zx3qu/59j048zgqfwz	cmd:client,role:transport	{id:hook:listen,host:0.0.0.0,model:actor,path:null,pin:role:mesh,base:true,port:50937,role:transport,type:web}	EXIT	(43awh)	-	-	8	GATE	
2016-02-18T11:11:23.095Z ak93xtubgfty/1455793796921/13337/undefined DEBUG	-	-	ACT	vrpykabr4dmq/tf55slo1t0be	name:mesh,plugin:define,role:seneca,seq:7,tag:undefined	plugin	mesh       	ACT	g70nq56m2ecn/59j048zgqfwz	add:client,role:transport,type:balance	plugin	client$       	client	sendqueue-clear	{port:50937,model:actor,type:web,host:0.0.0.0,path:null,role:transport,hook:listen}
2016-02-18T11:11:32.496Z ak93xtubgfty/1455793796921/13337/undefined INFO	client	{type:balance,pin:role:github,model:actor}	
2016-02-18T11:11:32.497Z ak93xtubgfty/1455793796921/13337/undefined DEBUG	plugin	client$       	ADD	(4wa6l)	role:github	transport_client	
2016-02-18T11:11:32.498Z ak93xtubgfty/1455793796921/13337/undefined INFO	client	{type:balance,pin:role:info,req:part,model:actor}	
2016-02-18T11:11:32.499Z ak93xtubgfty/1455793796921/13337/undefined DEBUG	plugin	client$       	ADD	(g871g)	req:part,role:info	transport_client	
2016-02-18T11:11:32.500Z ak93xtubgfty/1455793796921/13337/undefined DEBUG	act	balance_client/mesh~k8gy5b	IN	0txtxbcn77ic/59j048zgqfwz	add:client,role:transport,type:balance	{config:{port:54110,model:actor,type:web,host:0.0.0.0,path:null,role:transport,hook:listen},role:transport,type	ENTRY	(hbq4q)	-	-	-	
2016-02-18T11:11:32.501Z ak93xtubgfty/1455793796921/13337/undefined INFO	-	-	ACT	vrpykabr4dmq/tf55slo1t0be	name:mesh,plugin:define,role:seneca,seq:7,tag:undefined	plugin	mesh       	ACT	0txtxbcn77ic/59j048zgqfwz	add:client,role:transport,type:balance	client	{port:54110,model:actor,type:web,host:0.0.0.0,path:null,role:transport,hook:listen}	
2016-02-18T11:11:32.503Z ak93xtubgfty/1455793796921/13337/undefined DEBUG	act	balance_client/mesh~k8gy5b	OUT	0txtxbcn77ic/59j048zgqfwz	add:client,role:transport,type:balance	null	EXIT	(hbq4q)	-	-	5	-	
2016-02-18T11:11:32.503Z ak93xtubgfty/1455793796921/13337/undefined DEBUG	act	balance_client/mesh~k8gy5b	IN	biic3lwrryb9/59j048zgqfwz	add:client,role:transport,type:balance	{config:{port:54110,model:actor,type:web,host:0.0.0.0,path:null,role:transport,hook:listen},role:transport,type	ENTRY	(hbq4q)	-	-	-	
2016-02-18T11:11:32.504Z ak93xtubgfty/1455793796921/13337/undefined INFO	-	-	ACT	vrpykabr4dmq/tf55slo1t0be	name:mesh,plugin:define,role:seneca,seq:7,tag:undefined	plugin	mesh       	ACT	biic3lwrryb9/59j048zgqfwz	add:client,role:transport,type:balance	client	{port:54110,model:actor,type:web,host:0.0.0.0,path:null,role:transport,hook:listen}	
2016-02-18T11:11:32.505Z ak93xtubgfty/1455793796921/13337/undefined DEBUG	act	balance_client/mesh~k8gy5b	OUT	biic3lwrryb9/59j048zgqfwz	add:client,role:transport,type:balance	null	EXIT	(hbq4q)	-	-	5	-	
2016-02-18T11:11:32.505Z ak93xtubgfty/1455793796921/13337/undefined DEBUG	act	transport	IN	ug7c98orndo5/wk29sldb6jaj	cmd:client,role:transport	{config:{type:balance,pin:role:github,model:actor,id:5ga0hp},role:transport,cmd:client}	ENTRY	(43awh)	-	-	GATE	
2016-02-18T11:11:32.507Z ak93xtubgfty/1455793796921/13337/undefined DEBUG	act	balance_client/mesh~k8gy5b	IN	j3gyumt4zsal/wk29sldb6jaj	hook:client,role:transport,type:balance	{type:balance,pin:role:github,model:actor,id:5ga0hp,role:transport,hook:client}	ENTRY	(rc22o)	-	-	-	
2016-02-18T11:11:32.511Z ak93xtubgfty/1455793796921/13337/undefined DEBUG	-	-	ACT	o8o6wf0r10x3/r2fn4u0njks5	name:seneca-jbacqv,plugin:define,role:seneca,seq:4,tag:undefined	plugin	transport	client	{type:balance,pin:role:github,model:actor,id:5ga0hp,role:transport,hook:client}	[{role:github}]
2016-02-18T11:11:32.512Z ak93xtubgfty/1455793796921/13337/undefined DEBUG	act	balance_client/mesh~k8gy5b	OUT	j3gyumt4zsal/wk29sldb6jaj	hook:client,role:transport,type:balance	{id:5ga0hp}	EXIT	(rc22o)	-	-	6	-	
2016-02-18T11:11:32.512Z ak93xtubgfty/1455793796921/13337/undefined DEBUG	act	transport	OUT	ug7c98orndo5/wk29sldb6jaj	cmd:client,role:transport	{id:5ga0hp}	EXIT	(43awh)	-	-	15	GATE	
2016-02-18T11:11:32.513Z ak93xtubgfty/1455793796921/13337/undefined DEBUG	plugin	client$       	client	sendqueue-clear	{type:balance,pin:role:github,model:actor,id:5ga0hp}
2016-02-18T11:11:32.513Z ak93xtubgfty/1455793796921/13337/undefined DEBUG	-	-	ACT	vrpykabr4dmq/tf55slo1t0be	name:mesh,plugin:define,role:seneca,seq:7,tag:undefined	plugin	mesh       	ADD	(dqh3d)	cmd:close,role:seneca		
2016-02-18T11:11:32.514Z ak93xtubgfty/1455793796921/13337/undefined DEBUG	act	transport	IN	0yjtv53kupgl/92vg2hev39t0	cmd:client,role:transport	{config:{type:balance,pin:role:info,req:part,model:actor,id:fgqcuw},role:transport,cmd:client}	ENTRY	(43awh)	-	-	GATE	
2016-02-18T11:11:32.515Z ak93xtubgfty/1455793796921/13337/undefined DEBUG	act	balance_client/mesh~k8gy5b	IN	w9rg2whb3jib/92vg2hev39t0	hook:client,role:transport,type:balance	{type:balance,pin:role:info,req:part,model:actor,id:fgqcuw,role:transport,hook:client}	ENTRY	(rc22o)	-	-	-	
2016-02-18T11:11:32.516Z ak93xtubgfty/1455793796921/13337/undefined DEBUG	-	-	ACT	o8o6wf0r10x3/r2fn4u0njks5	name:seneca-jbacqv,plugin:define,role:seneca,seq:4,tag:undefined	plugin	transport	client	{type:balance,pin:role:info,req:part,model:actor,id:fgqcuw,role:transport,hook:client}	[{role:info,req:part}]
2016-02-18T11:11:32.516Z ak93xtubgfty/1455793796921/13337/undefined DEBUG	act	balance_client/mesh~k8gy5b	OUT	w9rg2whb3jib/92vg2hev39t0	hook:client,role:transport,type:balance	{id:fgqcuw}	EXIT	(rc22o)	-	-	1	-	
2016-02-18T11:11:32.517Z ak93xtubgfty/1455793796921/13337/undefined DEBUG	act	transport	OUT	0yjtv53kupgl/92vg2hev39t0	cmd:client,role:transport	{id:fgqcuw}	EXIT	(43awh)	-	-	17	GATE	
2016-02-18T11:11:32.517Z ak93xtubgfty/1455793796921/13337/undefined DEBUG	plugin	client$       	client	sendqueue-clear	{type:balance,pin:role:info,req:part,model:actor,id:fgqcuw}
2016-02-18T11:11:32.517Z ak93xtubgfty/1455793796921/13337/undefined DEBUG	-	-	ACT	vrpykabr4dmq/tf55slo1t0be	name:mesh,plugin:define,role:seneca,seq:7,tag:undefined	plugin	mesh       	ADD	(x490e)	cmd:close,role:seneca		
2016-02-18T11:11:32.517Z ak93xtubgfty/1455793796921/13337/undefined DEBUG	act	transport	IN	z4gzghf6jyg4/59j048zgqfwz	cmd:client,role:transport	{config:{port:54110,model:actor,type:web,host:0.0.0.0,path:null,role:transport,hook:listen},role:transport,cmd:	ENTRY	(43awh)	-	-	GATE	
2016-02-18T11:11:32.518Z ak93xtubgfty/1455793796921/13337/undefined DEBUG	act	transport	IN	8uqygztyrdyu/59j048zgqfwz	hook:client,role:transport,type:web	{port:54110,model:actor,type:web,host:0.0.0.0,path:null,role:transport,hook:client,pin:role:github,id:hook:list	ENTRY	(s22m3)	-	-	-	
2016-02-18T11:11:32.520Z ak93xtubgfty/1455793796921/13337/undefined DEBUG	-	-	ACT	o8o6wf0r10x3/r2fn4u0njks5	name:seneca-jbacqv,plugin:define,role:seneca,seq:4,tag:undefined	plugin	transport	ACT	8uqygztyrdyu/59j048zgqfwz	hook:client,role:transport,type:web	client	{type:web,port:54110,host:0.0.0.0,path:/act,protocol:http,timeout:5555,max_listen_attempts:11,attempt_delay:222	[{role:github}]
2016-02-18T11:11:32.521Z ak93xtubgfty/1455793796921/13337/undefined DEBUG	act	transport	OUT	8uqygztyrdyu/59j048zgqfwz	hook:client,role:transport,type:web	{id:hook:listen,host:0.0.0.0,model:actor,path:null,pin:role:github,port:54110,role:transport,type:web}	EXIT	(s22m3)	-	-	3	-	
2016-02-18T11:11:32.522Z ak93xtubgfty/1455793796921/13337/undefined DEBUG	act	transport	OUT	z4gzghf6jyg4/59j048zgqfwz	cmd:client,role:transport	{id:hook:listen,host:0.0.0.0,model:actor,path:null,pin:role:github,port:54110,role:transport,type:web}	EXIT	(43awh)	-	-	18	GATE	
2016-02-18T11:11:32.522Z ak93xtubgfty/1455793796921/13337/undefined DEBUG	-	-	ACT	vrpykabr4dmq/tf55slo1t0be	name:mesh,plugin:define,role:seneca,seq:7,tag:undefined	plugin	mesh       	ACT	0txtxbcn77ic/59j048zgqfwz	add:client,role:transport,type:balance	plugin	client$       	client	sendqueue-clear	{port:54110,model:actor,type:web,host:0.0.0.0,path:null,role:transport,hook:listen}
2016-02-18T11:11:32.522Z ak93xtubgfty/1455793796921/13337/undefined DEBUG	act	transport	IN	kiqbn7wbwoe7/59j048zgqfwz	cmd:client,role:transport	{config:{port:54110,model:actor,type:web,host:0.0.0.0,path:null,role:transport,hook:listen},role:transport,cmd:	ENTRY	(43awh)	-	-	GATE	
2016-02-18T11:11:32.524Z ak93xtubgfty/1455793796921/13337/undefined DEBUG	act	transport	IN	j3ypnss1guax/59j048zgqfwz	hook:client,role:transport,type:web	{port:54110,model:actor,type:web,host:0.0.0.0,path:null,role:transport,hook:client,pin:role:info,req:part,id:ho	ENTRY	(s22m3)	-	-	-	
2016-02-18T11:11:32.525Z ak93xtubgfty/1455793796921/13337/undefined DEBUG	-	-	ACT	o8o6wf0r10x3/r2fn4u0njks5	name:seneca-jbacqv,plugin:define,role:seneca,seq:4,tag:undefined	plugin	transport	ACT	j3ypnss1guax/59j048zgqfwz	hook:client,role:transport,type:web	client	{type:web,port:54110,host:0.0.0.0,path:/act,protocol:http,timeout:5555,max_listen_attempts:11,attempt_delay:222	[{role:info,req:part}]
2016-02-18T11:11:32.526Z ak93xtubgfty/1455793796921/13337/undefined DEBUG	act	transport	OUT	j3ypnss1guax/59j048zgqfwz	hook:client,role:transport,type:web	{id:hook:listen,host:0.0.0.0,model:actor,path:null,pin:role:info,req:part,port:54110,role:transport,type:web}	EXIT	(s22m3)	-	-	1	-	
2016-02-18T11:11:32.526Z ak93xtubgfty/1455793796921/13337/undefined DEBUG	act	transport	OUT	kiqbn7wbwoe7/59j048zgqfwz	cmd:client,role:transport	{id:hook:listen,host:0.0.0.0,model:actor,path:null,pin:role:info,req:part,port:54110,role:transport,type:web}	EXIT	(43awh)	-	-	21	GATE	
2016-02-18T11:11:32.526Z ak93xtubgfty/1455793796921/13337/undefined DEBUG	-	-	ACT	vrpykabr4dmq/tf55slo1t0be	name:mesh,plugin:define,role:seneca,seq:7,tag:undefined	plugin	mesh       	ACT	biic3lwrryb9/59j048zgqfwz	add:client,role:transport,type:balance	plugin	client$       	client	sendqueue-clear	{port:54110,model:actor,type:web,host:0.0.0.0,path:null,role:transport,hook:listen}
2016-02-18T11:11:50.368Z ak93xtubgfty/1455793796921/13337/undefined INFO	client	{type:balance,pin:role:search,model:actor}	
2016-02-18T11:11:50.369Z ak93xtubgfty/1455793796921/13337/undefined DEBUG	plugin	client$       	ADD	(1v9q6)	role:search	transport_client	
2016-02-18T11:11:50.372Z ak93xtubgfty/1455793796921/13337/undefined DEBUG	act	balance_client/mesh~k8gy5b	IN	7cx07y9d6eld/59j048zgqfwz	add:client,role:transport,type:balance	{config:{port:51071,model:actor,type:web,host:0.0.0.0,path:null,role:transport,hook:listen},role:transport,type	ENTRY	(hbq4q)	-	-	-	
2016-02-18T11:11:50.374Z ak93xtubgfty/1455793796921/13337/undefined INFO	-	-	ACT	vrpykabr4dmq/tf55slo1t0be	name:mesh,plugin:define,role:seneca,seq:7,tag:undefined	plugin	mesh       	ACT	7cx07y9d6eld/59j048zgqfwz	add:client,role:transport,type:balance	client	{port:51071,model:actor,type:web,host:0.0.0.0,path:null,role:transport,hook:listen}	
2016-02-18T11:11:50.378Z ak93xtubgfty/1455793796921/13337/undefined DEBUG	act	balance_client/mesh~k8gy5b	OUT	7cx07y9d6eld/59j048zgqfwz	add:client,role:transport,type:balance	null	EXIT	(hbq4q)	-	-	7	-	
2016-02-18T11:11:50.380Z ak93xtubgfty/1455793796921/13337/undefined DEBUG	act	transport	IN	lw5vezbmm5mi/y68jssfp3ijz	cmd:client,role:transport	{config:{type:balance,pin:role:search,model:actor,id:9fdhbh},role:transport,cmd:client}	ENTRY	(43awh)	-	-	GATE	
2016-02-18T11:11:50.382Z ak93xtubgfty/1455793796921/13337/undefined DEBUG	act	balance_client/mesh~k8gy5b	IN	himuai3m593n/y68jssfp3ijz	hook:client,role:transport,type:balance	{type:balance,pin:role:search,model:actor,id:9fdhbh,role:transport,hook:client}	ENTRY	(rc22o)	-	-	-	
2016-02-18T11:11:50.383Z ak93xtubgfty/1455793796921/13337/undefined DEBUG	-	-	ACT	o8o6wf0r10x3/r2fn4u0njks5	name:seneca-jbacqv,plugin:define,role:seneca,seq:4,tag:undefined	plugin	transport	client	{type:balance,pin:role:search,model:actor,id:9fdhbh,role:transport,hook:client}	[{role:search}]
2016-02-18T11:11:50.392Z ak93xtubgfty/1455793796921/13337/undefined DEBUG	act	balance_client/mesh~k8gy5b	OUT	himuai3m593n/y68jssfp3ijz	hook:client,role:transport,type:balance	{id:9fdhbh}	EXIT	(rc22o)	-	-	10	-	
2016-02-18T11:11:50.393Z ak93xtubgfty/1455793796921/13337/undefined DEBUG	act	transport	OUT	lw5vezbmm5mi/y68jssfp3ijz	cmd:client,role:transport	{id:9fdhbh}	EXIT	(43awh)	-	-	22	GATE	
2016-02-18T11:11:50.394Z ak93xtubgfty/1455793796921/13337/undefined DEBUG	plugin	client$       	client	sendqueue-clear	{type:balance,pin:role:search,model:actor,id:9fdhbh}
2016-02-18T11:11:50.399Z ak93xtubgfty/1455793796921/13337/undefined DEBUG	-	-	ACT	vrpykabr4dmq/tf55slo1t0be	name:mesh,plugin:define,role:seneca,seq:7,tag:undefined	plugin	mesh       	ADD	(f8ia5)	cmd:close,role:seneca		
2016-02-18T11:11:50.406Z ak93xtubgfty/1455793796921/13337/undefined DEBUG	act	transport	IN	gnol7190e3d6/59j048zgqfwz	cmd:client,role:transport	{config:{port:51071,model:actor,type:web,host:0.0.0.0,path:null,role:transport,hook:listen},role:transport,cmd:	ENTRY	(43awh)	-	-	GATE	
2016-02-18T11:11:50.409Z ak93xtubgfty/1455793796921/13337/undefined DEBUG	act	transport	IN	phuw2fh5jlnx/59j048zgqfwz	hook:client,role:transport,type:web	{port:51071,model:actor,type:web,host:0.0.0.0,path:null,role:transport,hook:client,pin:role:search,id:hook:list	ENTRY	(s22m3)	-	-	-	
2016-02-18T11:11:50.411Z ak93xtubgfty/1455793796921/13337/undefined DEBUG	-	-	ACT	o8o6wf0r10x3/r2fn4u0njks5	name:seneca-jbacqv,plugin:define,role:seneca,seq:4,tag:undefined	plugin	transport	ACT	phuw2fh5jlnx/59j048zgqfwz	hook:client,role:transport,type:web	client	{type:web,port:51071,host:0.0.0.0,path:/act,protocol:http,timeout:5555,max_listen_attempts:11,attempt_delay:222	[{role:search}]
2016-02-18T11:11:50.416Z ak93xtubgfty/1455793796921/13337/undefined DEBUG	act	transport	OUT	phuw2fh5jlnx/59j048zgqfwz	hook:client,role:transport,type:web	{id:hook:listen,host:0.0.0.0,model:actor,path:null,pin:role:search,port:51071,role:transport,type:web}	EXIT	(s22m3)	-	-	6	-	
2016-02-18T11:11:50.416Z ak93xtubgfty/1455793796921/13337/undefined DEBUG	act	transport	OUT	gnol7190e3d6/59j048zgqfwz	cmd:client,role:transport	{id:hook:listen,host:0.0.0.0,model:actor,path:null,pin:role:search,port:51071,role:transport,type:web}	EXIT	(43awh)	-	-	38	GATE	
2016-02-18T11:11:50.417Z ak93xtubgfty/1455793796921/13337/undefined DEBUG	-	-	ACT	vrpykabr4dmq/tf55slo1t0be	name:mesh,plugin:define,role:seneca,seq:7,tag:undefined	plugin	mesh       	ACT	7cx07y9d6eld/59j048zgqfwz	add:client,role:transport,type:balance	plugin	client$       	client	sendqueue-clear	{port:51071,model:actor,type:web,host:0.0.0.0,path:null,role:transport,hook:listen}
2016-02-18T11:11:50.676Z ak93xtubgfty/1455793796921/13337/undefined DEBUG	act	balance_client/mesh~k8gy5b	IN	ln5gowj89sco/59j048zgqfwz	remove:client,role:transport,type:balance	{config:{port:51071,model:actor,type:web,host:0.0.0.0,path:null,role:transport,hook:listen},role:transport,type	ENTRY	(7zsmz)	-	-	-	
2016-02-18T11:11:50.684Z ak93xtubgfty/1455793796921/13337/undefined DEBUG	act	balance_client/mesh~k8gy5b	OUT	ln5gowj89sco/59j048zgqfwz	remove:client,role:transport,type:balance	null	EXIT	(7zsmz)	-	-	8	-	
2016-02-18T11:11:57.627Z ak93xtubgfty/1455793796921/13337/undefined INFO	client	{type:balance,pin:role:npm,model:actor}	
2016-02-18T11:11:57.628Z ak93xtubgfty/1455793796921/13337/undefined DEBUG	plugin	client$       	ADD	(zxsvg)	role:npm	transport_client	
2016-02-18T11:11:57.631Z ak93xtubgfty/1455793796921/13337/undefined DEBUG	act	balance_client/mesh~k8gy5b	IN	gofezli90n1n/59j048zgqfwz	add:client,role:transport,type:balance	{config:{port:52795,model:actor,type:web,host:0.0.0.0,path:null,role:transport,hook:listen},role:transport,type	ENTRY	(hbq4q)	-	-	-	
2016-02-18T11:11:57.634Z ak93xtubgfty/1455793796921/13337/undefined INFO	-	-	ACT	vrpykabr4dmq/tf55slo1t0be	name:mesh,plugin:define,role:seneca,seq:7,tag:undefined	plugin	mesh       	ACT	gofezli90n1n/59j048zgqfwz	add:client,role:transport,type:balance	client	{port:52795,model:actor,type:web,host:0.0.0.0,path:null,role:transport,hook:listen}	
2016-02-18T11:11:57.638Z ak93xtubgfty/1455793796921/13337/undefined DEBUG	act	balance_client/mesh~k8gy5b	OUT	gofezli90n1n/59j048zgqfwz	add:client,role:transport,type:balance	null	EXIT	(hbq4q)	-	-	8	-	
2016-02-18T11:11:57.638Z ak93xtubgfty/1455793796921/13337/undefined DEBUG	act	balance_client/mesh~k8gy5b	IN	z55gjxn2639u/59j048zgqfwz	add:client,role:transport,type:balance	{config:{port:52795,model:actor,type:web,host:0.0.0.0,path:null,role:transport,hook:listen},role:transport,type	ENTRY	(hbq4q)	-	-	-	
2016-02-18T11:11:57.639Z ak93xtubgfty/1455793796921/13337/undefined INFO	-	-	ACT	vrpykabr4dmq/tf55slo1t0be	name:mesh,plugin:define,role:seneca,seq:7,tag:undefined	plugin	mesh       	ACT	z55gjxn2639u/59j048zgqfwz	add:client,role:transport,type:balance	client	{port:52795,model:actor,type:web,host:0.0.0.0,path:null,role:transport,hook:listen}	
2016-02-18T11:11:57.647Z ak93xtubgfty/1455793796921/13337/undefined DEBUG	act	balance_client/mesh~k8gy5b	OUT	z55gjxn2639u/59j048zgqfwz	add:client,role:transport,type:balance	null	EXIT	(hbq4q)	-	-	16	-	
2016-02-18T11:11:57.648Z ak93xtubgfty/1455793796921/13337/undefined DEBUG	act	transport	IN	dv3hqfog53gy/hquvjuifut85	cmd:client,role:transport	{config:{type:balance,pin:role:npm,model:actor,id:xox765},role:transport,cmd:client}	ENTRY	(43awh)	-	-	GATE	
2016-02-18T11:11:57.650Z ak93xtubgfty/1455793796921/13337/undefined DEBUG	act	balance_client/mesh~k8gy5b	IN	ul1rqjc8hnun/hquvjuifut85	hook:client,role:transport,type:balance	{type:balance,pin:role:npm,model:actor,id:xox765,role:transport,hook:client}	ENTRY	(rc22o)	-	-	-	
2016-02-18T11:11:57.652Z ak93xtubgfty/1455793796921/13337/undefined DEBUG	-	-	ACT	o8o6wf0r10x3/r2fn4u0njks5	name:seneca-jbacqv,plugin:define,role:seneca,seq:4,tag:undefined	plugin	transport	client	{type:balance,pin:role:npm,model:actor,id:xox765,role:transport,hook:client}	[{role:npm}]
2016-02-18T11:11:57.654Z ak93xtubgfty/1455793796921/13337/undefined DEBUG	act	balance_client/mesh~k8gy5b	OUT	ul1rqjc8hnun/hquvjuifut85	hook:client,role:transport,type:balance	{id:xox765}	EXIT	(rc22o)	-	-	4	-	
2016-02-18T11:11:57.654Z ak93xtubgfty/1455793796921/13337/undefined DEBUG	act	transport	OUT	dv3hqfog53gy/hquvjuifut85	cmd:client,role:transport	{id:xox765}	EXIT	(43awh)	-	-	25	GATE	
2016-02-18T11:11:57.655Z ak93xtubgfty/1455793796921/13337/undefined DEBUG	plugin	client$       	client	sendqueue-clear	{type:balance,pin:role:npm,model:actor,id:xox765}
2016-02-18T11:11:57.655Z ak93xtubgfty/1455793796921/13337/undefined DEBUG	-	-	ACT	vrpykabr4dmq/tf55slo1t0be	name:mesh,plugin:define,role:seneca,seq:7,tag:undefined	plugin	mesh       	ADD	(dslez)	cmd:close,role:seneca		
2016-02-18T11:11:57.655Z ak93xtubgfty/1455793796921/13337/undefined DEBUG	act	transport	IN	1kay9frs2jbs/59j048zgqfwz	cmd:client,role:transport	{config:{port:52795,model:actor,type:web,host:0.0.0.0,path:null,role:transport,hook:listen},role:transport,cmd:	ENTRY	(43awh)	-	-	GATE	
2016-02-18T11:11:57.657Z ak93xtubgfty/1455793796921/13337/undefined DEBUG	act	transport	IN	hazi1kp0g6lz/59j048zgqfwz	hook:client,role:transport,type:web	{port:52795,model:actor,type:web,host:0.0.0.0,path:null,role:transport,hook:client,pin:role:npm,id:hook:listen,	ENTRY	(s22m3)	-	-	-	
2016-02-18T11:11:57.663Z ak93xtubgfty/1455793796921/13337/undefined DEBUG	-	-	ACT	o8o6wf0r10x3/r2fn4u0njks5	name:seneca-jbacqv,plugin:define,role:seneca,seq:4,tag:undefined	plugin	transport	ACT	hazi1kp0g6lz/59j048zgqfwz	hook:client,role:transport,type:web	client	{type:web,port:52795,host:0.0.0.0,path:/act,protocol:http,timeout:5555,max_listen_attempts:11,attempt_delay:222	[{role:npm}]
2016-02-18T11:11:57.673Z ak93xtubgfty/1455793796921/13337/undefined DEBUG	act	transport	OUT	hazi1kp0g6lz/59j048zgqfwz	hook:client,role:transport,type:web	{id:hook:listen,host:0.0.0.0,model:actor,path:null,pin:role:npm,port:52795,role:transport,type:web}	EXIT	(s22m3)	-	-	15	-	
2016-02-18T11:11:57.674Z ak93xtubgfty/1455793796921/13337/undefined DEBUG	act	transport	OUT	1kay9frs2jbs/59j048zgqfwz	cmd:client,role:transport	{id:hook:listen,host:0.0.0.0,model:actor,path:null,pin:role:npm,port:52795,role:transport,type:web}	EXIT	(43awh)	-	-	36	GATE	
2016-02-18T11:11:57.675Z ak93xtubgfty/1455793796921/13337/undefined DEBUG	-	-	ACT	vrpykabr4dmq/tf55slo1t0be	name:mesh,plugin:define,role:seneca,seq:7,tag:undefined	plugin	mesh       	ACT	gofezli90n1n/59j048zgqfwz	add:client,role:transport,type:balance	plugin	client$       	client	sendqueue-clear	{port:52795,model:actor,type:web,host:0.0.0.0,path:null,role:transport,hook:listen}
2016-02-18T11:11:57.677Z ak93xtubgfty/1455793796921/13337/undefined DEBUG	act	transport	IN	0n7fi2pvwj08/59j048zgqfwz	cmd:client,role:transport	{config:{port:52795,model:actor,type:web,host:0.0.0.0,path:null,role:transport,hook:listen},role:transport,cmd:	ENTRY	(43awh)	-	-	GATE	
2016-02-18T11:11:57.679Z ak93xtubgfty/1455793796921/13337/undefined DEBUG	act	transport	IN	drnu6pvv27fa/59j048zgqfwz	hook:client,role:transport,type:web	{port:52795,model:actor,type:web,host:0.0.0.0,path:null,role:transport,hook:client,pin:role:info,req:part,id:ho	ENTRY	(s22m3)	-	-	-	
2016-02-18T11:11:57.683Z ak93xtubgfty/1455793796921/13337/undefined DEBUG	-	-	ACT	o8o6wf0r10x3/r2fn4u0njks5	name:seneca-jbacqv,plugin:define,role:seneca,seq:4,tag:undefined	plugin	transport	ACT	drnu6pvv27fa/59j048zgqfwz	hook:client,role:transport,type:web	client	{type:web,port:52795,host:0.0.0.0,path:/act,protocol:http,timeout:5555,max_listen_attempts:11,attempt_delay:222	[{role:info,req:part}]
2016-02-18T11:11:57.684Z ak93xtubgfty/1455793796921/13337/undefined DEBUG	act	transport	OUT	drnu6pvv27fa/59j048zgqfwz	hook:client,role:transport,type:web	{id:hook:listen,host:0.0.0.0,model:actor,path:null,pin:role:info,req:part,port:52795,role:transport,type:web}	EXIT	(s22m3)	-	-	4	-	
2016-02-18T11:11:57.684Z ak93xtubgfty/1455793796921/13337/undefined DEBUG	act	transport	OUT	0n7fi2pvwj08/59j048zgqfwz	cmd:client,role:transport	{id:hook:listen,host:0.0.0.0,model:actor,path:null,pin:role:info,req:part,port:52795,role:transport,type:web}	EXIT	(43awh)	-	-	38	GATE	
2016-02-18T11:11:57.684Z ak93xtubgfty/1455793796921/13337/undefined DEBUG	-	-	ACT	vrpykabr4dmq/tf55slo1t0be	name:mesh,plugin:define,role:seneca,seq:7,tag:undefined	plugin	mesh       	ACT	z55gjxn2639u/59j048zgqfwz	add:client,role:transport,type:balance	plugin	client$       	client	sendqueue-clear	{port:52795,model:actor,type:web,host:0.0.0.0,path:null,role:transport,hook:listen}
2016-02-18T11:12:24.307Z ak93xtubgfty/1455793796921/13337/undefined DEBUG	act	balance_client/mesh~k8gy5b	IN	pff0t6jthxjy/59j048zgqfwz	add:client,role:transport,type:balance	{config:{port:53918,model:actor,type:web,host:0.0.0.0,path:null,role:transport,hook:listen},role:transport,type	ENTRY	(hbq4q)	-	-	-	
2016-02-18T11:12:24.309Z ak93xtubgfty/1455793796921/13337/undefined INFO	-	-	ACT	vrpykabr4dmq/tf55slo1t0be	name:mesh,plugin:define,role:seneca,seq:7,tag:undefined	plugin	mesh       	ACT	pff0t6jthxjy/59j048zgqfwz	add:client,role:transport,type:balance	client	{port:53918,model:actor,type:web,host:0.0.0.0,path:null,role:transport,hook:listen}	
2016-02-18T11:12:24.313Z ak93xtubgfty/1455793796921/13337/undefined DEBUG	act	balance_client/mesh~k8gy5b	OUT	pff0t6jthxjy/59j048zgqfwz	add:client,role:transport,type:balance	null	EXIT	(hbq4q)	-	-	6	-	
2016-02-18T11:12:24.315Z ak93xtubgfty/1455793796921/13337/undefined DEBUG	act	transport	IN	giin97kgaksv/59j048zgqfwz	cmd:client,role:transport	{config:{port:53918,model:actor,type:web,host:0.0.0.0,path:null,role:transport,hook:listen},role:transport,cmd:	ENTRY	(43awh)	-	-	GATE	
2016-02-18T11:12:24.316Z ak93xtubgfty/1455793796921/13337/undefined DEBUG	act	transport	IN	k5qjq3b9x3q7/59j048zgqfwz	hook:client,role:transport,type:web	{port:53918,model:actor,type:web,host:0.0.0.0,path:null,role:transport,hook:client,pin:role:search,id:hook:list	ENTRY	(s22m3)	-	-	-	
2016-02-18T11:12:24.317Z ak93xtubgfty/1455793796921/13337/undefined DEBUG	-	-	ACT	o8o6wf0r10x3/r2fn4u0njks5	name:seneca-jbacqv,plugin:define,role:seneca,seq:4,tag:undefined	plugin	transport	ACT	k5qjq3b9x3q7/59j048zgqfwz	hook:client,role:transport,type:web	client	{type:web,port:53918,host:0.0.0.0,path:/act,protocol:http,timeout:5555,max_listen_attempts:11,attempt_delay:222	[{role:search}]
2016-02-18T11:12:24.317Z ak93xtubgfty/1455793796921/13337/undefined DEBUG	act	transport	OUT	k5qjq3b9x3q7/59j048zgqfwz	hook:client,role:transport,type:web	{id:hook:listen,host:0.0.0.0,model:actor,path:null,pin:role:search,port:53918,role:transport,type:web}	EXIT	(s22m3)	-	-	1	-	
2016-02-18T11:12:24.318Z ak93xtubgfty/1455793796921/13337/undefined DEBUG	act	transport	OUT	giin97kgaksv/59j048zgqfwz	cmd:client,role:transport	{id:hook:listen,host:0.0.0.0,model:actor,path:null,pin:role:search,port:53918,role:transport,type:web}	EXIT	(43awh)	-	-	4	GATE	
2016-02-18T11:12:24.318Z ak93xtubgfty/1455793796921/13337/undefined DEBUG	-	-	ACT	vrpykabr4dmq/tf55slo1t0be	name:mesh,plugin:define,role:seneca,seq:7,tag:undefined	plugin	mesh       	ACT	pff0t6jthxjy/59j048zgqfwz	add:client,role:transport,type:balance	plugin	client$       	client	sendqueue-clear	{port:53918,model:actor,type:web,host:0.0.0.0,path:null,role:transport,hook:listen}
2016-02-18T11:12:24.817Z ak93xtubgfty/1455793796921/13337/undefined DEBUG	act	balance_client/mesh~k8gy5b	IN	8i36hwyloal5/59j048zgqfwz	remove:client,role:transport,type:balance	{config:{port:53918,model:actor,type:web,host:0.0.0.0,path:null,role:transport,hook:listen},role:transport,type	ENTRY	(7zsmz)	-	-	-	
2016-02-18T11:12:24.819Z ak93xtubgfty/1455793796921/13337/undefined DEBUG	act	balance_client/mesh~k8gy5b	OUT	8i36hwyloal5/59j048zgqfwz	remove:client,role:transport,type:balance	null	EXIT	(7zsmz)	-	-	2	-	
2016-02-18T11:12:28.862Z ak93xtubgfty/1455793796921/13337/undefined DEBUG	act	balance_client/mesh~k8gy5b	IN	lrvbgjp6rsww/59j048zgqfwz	remove:client,role:transport,type:balance	{config:{port:50937,model:actor,type:web,host:0.0.0.0,path:null,role:transport,hook:listen},role:transport,type	ENTRY	(7zsmz)	-	-	-	
2016-02-18T11:12:28.863Z ak93xtubgfty/1455793796921/13337/undefined DEBUG	act	balance_client/mesh~k8gy5b	OUT	lrvbgjp6rsww/59j048zgqfwz	remove:client,role:transport,type:balance	null	EXIT	(7zsmz)	-	-	1	-	
2016-02-18T11:12:29.169Z ak93xtubgfty/1455793796921/13337/undefined DEBUG	act	balance_client/mesh~k8gy5b	IN	ows6cq1ieczl/59j048zgqfwz	remove:client,role:transport,type:balance	{config:{port:54110,model:actor,type:web,host:0.0.0.0,path:null,role:transport,hook:listen},role:transport,type	ENTRY	(7zsmz)	-	-	-	
2016-02-18T11:12:29.170Z ak93xtubgfty/1455793796921/13337/undefined DEBUG	act	balance_client/mesh~k8gy5b	OUT	ows6cq1ieczl/59j048zgqfwz	remove:client,role:transport,type:balance	null	EXIT	(7zsmz)	-	-	2	-	
2016-02-18T11:12:29.171Z ak93xtubgfty/1455793796921/13337/undefined DEBUG	act	balance_client/mesh~k8gy5b	IN	7gt6ofzpx2x4/59j048zgqfwz	remove:client,role:transport,type:balance	{config:{port:54110,model:actor,type:web,host:0.0.0.0,path:null,role:transport,hook:listen},role:transport,type	ENTRY	(7zsmz)	-	-	-	
2016-02-18T11:12:29.172Z ak93xtubgfty/1455793796921/13337/undefined DEBUG	act	balance_client/mesh~k8gy5b	OUT	7gt6ofzpx2x4/59j048zgqfwz	remove:client,role:transport,type:balance	null	EXIT	(7zsmz)	-	-	3	-	
