2016-02-18T11:09:57.049Z d731mb7lqv3z/1455793797038/13338/undefined INFO	hello	Seneca/1.2.0/d731mb7lqv3z/1455793797038/13338/undefined	
2016-02-18T11:09:57.062Z d731mb7lqv3z/1455793797038/13338/undefined DEBUG	options	{ tag: 'undefined',   idlen: 12,   timeout: 11111,   default_plugins:     { basic: true,      cluster: true,      entity: true,      'mem-store': true,      repl: true,      transport: true,      web: true },   debug:     { fragile: false,      undead: false,      print: { options: false },      act_caller: false,      short_logs: false,      callpoint: false },   strict: { result: true, fixedargs: true, add: false, find: true },   actcache: { active: true, size: 11111 },   trace: { act: false, stack: false, unknown: 'warn' },   stats: { size: 1024, interval: 60000, running: false },   deathdelay: 11111,   admin: { local: false, prefix: '/admin' },   plugin: {},   internal:     { close_signals: { SIGHUP: true, SIGTERM: true, SIGINT: true, SIGBREAK: true },      actrouter: ,      subrouter:  },   status: { interval: 60000, running: false },   zig: {},   log:     { map:        [ { level: 'all',           handler: { [Function: print] routestr: '{ level: \'fatal\' }' } } ] } }
2016-02-18T11:09:57.071Z d731mb7lqv3z/1455793797038/13338/undefined DEBUG	ADD	(ossxf)	cmd:stats,role:seneca	action_seneca_stats	
2016-02-18T11:09:57.072Z d731mb7lqv3z/1455793797038/13338/undefined DEBUG	ADD	(3m8i1)	cmd:close,role:seneca	action_seneca_close	
2016-02-18T11:09:57.072Z d731mb7lqv3z/1455793797038/13338/undefined DEBUG	ADD	(s3iul)	info:fatal,role:seneca	action_seneca_fatal	
2016-02-18T11:09:57.072Z d731mb7lqv3z/1455793797038/13338/undefined DEBUG	ADD	(0kfsa)	get:options,role:seneca	action_options_get	
2016-02-18T11:09:57.073Z d731mb7lqv3z/1455793797038/13338/undefined DEBUG	ADD	(texx4)	role:seneca,stats:true	action_seneca_stats	
2016-02-18T11:09:57.073Z d731mb7lqv3z/1455793797038/13338/undefined DEBUG	ADD	(h4xo7)	cmd:get,role:options	action_options_get	
2016-02-18T11:10:01.470Z d731mb7lqv3z/1455793797038/13338/undefined DEBUG	ADD	(moc4j)	name:basic,plugin:define,role:seneca,seq:1,tag:undefined	plugin_definition	
2016-02-18T11:10:03.607Z d731mb7lqv3z/1455793797038/13338/undefined DEBUG	ADD	(pwfio)	name:seneca-yls1vi,plugin:define,role:seneca,seq:2,tag:undefined	plugin_definition	
2016-02-18T11:10:05.037Z d731mb7lqv3z/1455793797038/13338/undefined DEBUG	ADD	(gayou)	name:seneca-u4gebf,plugin:define,role:seneca,seq:3,tag:undefined	plugin_definition	
2016-02-18T11:10:19.660Z d731mb7lqv3z/1455793797038/13338/undefined DEBUG	ADD	(bxf3r)	name:seneca-hhk4iw,plugin:define,role:seneca,seq:4,tag:undefined	plugin_definition	
2016-02-18T11:10:38.824Z d731mb7lqv3z/1455793797038/13338/undefined DEBUG	ADD	(t2zln)	name:seneca-vkrksn,plugin:define,role:seneca,seq:5,tag:undefined	plugin_definition	
2016-02-18T11:11:02.727Z d731mb7lqv3z/1455793797038/13338/undefined DEBUG	ADD	(w5tec)	name:level-store,plugin:define,role:seneca,seq:6,tag:undefined	plugin_definition	
2016-02-18T11:11:32.892Z d731mb7lqv3z/1455793797038/13338/undefined DEBUG	ADD	(mmhhl)	name:msgstats,plugin:define,role:seneca,seq:7,tag:undefined	plugin_definition	
2016-02-18T11:11:33.141Z d731mb7lqv3z/1455793797038/13338/undefined DEBUG	ADD	(khi15)	name:npm,plugin:define,role:seneca,seq:8,tag:undefined	plugin_definition	
2016-02-18T11:11:33.147Z d731mb7lqv3z/1455793797038/13338/undefined DEBUG	ADD	(z4z7g)	req:part,role:info		
2016-02-18T11:11:33.148Z d731mb7lqv3z/1455793797038/13338/undefined DEBUG	ADD	(f4gbr)	info:change,role:npm		
2016-02-18T11:11:56.072Z d731mb7lqv3z/1455793797038/13338/undefined DEBUG	ADD	(e89tb)	name:mesh,plugin:define,role:seneca,seq:9,tag:undefined	plugin_definition	
2016-02-18T11:11:56.075Z d731mb7lqv3z/1455793797038/13338/undefined DEBUG	act	root$       	IN	xveqtl0x6gmt/by1skqka32ul	name:basic,plugin:define,role:seneca,seq:1,tag:undefined	{role:seneca,plugin:define,name:basic,tag:null,seq:1}	ENTRY	(moc4j)	-	-	GATE	
2016-02-18T11:11:56.077Z d731mb7lqv3z/1455793797038/13338/undefined DEBUG	-	-	ACT	xveqtl0x6gmt/by1skqka32ul	name:basic,plugin:define,role:seneca,seq:1,tag:undefined	register	init	basic		{}
2016-02-18T11:11:56.080Z d731mb7lqv3z/1455793797038/13338/undefined DEBUG	-	-	ACT	xveqtl0x6gmt/by1skqka32ul	name:basic,plugin:define,role:seneca,seq:1,tag:undefined	plugin	basic       	ADD	(ulwqy)	cmd:quickcode,role:basic	quickcode	
2016-02-18T11:11:56.080Z d731mb7lqv3z/1455793797038/13338/undefined DEBUG	-	-	ACT	xveqtl0x6gmt/by1skqka32ul	name:basic,plugin:define,role:seneca,seq:1,tag:undefined	plugin	basic       	ADD	(2r5zu)	cmd:generate_id,role:basic	generate_id	
2016-02-18T11:11:56.080Z d731mb7lqv3z/1455793797038/13338/undefined DEBUG	-	-	ACT	xveqtl0x6gmt/by1skqka32ul	name:basic,plugin:define,role:seneca,seq:1,tag:undefined	plugin	basic       	ADD	(mm9xr)	cmd:quickcode,role:util	quickcode	
2016-02-18T11:11:56.080Z d731mb7lqv3z/1455793797038/13338/undefined DEBUG	-	-	ACT	xveqtl0x6gmt/by1skqka32ul	name:basic,plugin:define,role:seneca,seq:1,tag:undefined	plugin	basic       	ADD	(4z4zr)	cmd:generate_id,role:util	generate_id	
2016-02-18T11:11:56.081Z d731mb7lqv3z/1455793797038/13338/undefined DEBUG	-	-	ACT	xveqtl0x6gmt/by1skqka32ul	name:basic,plugin:define,role:seneca,seq:1,tag:undefined	plugin	basic       	ADD	(0qauo)	cmd:ensure_entity,role:basic	ensure_entity	
2016-02-18T11:11:56.082Z d731mb7lqv3z/1455793797038/13338/undefined DEBUG	-	-	ACT	xveqtl0x6gmt/by1skqka32ul	name:basic,plugin:define,role:seneca,seq:1,tag:undefined	plugin	basic       	ADD	(3tmky)	cmd:define_sys_entity,role:basic	define_sys_entity	
2016-02-18T11:11:56.083Z d731mb7lqv3z/1455793797038/13338/undefined DEBUG	-	-	ACT	xveqtl0x6gmt/by1skqka32ul	name:basic,plugin:define,role:seneca,seq:1,tag:undefined	plugin	basic       	ADD	(cmshq)	cmd:ensure_entity,role:util	ensure_entity	
2016-02-18T11:11:56.083Z d731mb7lqv3z/1455793797038/13338/undefined DEBUG	-	-	ACT	xveqtl0x6gmt/by1skqka32ul	name:basic,plugin:define,role:seneca,seq:1,tag:undefined	plugin	basic       	ADD	(0qwvr)	cmd:define_sys_entity,role:util	define_sys_entity	
2016-02-18T11:11:56.085Z d731mb7lqv3z/1455793797038/13338/undefined DEBUG	-	-	ACT	xveqtl0x6gmt/by1skqka32ul	name:basic,plugin:define,role:seneca,seq:1,tag:undefined	plugin	basic       	ADD	(nc566)	cmd:set,note:true,role:basic	set	
2016-02-18T11:11:56.087Z d731mb7lqv3z/1455793797038/13338/undefined DEBUG	-	-	ACT	xveqtl0x6gmt/by1skqka32ul	name:basic,plugin:define,role:seneca,seq:1,tag:undefined	plugin	basic       	ADD	(9fn1z)	cmd:get,note:true,role:basic	get	
2016-02-18T11:11:56.089Z d731mb7lqv3z/1455793797038/13338/undefined DEBUG	-	-	ACT	xveqtl0x6gmt/by1skqka32ul	name:basic,plugin:define,role:seneca,seq:1,tag:undefined	plugin	basic       	ADD	(yhb3z)	cmd:list,note:true,role:basic	list	
2016-02-18T11:11:56.090Z d731mb7lqv3z/1455793797038/13338/undefined DEBUG	-	-	ACT	xveqtl0x6gmt/by1skqka32ul	name:basic,plugin:define,role:seneca,seq:1,tag:undefined	plugin	basic       	ADD	(ghwg5)	cmd:push,note:true,role:basic	push	
2016-02-18T11:11:56.090Z d731mb7lqv3z/1455793797038/13338/undefined DEBUG	-	-	ACT	xveqtl0x6gmt/by1skqka32ul	name:basic,plugin:define,role:seneca,seq:1,tag:undefined	plugin	basic       	ADD	(dwp3z)	cmd:pop,note:true,role:basic	pop	
2016-02-18T11:11:56.093Z d731mb7lqv3z/1455793797038/13338/undefined DEBUG	-	-	ACT	xveqtl0x6gmt/by1skqka32ul	name:basic,plugin:define,role:seneca,seq:1,tag:undefined	plugin	basic       	ADD	(js8rn)	cmd:set,note:true,role:util	set	
2016-02-18T11:11:56.093Z d731mb7lqv3z/1455793797038/13338/undefined DEBUG	-	-	ACT	xveqtl0x6gmt/by1skqka32ul	name:basic,plugin:define,role:seneca,seq:1,tag:undefined	plugin	basic       	ADD	(u4x35)	cmd:get,note:true,role:util	get	
2016-02-18T11:11:56.094Z d731mb7lqv3z/1455793797038/13338/undefined DEBUG	-	-	ACT	xveqtl0x6gmt/by1skqka32ul	name:basic,plugin:define,role:seneca,seq:1,tag:undefined	plugin	basic       	ADD	(tbs0e)	cmd:list,note:true,role:util	list	
2016-02-18T11:11:56.094Z d731mb7lqv3z/1455793797038/13338/undefined DEBUG	-	-	ACT	xveqtl0x6gmt/by1skqka32ul	name:basic,plugin:define,role:seneca,seq:1,tag:undefined	plugin	basic       	ADD	(pyyz9)	cmd:push,note:true,role:util	push	
2016-02-18T11:11:56.094Z d731mb7lqv3z/1455793797038/13338/undefined DEBUG	-	-	ACT	xveqtl0x6gmt/by1skqka32ul	name:basic,plugin:define,role:seneca,seq:1,tag:undefined	plugin	basic       	ADD	(qh53m)	cmd:pop,note:true,role:util	pop	
2016-02-18T11:11:56.094Z d731mb7lqv3z/1455793797038/13338/undefined DEBUG	-	-	ACT	xveqtl0x6gmt/by1skqka32ul	name:basic,plugin:define,role:seneca,seq:1,tag:undefined	plugin	basic       	options	set	{basic:{}}	
2016-02-18T11:11:56.100Z d731mb7lqv3z/1455793797038/13338/undefined DEBUG	-	-	ACT	xveqtl0x6gmt/by1skqka32ul	name:basic,plugin:define,role:seneca,seq:1,tag:undefined	register	install	basic	{exports:[basic]}	
2016-02-18T11:11:56.101Z d731mb7lqv3z/1455793797038/13338/undefined DEBUG	-	-	ACT	xveqtl0x6gmt/by1skqka32ul	name:basic,plugin:define,role:seneca,seq:1,tag:undefined	act	-	-	DEFAULT	{init:basic,tag:null}	
2016-02-18T11:11:56.102Z d731mb7lqv3z/1455793797038/13338/undefined DEBUG	act	-       	OUT	5y5r4qcb0mya/by1skqka32ul		{}	EXIT		-	-	2	-	
2016-02-18T11:11:56.103Z d731mb7lqv3z/1455793797038/13338/undefined DEBUG	-	-	ACT	xveqtl0x6gmt/by1skqka32ul	name:basic,plugin:define,role:seneca,seq:1,tag:undefined	register	ready	basic	{}
2016-02-18T11:11:56.104Z d731mb7lqv3z/1455793797038/13338/undefined DEBUG	act	root$       	OUT	xveqtl0x6gmt/by1skqka32ul	name:basic,plugin:define,role:seneca,seq:1,tag:undefined	null	EXIT	(moc4j)	-	-	114632	GATE	
2016-02-18T11:11:56.105Z d731mb7lqv3z/1455793797038/13338/undefined DEBUG	act	root$       	IN	5lvod4q03acg/omlhxdq3o8af	name:seneca-yls1vi,plugin:define,role:seneca,seq:2,tag:undefined	{role:seneca,plugin:define,name:seneca-yls1vi,tag:null,seq:2}	ENTRY	(pwfio)	-	-	GATE	
2016-02-18T11:11:56.107Z d731mb7lqv3z/1455793797038/13338/undefined DEBUG	-	-	ACT	5lvod4q03acg/omlhxdq3o8af	name:seneca-yls1vi,plugin:define,role:seneca,seq:2,tag:undefined	register	init	seneca-yls1vi		{}
2016-02-18T11:11:56.107Z d731mb7lqv3z/1455793797038/13338/undefined DEBUG	-	-	ACT	5lvod4q03acg/omlhxdq3o8af	name:seneca-yls1vi,plugin:define,role:seneca,seq:2,tag:undefined	plugin	seneca-yls1vi	options	set	{"seneca-yls1vi":{}}	
2016-02-18T11:11:56.108Z d731mb7lqv3z/1455793797038/13338/undefined DEBUG	-	-	ACT	5lvod4q03acg/omlhxdq3o8af	name:seneca-yls1vi,plugin:define,role:seneca,seq:2,tag:undefined	register	install	entity	{exports:[]}	seneca-yls1vi
2016-02-18T11:11:56.109Z d731mb7lqv3z/1455793797038/13338/undefined DEBUG	-	-	ACT	5lvod4q03acg/omlhxdq3o8af	name:seneca-yls1vi,plugin:define,role:seneca,seq:2,tag:undefined	act	-	-	DEFAULT	{init:entity,tag:null}	
2016-02-18T11:11:56.109Z d731mb7lqv3z/1455793797038/13338/undefined DEBUG	act	-       	OUT	z9x93wgm5n97/omlhxdq3o8af		{}	EXIT		-	-	0	-	
2016-02-18T11:11:56.109Z d731mb7lqv3z/1455793797038/13338/undefined DEBUG	-	-	ACT	5lvod4q03acg/omlhxdq3o8af	name:seneca-yls1vi,plugin:define,role:seneca,seq:2,tag:undefined	register	ready	entity	{}
2016-02-18T11:11:56.109Z d731mb7lqv3z/1455793797038/13338/undefined DEBUG	act	root$       	OUT	5lvod4q03acg/omlhxdq3o8af	name:seneca-yls1vi,plugin:define,role:seneca,seq:2,tag:undefined	null	EXIT	(pwfio)	-	-	112502	GATE	
2016-02-18T11:11:56.110Z d731mb7lqv3z/1455793797038/13338/undefined DEBUG	act	root$       	IN	gs8hczjhqtff/av86q7ike41u	name:seneca-u4gebf,plugin:define,role:seneca,seq:3,tag:undefined	{role:seneca,plugin:define,name:seneca-u4gebf,tag:null,seq:3}	ENTRY	(gayou)	-	-	GATE	
2016-02-18T11:11:56.110Z d731mb7lqv3z/1455793797038/13338/undefined DEBUG	-	-	ACT	gs8hczjhqtff/av86q7ike41u	name:seneca-u4gebf,plugin:define,role:seneca,seq:3,tag:undefined	register	init	seneca-u4gebf		{}
2016-02-18T11:11:56.112Z d731mb7lqv3z/1455793797038/13338/undefined DEBUG	-	-	ACT	gs8hczjhqtff/av86q7ike41u	name:seneca-u4gebf,plugin:define,role:seneca,seq:3,tag:undefined	plugin	seneca-u4gebf	ADD	(0ltho)	cmd:save,role:entity		
2016-02-18T11:11:56.112Z d731mb7lqv3z/1455793797038/13338/undefined DEBUG	-	-	ACT	gs8hczjhqtff/av86q7ike41u	name:seneca-u4gebf,plugin:define,role:seneca,seq:3,tag:undefined	plugin	seneca-u4gebf	ADD	(c6f0w)	cmd:load,role:entity		
2016-02-18T11:11:56.112Z d731mb7lqv3z/1455793797038/13338/undefined DEBUG	-	-	ACT	gs8hczjhqtff/av86q7ike41u	name:seneca-u4gebf,plugin:define,role:seneca,seq:3,tag:undefined	plugin	seneca-u4gebf	ADD	(p5k0x)	cmd:list,role:entity		
2016-02-18T11:11:56.113Z d731mb7lqv3z/1455793797038/13338/undefined DEBUG	-	-	ACT	gs8hczjhqtff/av86q7ike41u	name:seneca-u4gebf,plugin:define,role:seneca,seq:3,tag:undefined	plugin	seneca-u4gebf	ADD	(tddb4)	cmd:remove,role:entity		
2016-02-18T11:11:56.114Z d731mb7lqv3z/1455793797038/13338/undefined DEBUG	-	-	ACT	gs8hczjhqtff/av86q7ike41u	name:seneca-u4gebf,plugin:define,role:seneca,seq:3,tag:undefined	plugin	seneca-u4gebf	ADD	(3dsnm)	cmd:close,role:seneca		
2016-02-18T11:11:56.114Z d731mb7lqv3z/1455793797038/13338/undefined DEBUG	-	-	ACT	gs8hczjhqtff/av86q7ike41u	name:seneca-u4gebf,plugin:define,role:seneca,seq:3,tag:undefined	plugin	seneca-u4gebf	ADD	(wr17d)	cmd:native,role:entity		
2016-02-18T11:11:56.115Z d731mb7lqv3z/1455793797038/13338/undefined DEBUG	-	-	ACT	gs8hczjhqtff/av86q7ike41u	name:seneca-u4gebf,plugin:define,role:seneca,seq:3,tag:undefined	plugin	seneca-u4gebf	ADD	(7w4c7)	cmd:dump,role:mem-store		
2016-02-18T11:11:56.116Z d731mb7lqv3z/1455793797038/13338/undefined DEBUG	-	-	ACT	gs8hczjhqtff/av86q7ike41u	name:seneca-u4gebf,plugin:define,role:seneca,seq:3,tag:undefined	plugin	seneca-u4gebf	ADD	(s11ks)	cmd:export,role:mem-store		
2016-02-18T11:11:56.116Z d731mb7lqv3z/1455793797038/13338/undefined DEBUG	-	-	ACT	gs8hczjhqtff/av86q7ike41u	name:seneca-u4gebf,plugin:define,role:seneca,seq:3,tag:undefined	plugin	seneca-u4gebf	ADD	(fer25)	cmd:import,role:mem-store		
2016-02-18T11:11:56.117Z d731mb7lqv3z/1455793797038/13338/undefined DEBUG	-	-	ACT	gs8hczjhqtff/av86q7ike41u	name:seneca-u4gebf,plugin:define,role:seneca,seq:3,tag:undefined	plugin	seneca-u4gebf	ADD	(2baud)	init:mem-store		
2016-02-18T11:11:56.118Z d731mb7lqv3z/1455793797038/13338/undefined DEBUG	-	-	ACT	gs8hczjhqtff/av86q7ike41u	name:seneca-u4gebf,plugin:define,role:seneca,seq:3,tag:undefined	plugin	seneca-u4gebf	options	set	{"seneca-u4gebf":{}}	
2016-02-18T11:11:56.120Z d731mb7lqv3z/1455793797038/13338/undefined DEBUG	-	-	ACT	gs8hczjhqtff/av86q7ike41u	name:seneca-u4gebf,plugin:define,role:seneca,seq:3,tag:undefined	register	install	mem-store/1	{exports:[mem-store/1/native]}	seneca-u4gebf
2016-02-18T11:11:56.121Z d731mb7lqv3z/1455793797038/13338/undefined DEBUG	act	mem-store/1	IN	hylivl7n59qk/av86q7ike41u	init:mem-store	{init:mem-store,tag:1}	ENTRY	(2baud)	-	-	-	
2016-02-18T11:11:56.121Z d731mb7lqv3z/1455793797038/13338/undefined DEBUG	act	mem-store/1	OUT	hylivl7n59qk/av86q7ike41u	init:mem-store	null	EXIT	(2baud)	-	-	0	-	
2016-02-18T11:11:56.121Z d731mb7lqv3z/1455793797038/13338/undefined DEBUG	-	-	ACT	gs8hczjhqtff/av86q7ike41u	name:seneca-u4gebf,plugin:define,role:seneca,seq:3,tag:undefined	register	ready	mem-store$1	
2016-02-18T11:11:56.122Z d731mb7lqv3z/1455793797038/13338/undefined DEBUG	act	root$       	OUT	gs8hczjhqtff/av86q7ike41u	name:seneca-u4gebf,plugin:define,role:seneca,seq:3,tag:undefined	null	EXIT	(gayou)	-	-	111085	GATE	
2016-02-18T11:11:56.122Z d731mb7lqv3z/1455793797038/13338/undefined DEBUG	act	root$       	IN	1ne4rkugk3z3/u09wmyw8kqa1	name:seneca-hhk4iw,plugin:define,role:seneca,seq:4,tag:undefined	{role:seneca,plugin:define,name:seneca-hhk4iw,tag:null,seq:4}	ENTRY	(bxf3r)	-	-	GATE	
2016-02-18T11:11:56.122Z d731mb7lqv3z/1455793797038/13338/undefined DEBUG	-	-	ACT	1ne4rkugk3z3/u09wmyw8kqa1	name:seneca-hhk4iw,plugin:define,role:seneca,seq:4,tag:undefined	register	init	seneca-hhk4iw		{}
2016-02-18T11:11:56.123Z d731mb7lqv3z/1455793797038/13338/undefined DEBUG	-	-	ACT	1ne4rkugk3z3/u09wmyw8kqa1	name:seneca-hhk4iw,plugin:define,role:seneca,seq:4,tag:undefined	plugin	seneca-hhk4iw	ADD	(3gd61)	cmd:inflight,role:transport		
2016-02-18T11:11:56.123Z d731mb7lqv3z/1455793797038/13338/undefined DEBUG	-	-	ACT	1ne4rkugk3z3/u09wmyw8kqa1	name:seneca-hhk4iw,plugin:define,role:seneca,seq:4,tag:undefined	plugin	seneca-hhk4iw	ADD	(1kkw7)	cmd:listen,role:transport		
2016-02-18T11:11:56.124Z d731mb7lqv3z/1455793797038/13338/undefined DEBUG	-	-	ACT	1ne4rkugk3z3/u09wmyw8kqa1	name:seneca-hhk4iw,plugin:define,role:seneca,seq:4,tag:undefined	plugin	seneca-hhk4iw	ADD	(tz2ua)	cmd:client,role:transport		
2016-02-18T11:11:56.124Z d731mb7lqv3z/1455793797038/13338/undefined DEBUG	-	-	ACT	1ne4rkugk3z3/u09wmyw8kqa1	name:seneca-hhk4iw,plugin:define,role:seneca,seq:4,tag:undefined	plugin	seneca-hhk4iw	ADD	(uxm9p)	hook:listen,role:transport,type:tcp		
2016-02-18T11:11:56.125Z d731mb7lqv3z/1455793797038/13338/undefined DEBUG	-	-	ACT	1ne4rkugk3z3/u09wmyw8kqa1	name:seneca-hhk4iw,plugin:define,role:seneca,seq:4,tag:undefined	plugin	seneca-hhk4iw	ADD	(i66k6)	hook:client,role:transport,type:tcp		
2016-02-18T11:11:56.127Z d731mb7lqv3z/1455793797038/13338/undefined DEBUG	-	-	ACT	1ne4rkugk3z3/u09wmyw8kqa1	name:seneca-hhk4iw,plugin:define,role:seneca,seq:4,tag:undefined	plugin	seneca-hhk4iw	ADD	(phhjs)	hook:listen,role:transport,type:web		
2016-02-18T11:11:56.128Z d731mb7lqv3z/1455793797038/13338/undefined DEBUG	-	-	ACT	1ne4rkugk3z3/u09wmyw8kqa1	name:seneca-hhk4iw,plugin:define,role:seneca,seq:4,tag:undefined	plugin	seneca-hhk4iw	ADD	(nz9h6)	hook:client,role:transport,type:web		
2016-02-18T11:11:56.128Z d731mb7lqv3z/1455793797038/13338/undefined DEBUG	-	-	ACT	1ne4rkugk3z3/u09wmyw8kqa1	name:seneca-hhk4iw,plugin:define,role:seneca,seq:4,tag:undefined	plugin	seneca-hhk4iw	ADD	(ty7n2)	hook:listen,role:transport,type:http		
2016-02-18T11:11:56.129Z d731mb7lqv3z/1455793797038/13338/undefined DEBUG	-	-	ACT	1ne4rkugk3z3/u09wmyw8kqa1	name:seneca-hhk4iw,plugin:define,role:seneca,seq:4,tag:undefined	plugin	seneca-hhk4iw	ADD	(k2twh)	hook:client,role:transport,type:http		
2016-02-18T11:11:56.129Z d731mb7lqv3z/1455793797038/13338/undefined DEBUG	-	-	ACT	1ne4rkugk3z3/u09wmyw8kqa1	name:seneca-hhk4iw,plugin:define,role:seneca,seq:4,tag:undefined	plugin	seneca-hhk4iw	ADD	(lztu8)	hook:listen,role:transport,type:direct		
2016-02-18T11:11:56.130Z d731mb7lqv3z/1455793797038/13338/undefined DEBUG	-	-	ACT	1ne4rkugk3z3/u09wmyw8kqa1	name:seneca-hhk4iw,plugin:define,role:seneca,seq:4,tag:undefined	plugin	seneca-hhk4iw	ADD	(fxvfq)	hook:client,role:transport,type:direct		
2016-02-18T11:11:56.130Z d731mb7lqv3z/1455793797038/13338/undefined DEBUG	-	-	ACT	1ne4rkugk3z3/u09wmyw8kqa1	name:seneca-hhk4iw,plugin:define,role:seneca,seq:4,tag:undefined	plugin	seneca-hhk4iw	options	set	{"seneca-hhk4iw":{msgprefix:seneca_,callmax:111111,msgidlen:12,warn:{unknown_message_id:true,invalid_kind:true,	
2016-02-18T11:11:56.132Z d731mb7lqv3z/1455793797038/13338/undefined DEBUG	-	-	ACT	1ne4rkugk3z3/u09wmyw8kqa1	name:seneca-hhk4iw,plugin:define,role:seneca,seq:4,tag:undefined	register	install	transport	{exports:[transport/utils]}	seneca-hhk4iw
2016-02-18T11:11:56.132Z d731mb7lqv3z/1455793797038/13338/undefined DEBUG	-	-	ACT	1ne4rkugk3z3/u09wmyw8kqa1	name:seneca-hhk4iw,plugin:define,role:seneca,seq:4,tag:undefined	act	-	-	DEFAULT	{init:transport,tag:null}	
2016-02-18T11:11:56.132Z d731mb7lqv3z/1455793797038/13338/undefined DEBUG	act	-       	OUT	1l2kpfr3a5jc/u09wmyw8kqa1		{}	EXIT		-	-	0	-	
2016-02-18T11:11:56.132Z d731mb7lqv3z/1455793797038/13338/undefined DEBUG	-	-	ACT	1ne4rkugk3z3/u09wmyw8kqa1	name:seneca-hhk4iw,plugin:define,role:seneca,seq:4,tag:undefined	register	ready	transport	{}
2016-02-18T11:11:56.133Z d731mb7lqv3z/1455793797038/13338/undefined DEBUG	act	root$       	OUT	1ne4rkugk3z3/u09wmyw8kqa1	name:seneca-hhk4iw,plugin:define,role:seneca,seq:4,tag:undefined	null	EXIT	(bxf3r)	-	-	96472	GATE	
2016-02-18T11:11:56.134Z d731mb7lqv3z/1455793797038/13338/undefined DEBUG	act	root$       	IN	885nm2md0q5w/gdou5sgx1psz	name:seneca-vkrksn,plugin:define,role:seneca,seq:5,tag:undefined	{role:seneca,plugin:define,name:seneca-vkrksn,tag:null,seq:5}	ENTRY	(t2zln)	-	-	GATE	
2016-02-18T11:11:56.134Z d731mb7lqv3z/1455793797038/13338/undefined DEBUG	-	-	ACT	885nm2md0q5w/gdou5sgx1psz	name:seneca-vkrksn,plugin:define,role:seneca,seq:5,tag:undefined	register	init	seneca-vkrksn		{}
2016-02-18T11:11:56.141Z d731mb7lqv3z/1455793797038/13338/undefined DEBUG	-	-	ACT	885nm2md0q5w/gdou5sgx1psz	name:seneca-vkrksn,plugin:define,role:seneca,seq:5,tag:undefined	plugin	seneca-vkrksn	ADD	(r7oiq)	role:web	web_use	
2016-02-18T11:11:56.141Z d731mb7lqv3z/1455793797038/13338/undefined DEBUG	-	-	ACT	885nm2md0q5w/gdou5sgx1psz	name:seneca-vkrksn,plugin:define,role:seneca,seq:5,tag:undefined	plugin	seneca-vkrksn	ADD	(dg299)	list:service,role:web	list_service	
2016-02-18T11:11:56.142Z d731mb7lqv3z/1455793797038/13338/undefined DEBUG	-	-	ACT	885nm2md0q5w/gdou5sgx1psz	name:seneca-vkrksn,plugin:define,role:seneca,seq:5,tag:undefined	plugin	seneca-vkrksn	ADD	(57hjf)	list:route,role:web	list_route	
2016-02-18T11:11:56.142Z d731mb7lqv3z/1455793797038/13338/undefined DEBUG	-	-	ACT	885nm2md0q5w/gdou5sgx1psz	name:seneca-vkrksn,plugin:define,role:seneca,seq:5,tag:undefined	plugin	seneca-vkrksn	ADD	(2mqsv)	role:web,stats:true	action_stats	
2016-02-18T11:11:56.144Z d731mb7lqv3z/1455793797038/13338/undefined DEBUG	-	-	ACT	885nm2md0q5w/gdou5sgx1psz	name:seneca-vkrksn,plugin:define,role:seneca,seq:5,tag:undefined	plugin	seneca-vkrksn	ADD	(9trxu)	get:config,role:web	get_config	
2016-02-18T11:11:56.146Z d731mb7lqv3z/1455793797038/13338/undefined DEBUG	-	-	ACT	885nm2md0q5w/gdou5sgx1psz	name:seneca-vkrksn,plugin:define,role:seneca,seq:5,tag:undefined	plugin	seneca-vkrksn	ADD	(hch9k)	role:web,set:source	set_source	
2016-02-18T11:11:56.147Z d731mb7lqv3z/1455793797038/13338/undefined DEBUG	-	-	ACT	885nm2md0q5w/gdou5sgx1psz	name:seneca-vkrksn,plugin:define,role:seneca,seq:5,tag:undefined	plugin	seneca-vkrksn	ADD	(1iwed)	get:sourcelist,role:web	get_sourcelist	
2016-02-18T11:11:56.148Z d731mb7lqv3z/1455793797038/13338/undefined DEBUG	-	-	ACT	885nm2md0q5w/gdou5sgx1psz	name:seneca-vkrksn,plugin:define,role:seneca,seq:5,tag:undefined	plugin	seneca-vkrksn	ADD	(px9q8)	do:startware,role:web	default_startware	
2016-02-18T11:11:56.150Z d731mb7lqv3z/1455793797038/13338/undefined DEBUG	-	-	ACT	885nm2md0q5w/gdou5sgx1psz	name:seneca-vkrksn,plugin:define,role:seneca,seq:5,tag:undefined	plugin	seneca-vkrksn	ADD	(cmqgi)	get:server,role:web	get_server	
2016-02-18T11:11:56.150Z d731mb7lqv3z/1455793797038/13338/undefined DEBUG	-	-	ACT	885nm2md0q5w/gdou5sgx1psz	name:seneca-vkrksn,plugin:define,role:seneca,seq:5,tag:undefined	plugin	seneca-vkrksn	ADD	(4a0sb)	get:restriction,role:web	default_get_restriction	
2016-02-18T11:11:56.151Z d731mb7lqv3z/1455793797038/13338/undefined DEBUG	-	-	ACT	885nm2md0q5w/gdou5sgx1psz	name:seneca-vkrksn,plugin:define,role:seneca,seq:5,tag:undefined	plugin	seneca-vkrksn	ADD	(vqwk2)	role:web,set:framework	set_framework	
2016-02-18T11:11:56.151Z d731mb7lqv3z/1455793797038/13338/undefined DEBUG	-	-	ACT	885nm2md0q5w/gdou5sgx1psz	name:seneca-vkrksn,plugin:define,role:seneca,seq:5,tag:undefined	plugin	seneca-vkrksn	ADD	(2x8pp)	handle:response,role:web	handle_response	
2016-02-18T11:11:56.152Z d731mb7lqv3z/1455793797038/13338/undefined DEBUG	-	-	ACT	885nm2md0q5w/gdou5sgx1psz	name:seneca-vkrksn,plugin:define,role:seneca,seq:5,tag:undefined	plugin	seneca-vkrksn	ADD	(daray)	init:web		
2016-02-18T11:11:56.152Z d731mb7lqv3z/1455793797038/13338/undefined DEBUG	-	-	ACT	885nm2md0q5w/gdou5sgx1psz	name:seneca-vkrksn,plugin:define,role:seneca,seq:5,tag:undefined	plugin	seneca-vkrksn	options	set	{"seneca-vkrksn":{}}	
2016-02-18T11:11:56.158Z d731mb7lqv3z/1455793797038/13338/undefined DEBUG	-	-	ACT	885nm2md0q5w/gdou5sgx1psz	name:seneca-vkrksn,plugin:define,role:seneca,seq:5,tag:undefined	register	install	web	{exports:[web,web/httprouter,web/hapi]}	seneca-vkrksn
2016-02-18T11:11:56.159Z d731mb7lqv3z/1455793797038/13338/undefined DEBUG	act	web       	IN	43fzq42t872y/gdou5sgx1psz	init:web	{init:web,tag:null}	ENTRY	(daray)	-	-	-	
2016-02-18T11:11:56.162Z d731mb7lqv3z/1455793797038/13338/undefined DEBUG	act	web       	OUT	43fzq42t872y/gdou5sgx1psz	init:web	null	EXIT	(daray)	-	-	3	-	
2016-02-18T11:11:56.163Z d731mb7lqv3z/1455793797038/13338/undefined DEBUG	-	-	ACT	885nm2md0q5w/gdou5sgx1psz	name:seneca-vkrksn,plugin:define,role:seneca,seq:5,tag:undefined	register	ready	web	
2016-02-18T11:11:56.163Z d731mb7lqv3z/1455793797038/13338/undefined DEBUG	act	root$       	OUT	885nm2md0q5w/gdou5sgx1psz	name:seneca-vkrksn,plugin:define,role:seneca,seq:5,tag:undefined	null	EXIT	(t2zln)	-	-	77339	GATE	
2016-02-18T11:11:56.163Z d731mb7lqv3z/1455793797038/13338/undefined DEBUG	act	web       	IN	ah3e9hn7iff7/gdou5sgx1psz	role:web	{role:web,plugin:web,config:{prefix:/seneca}}	ENTRY	(r7oiq)	-	-	-	
2016-02-18T11:11:56.165Z d731mb7lqv3z/1455793797038/13338/undefined DEBUG	act	web       	OUT	ah3e9hn7iff7/gdou5sgx1psz	role:web	null	EXIT	(r7oiq)	-	-	3	-	
2016-02-18T11:11:56.165Z d731mb7lqv3z/1455793797038/13338/undefined DEBUG	act	basic       	IN	13sbjg73pjry/gdou5sgx1psz	cmd:push,note:true,role:basic	{role:basic,note:true,cmd:push,key:admin/units,value:{unit:web-service,spec:{title:Web Services,ng:{}},content:	ENTRY	(ghwg5)	-	-	-	
2016-02-18T11:11:56.166Z d731mb7lqv3z/1455793797038/13338/undefined DEBUG	act	basic       	OUT	13sbjg73pjry/gdou5sgx1psz	cmd:push,note:true,role:basic	null	EXIT	(ghwg5)	-	-	4	-	
2016-02-18T11:11:56.166Z d731mb7lqv3z/1455793797038/13338/undefined DEBUG	act	root$       	IN	4u1aqc6tgr33/z95bjrrk9qel	name:level-store,plugin:define,role:seneca,seq:6,tag:undefined	{role:seneca,plugin:define,name:level-store,tag:null,seq:6}	ENTRY	(w5tec)	-	-	GATE	
2016-02-18T11:11:56.167Z d731mb7lqv3z/1455793797038/13338/undefined DEBUG	-	-	ACT	4u1aqc6tgr33/z95bjrrk9qel	name:level-store,plugin:define,role:seneca,seq:6,tag:undefined	register	init	level-store		{}
2016-02-18T11:11:56.168Z d731mb7lqv3z/1455793797038/13338/undefined DEBUG	-	-	ACT	4u1aqc6tgr33/z95bjrrk9qel	name:level-store,plugin:define,role:seneca,seq:6,tag:undefined	plugin	level-store	ADD	(84owk)	cmd:save,role:entity		
2016-02-18T11:11:56.168Z d731mb7lqv3z/1455793797038/13338/undefined DEBUG	-	-	ACT	4u1aqc6tgr33/z95bjrrk9qel	name:level-store,plugin:define,role:seneca,seq:6,tag:undefined	plugin	level-store	ADD	(0aeh7)	cmd:load,role:entity		
2016-02-18T11:11:56.168Z d731mb7lqv3z/1455793797038/13338/undefined DEBUG	-	-	ACT	4u1aqc6tgr33/z95bjrrk9qel	name:level-store,plugin:define,role:seneca,seq:6,tag:undefined	plugin	level-store	ADD	(jonw5)	cmd:list,role:entity		
2016-02-18T11:11:56.168Z d731mb7lqv3z/1455793797038/13338/undefined DEBUG	-	-	ACT	4u1aqc6tgr33/z95bjrrk9qel	name:level-store,plugin:define,role:seneca,seq:6,tag:undefined	plugin	level-store	ADD	(o49q5)	cmd:remove,role:entity		
2016-02-18T11:11:56.169Z d731mb7lqv3z/1455793797038/13338/undefined DEBUG	-	-	ACT	4u1aqc6tgr33/z95bjrrk9qel	name:level-store,plugin:define,role:seneca,seq:6,tag:undefined	plugin	level-store	ADD	(26422)	cmd:close,role:seneca		
2016-02-18T11:11:56.169Z d731mb7lqv3z/1455793797038/13338/undefined DEBUG	-	-	ACT	4u1aqc6tgr33/z95bjrrk9qel	name:level-store,plugin:define,role:seneca,seq:6,tag:undefined	plugin	level-store	ADD	(x57ss)	cmd:native,role:entity		
2016-02-18T11:11:56.169Z d731mb7lqv3z/1455793797038/13338/undefined DEBUG	-	-	ACT	4u1aqc6tgr33/z95bjrrk9qel	name:level-store,plugin:define,role:seneca,seq:6,tag:undefined	plugin	level-store	options	set	{"level-store":{}}	
2016-02-18T11:11:56.172Z d731mb7lqv3z/1455793797038/13338/undefined DEBUG	-	-	ACT	4u1aqc6tgr33/z95bjrrk9qel	name:level-store,plugin:define,role:seneca,seq:6,tag:undefined	register	install	level-store/1	{exports:[]}	level-store
2016-02-18T11:11:56.172Z d731mb7lqv3z/1455793797038/13338/undefined DEBUG	-	-	ACT	4u1aqc6tgr33/z95bjrrk9qel	name:level-store,plugin:define,role:seneca,seq:6,tag:undefined	act	-	-	DEFAULT	{init:level-store,tag:1}	
2016-02-18T11:11:56.172Z d731mb7lqv3z/1455793797038/13338/undefined DEBUG	act	-       	OUT	l4y7hl2spinq/z95bjrrk9qel		{}	EXIT		-	-	0	-	
2016-02-18T11:11:56.173Z d731mb7lqv3z/1455793797038/13338/undefined DEBUG	-	-	ACT	4u1aqc6tgr33/z95bjrrk9qel	name:level-store,plugin:define,role:seneca,seq:6,tag:undefined	register	ready	level-store$1	{}
2016-02-18T11:11:56.173Z d731mb7lqv3z/1455793797038/13338/undefined DEBUG	act	root$       	OUT	4u1aqc6tgr33/z95bjrrk9qel	name:level-store,plugin:define,role:seneca,seq:6,tag:undefined	null	EXIT	(w5tec)	-	-	53445	GATE	
2016-02-18T11:11:56.174Z d731mb7lqv3z/1455793797038/13338/undefined DEBUG	act	root$       	IN	92czo2kswuor/77atdhzc7qep	name:msgstats,plugin:define,role:seneca,seq:7,tag:undefined	{role:seneca,plugin:define,name:msgstats,tag:null,seq:7}	ENTRY	(mmhhl)	-	-	GATE	
2016-02-18T11:11:56.174Z d731mb7lqv3z/1455793797038/13338/undefined DEBUG	-	-	ACT	92czo2kswuor/77atdhzc7qep	name:msgstats,plugin:define,role:seneca,seq:7,tag:undefined	register	init	msgstats		{udp:{host:localhost},pin:role:npm,cmd:get}
2016-02-18T11:11:56.180Z d731mb7lqv3z/1455793797038/13338/undefined DEBUG	-	-	ACT	92czo2kswuor/77atdhzc7qep	name:msgstats,plugin:define,role:seneca,seq:7,tag:undefined	plugin	msgstats	ADD	(tttq4)	init:msgstats		
2016-02-18T11:11:56.181Z d731mb7lqv3z/1455793797038/13338/undefined DEBUG	-	-	ACT	92czo2kswuor/77atdhzc7qep	name:msgstats,plugin:define,role:seneca,seq:7,tag:undefined	plugin	msgstats	options	set	{msgstats:{udp:{host:localhost},pin:role:npm,cmd:get}}	
2016-02-18T11:11:56.183Z d731mb7lqv3z/1455793797038/13338/undefined DEBUG	-	-	ACT	92czo2kswuor/77atdhzc7qep	name:msgstats,plugin:define,role:seneca,seq:7,tag:undefined	register	install	msgstats	{exports:[]}	
2016-02-18T11:11:56.184Z d731mb7lqv3z/1455793797038/13338/undefined DEBUG	act	msgstats	IN	seb89be4fjrs/77atdhzc7qep	init:msgstats	{init:msgstats,tag:null}	ENTRY	(tttq4)	-	-	-	
2016-02-18T11:11:56.188Z d731mb7lqv3z/1455793797038/13338/undefined DEBUG	act	msgstats	OUT	seb89be4fjrs/77atdhzc7qep	init:msgstats	null	EXIT	(tttq4)	-	-	3	-	
2016-02-18T11:11:56.188Z d731mb7lqv3z/1455793797038/13338/undefined DEBUG	-	-	ACT	92czo2kswuor/77atdhzc7qep	name:msgstats,plugin:define,role:seneca,seq:7,tag:undefined	register	ready	msgstats	
2016-02-18T11:11:56.188Z d731mb7lqv3z/1455793797038/13338/undefined DEBUG	act	root$       	OUT	92czo2kswuor/77atdhzc7qep	name:msgstats,plugin:define,role:seneca,seq:7,tag:undefined	null	EXIT	(mmhhl)	-	-	23296	GATE	
2016-02-18T11:11:56.188Z d731mb7lqv3z/1455793797038/13338/undefined DEBUG	act	root$       	IN	44zc7ad0y57i/dus0x9l2s3sz	name:npm,plugin:define,role:seneca,seq:8,tag:undefined	{role:seneca,plugin:define,name:npm,tag:null,seq:8}	ENTRY	(khi15)	-	-	GATE	
2016-02-18T11:11:56.189Z d731mb7lqv3z/1455793797038/13338/undefined DEBUG	-	-	ACT	44zc7ad0y57i/dus0x9l2s3sz	name:npm,plugin:define,role:seneca,seq:8,tag:undefined	register	init	npm		{}
2016-02-18T11:11:56.190Z d731mb7lqv3z/1455793797038/13338/undefined DEBUG	-	-	ACT	44zc7ad0y57i/dus0x9l2s3sz	name:npm,plugin:define,role:seneca,seq:8,tag:undefined	plugin	npm       	ADD	(svhkr)	cmd:get,role:npm	cmd_get	
2016-02-18T11:11:56.192Z d731mb7lqv3z/1455793797038/13338/undefined DEBUG	-	-	ACT	44zc7ad0y57i/dus0x9l2s3sz	name:npm,plugin:define,role:seneca,seq:8,tag:undefined	plugin	npm       	ADD	(ux0fr)	cmd:query,role:npm	cmd_query	
2016-02-18T11:11:56.192Z d731mb7lqv3z/1455793797038/13338/undefined DEBUG	-	-	ACT	44zc7ad0y57i/dus0x9l2s3sz	name:npm,plugin:define,role:seneca,seq:8,tag:undefined	plugin	npm       	ADD	(i66yg)	cmd:extract,role:npm	cmd_extract	
2016-02-18T11:11:56.193Z d731mb7lqv3z/1455793797038/13338/undefined DEBUG	-	-	ACT	44zc7ad0y57i/dus0x9l2s3sz	name:npm,plugin:define,role:seneca,seq:8,tag:undefined	plugin	npm       	ADD	(ixmsn)	cmd:save,name:npm,role:entity	override_index	
2016-02-18T11:11:56.193Z d731mb7lqv3z/1455793797038/13338/undefined DEBUG	-	-	ACT	44zc7ad0y57i/dus0x9l2s3sz	name:npm,plugin:define,role:seneca,seq:8,tag:undefined	plugin	npm       	options	set	{npm:{}}	
2016-02-18T11:11:56.195Z d731mb7lqv3z/1455793797038/13338/undefined DEBUG	-	-	ACT	44zc7ad0y57i/dus0x9l2s3sz	name:npm,plugin:define,role:seneca,seq:8,tag:undefined	register	install	npm	{exports:[]}	
2016-02-18T11:11:56.196Z d731mb7lqv3z/1455793797038/13338/undefined DEBUG	-	-	ACT	44zc7ad0y57i/dus0x9l2s3sz	name:npm,plugin:define,role:seneca,seq:8,tag:undefined	act	-	-	DEFAULT	{init:npm,tag:null}	
2016-02-18T11:11:56.196Z d731mb7lqv3z/1455793797038/13338/undefined DEBUG	act	-       	OUT	zrsuwttzluxt/dus0x9l2s3sz		{}	EXIT		-	-	0	-	
2016-02-18T11:11:56.196Z d731mb7lqv3z/1455793797038/13338/undefined DEBUG	-	-	ACT	44zc7ad0y57i/dus0x9l2s3sz	name:npm,plugin:define,role:seneca,seq:8,tag:undefined	register	ready	npm	{}
2016-02-18T11:11:56.196Z d731mb7lqv3z/1455793797038/13338/undefined DEBUG	act	root$       	OUT	44zc7ad0y57i/dus0x9l2s3sz	name:npm,plugin:define,role:seneca,seq:8,tag:undefined	null	EXIT	(khi15)	-	-	23054	GATE	
2016-02-18T11:11:56.197Z d731mb7lqv3z/1455793797038/13338/undefined DEBUG	act	root$       	IN	45r8v6fj6ln8/8oxvp7fn45rv	name:mesh,plugin:define,role:seneca,seq:9,tag:undefined	{role:seneca,plugin:define,name:mesh,tag:null,seq:9}	ENTRY	(e89tb)	-	-	GATE	
2016-02-18T11:11:56.198Z d731mb7lqv3z/1455793797038/13338/undefined DEBUG	-	-	ACT	45r8v6fj6ln8/8oxvp7fn45rv	name:mesh,plugin:define,role:seneca,seq:9,tag:undefined	register	init	mesh		{auto:true,pins:[role:npm,role:info,req:part],model:publish}
2016-02-18T11:11:57.485Z d731mb7lqv3z/1455793797038/13338/undefined DEBUG	-	-	ACT	45r8v6fj6ln8/8oxvp7fn45rv	name:mesh,plugin:define,role:seneca,seq:9,tag:undefined	plugin	mesh       	options	set	{transport:{balance:{}}}	
2016-02-18T11:11:57.491Z d731mb7lqv3z/1455793797038/13338/undefined DEBUG	-	-	ACT	45r8v6fj6ln8/8oxvp7fn45rv	name:mesh,plugin:define,role:seneca,seq:9,tag:undefined	plugin	mesh       	ADD	(7svkr)	name:balance_client,plugin:define,role:seneca,seq:10,tag:mesh~lz9mod	plugin_definition	
2016-02-18T11:11:57.492Z d731mb7lqv3z/1455793797038/13338/undefined DEBUG	-	-	ACT	45r8v6fj6ln8/8oxvp7fn45rv	name:mesh,plugin:define,role:seneca,seq:9,tag:undefined	plugin	mesh       	ADD	(2s54k)	cmd:listen,role:transport	transport_listen	
2016-02-18T11:11:57.493Z d731mb7lqv3z/1455793797038/13338/undefined INFO	listen	{pin:[role:npm,role:info,req:part],model:actor}	
2016-02-18T11:11:57.494Z d731mb7lqv3z/1455793797038/13338/undefined DEBUG	-	-	ACT	45r8v6fj6ln8/8oxvp7fn45rv	name:mesh,plugin:define,role:seneca,seq:9,tag:undefined	plugin	mesh       	options	set	{mesh:{auto:true,pins:[role:npm,role:info,req:part],model:publish}}	
2016-02-18T11:11:57.498Z d731mb7lqv3z/1455793797038/13338/undefined DEBUG	-	-	ACT	45r8v6fj6ln8/8oxvp7fn45rv	name:mesh,plugin:define,role:seneca,seq:9,tag:undefined	register	install	mesh	{exports:[]}	
2016-02-18T11:11:57.511Z d731mb7lqv3z/1455793797038/13338/undefined DEBUG	-	-	ACT	45r8v6fj6ln8/8oxvp7fn45rv	name:mesh,plugin:define,role:seneca,seq:9,tag:undefined	act	-	-	DEFAULT	{init:mesh,tag:null}	
2016-02-18T11:11:57.511Z d731mb7lqv3z/1455793797038/13338/undefined DEBUG	act	-       	OUT	6ong8ka9t1l7/8oxvp7fn45rv		{}	EXIT		-	-	13	-	
2016-02-18T11:11:57.512Z d731mb7lqv3z/1455793797038/13338/undefined DEBUG	-	-	ACT	45r8v6fj6ln8/8oxvp7fn45rv	name:mesh,plugin:define,role:seneca,seq:9,tag:undefined	register	ready	mesh	{}
2016-02-18T11:11:57.515Z d731mb7lqv3z/1455793797038/13338/undefined DEBUG	act	root$       	OUT	45r8v6fj6ln8/8oxvp7fn45rv	name:mesh,plugin:define,role:seneca,seq:9,tag:undefined	null	EXIT	(e89tb)	-	-	1440	GATE	
2016-02-18T11:11:57.516Z d731mb7lqv3z/1455793797038/13338/undefined DEBUG	act	mesh       	IN	rc1lwe8l4769/8oxvp7fn45rv	name:balance_client,plugin:define,role:seneca,seq:10,tag:mesh~lz9mod	{role:seneca,plugin:define,name:balance_client,tag:mesh~lz9mod,seq:10}	ENTRY	(7svkr)	-	-	GATE	
2016-02-18T11:11:57.517Z d731mb7lqv3z/1455793797038/13338/undefined DEBUG	-	-	ACT	45r8v6fj6ln8/8oxvp7fn45rv	name:mesh,plugin:define,role:seneca,seq:9,tag:undefined	plugin	mesh       	ACT	rc1lwe8l4769/8oxvp7fn45rv	name:balance_client,plugin:define,role:seneca,seq:10,tag:mesh~lz9mod	register	init	balance_client/mesh~lz9mod		{}
2016-02-18T11:11:57.519Z d731mb7lqv3z/1455793797038/13338/undefined DEBUG	-	-	ACT	45r8v6fj6ln8/8oxvp7fn45rv	name:mesh,plugin:define,role:seneca,seq:9,tag:undefined	plugin	mesh       	ADD	(zs68j)	hook:client,role:transport,type:balance	hook_client	
2016-02-18T11:11:57.521Z d731mb7lqv3z/1455793797038/13338/undefined DEBUG	-	-	ACT	45r8v6fj6ln8/8oxvp7fn45rv	name:mesh,plugin:define,role:seneca,seq:9,tag:undefined	plugin	mesh       	ADD	(vy2ac)	add:client,role:transport,type:balance	add_client	
2016-02-18T11:11:57.521Z d731mb7lqv3z/1455793797038/13338/undefined DEBUG	-	-	ACT	45r8v6fj6ln8/8oxvp7fn45rv	name:mesh,plugin:define,role:seneca,seq:9,tag:undefined	plugin	mesh       	ADD	(gd004)	remove:client,role:transport,type:balance	remove_client	
2016-02-18T11:11:57.524Z d731mb7lqv3z/1455793797038/13338/undefined DEBUG	-	-	ACT	45r8v6fj6ln8/8oxvp7fn45rv	name:mesh,plugin:define,role:seneca,seq:9,tag:undefined	plugin	mesh       	ACT	rc1lwe8l4769/8oxvp7fn45rv	name:balance_client,plugin:define,role:seneca,seq:10,tag:mesh~lz9mod	plugin	balance_client/mesh~lz9mod	options	set	{"balance_client/mesh~lz9mod":{}}	
2016-02-18T11:11:57.536Z d731mb7lqv3z/1455793797038/13338/undefined DEBUG	-	-	ACT	45r8v6fj6ln8/8oxvp7fn45rv	name:mesh,plugin:define,role:seneca,seq:9,tag:undefined	plugin	mesh       	ACT	rc1lwe8l4769/8oxvp7fn45rv	name:balance_client,plugin:define,role:seneca,seq:10,tag:mesh~lz9mod	register	install	balance_client/mesh~lz9mod	{exports:[]}	
2016-02-18T11:11:57.559Z d731mb7lqv3z/1455793797038/13338/undefined DEBUG	-	-	ACT	45r8v6fj6ln8/8oxvp7fn45rv	name:mesh,plugin:define,role:seneca,seq:9,tag:undefined	plugin	mesh       	ACT	rc1lwe8l4769/8oxvp7fn45rv	name:balance_client,plugin:define,role:seneca,seq:10,tag:mesh~lz9mod	act	-	-	DEFAULT	{init:balance_client,tag:mesh~lz9mod}	
2016-02-18T11:11:57.560Z d731mb7lqv3z/1455793797038/13338/undefined DEBUG	act	-       	OUT	n8tgrq03215e/8oxvp7fn45rv		{}	EXIT		-	-	22	-	
2016-02-18T11:11:57.561Z d731mb7lqv3z/1455793797038/13338/undefined DEBUG	-	-	ACT	45r8v6fj6ln8/8oxvp7fn45rv	name:mesh,plugin:define,role:seneca,seq:9,tag:undefined	plugin	mesh       	ACT	rc1lwe8l4769/8oxvp7fn45rv	name:balance_client,plugin:define,role:seneca,seq:10,tag:mesh~lz9mod	register	ready	balance_client$mesh~lz9mod	{}
2016-02-18T11:11:57.561Z d731mb7lqv3z/1455793797038/13338/undefined DEBUG	act	mesh       	OUT	rc1lwe8l4769/8oxvp7fn45rv	name:balance_client,plugin:define,role:seneca,seq:10,tag:mesh~lz9mod	null	EXIT	(7svkr)	-	-	70	GATE	
2016-02-18T11:11:57.562Z d731mb7lqv3z/1455793797038/13338/undefined DEBUG	act	mesh       	IN	jrdsc9lhk5sg/5dyem1yozg8o	cmd:listen,role:transport	{config:{pin:[role:npm,role:info,req:part],model:actor,type:web,host:null,path:null},role:transport,cmd:listen}	ENTRY	(2s54k)	-	-	GATE	
2016-02-18T11:11:57.563Z d731mb7lqv3z/1455793797038/13338/undefined DEBUG	act	transport	IN	1884kp3k6gst/5dyem1yozg8o	cmd:listen,role:transport	{config:{pin:[role:npm,role:info,req:part],model:actor,type:web,host:null,path:null},role:transport,cmd:listen}	PRIOR;(2s54k)	(1kkw7)	-	-	GATE	
2016-02-18T11:11:57.569Z d731mb7lqv3z/1455793797038/13338/undefined DEBUG	act	transport	IN	7blwxth0ckh6/5dyem1yozg8o	hook:listen,role:transport,type:web	{pin:[role:npm,role:info,req:part],model:actor,type:web,host:null,path:null,role:transport,hook:listen}	ENTRY	(phhjs)	-	-	-	
2016-02-18T11:11:57.576Z d731mb7lqv3z/1455793797038/13338/undefined DEBUG	-	-	ACT	1ne4rkugk3z3/u09wmyw8kqa1	name:seneca-hhk4iw,plugin:define,role:seneca,seq:4,tag:undefined	plugin	transport	ACT	7blwxth0ckh6/5dyem1yozg8o	hook:listen,role:transport,type:web	ADD	(6stvj)	cmd:close,role:seneca		
2016-02-18T11:11:57.579Z d731mb7lqv3z/1455793797038/13338/undefined DEBUG	-	-	ACT	1ne4rkugk3z3/u09wmyw8kqa1	name:seneca-hhk4iw,plugin:define,role:seneca,seq:4,tag:undefined	plugin	transport	ACT	7blwxth0ckh6/5dyem1yozg8o	hook:listen,role:transport,type:web	listen	{pin:[role:npm,role:info,req:part],port:52795,model:actor,type:web,host:0.0.0.0,path:null,role:transport,hook:l
2016-02-18T11:11:57.580Z d731mb7lqv3z/1455793797038/13338/undefined DEBUG	act	transport	OUT	7blwxth0ckh6/5dyem1yozg8o	hook:listen,role:transport,type:web	{pin:[role:npm,role:info,req:part],port:52795,model:actor,type:web,host:0.0.0.0,path:null,role:transport,hook:l	EXIT	(phhjs)	-	-	10	-	
2016-02-18T11:11:57.580Z d731mb7lqv3z/1455793797038/13338/undefined DEBUG	act	transport	OUT	1884kp3k6gst/5dyem1yozg8o	cmd:listen,role:transport	{pin:[role:npm,role:info,req:part],port:52795,model:actor,type:web,host:0.0.0.0,path:null,role:transport,hook:l	PRIOR;(2s54k)	(1kkw7)	-	-	17	GATE	
2016-02-18T11:11:57.587Z d731mb7lqv3z/1455793797038/13338/undefined DEBUG	-	-	ACT	45r8v6fj6ln8/8oxvp7fn45rv	name:mesh,plugin:define,role:seneca,seq:9,tag:undefined	plugin	mesh       	ADD	(6hdbf)	get:members,role:mesh	get_members	
2016-02-18T11:11:57.866Z d731mb7lqv3z/1455793797038/13338/undefined INFO	client	{type:balance,pin:role:info,cmd:get,model:actor}	
2016-02-18T11:11:57.869Z d731mb7lqv3z/1455793797038/13338/undefined DEBUG	plugin	client$       	ADD	(7qui5)	cmd:get,role:info	transport_client	
2016-02-18T11:11:57.872Z d731mb7lqv3z/1455793797038/13338/undefined INFO	client	{type:balance,pin:role:info,res:*,model:actor}	
2016-02-18T11:11:57.873Z d731mb7lqv3z/1455793797038/13338/undefined DEBUG	plugin	client$       	ADD	(09q1e)	res:*,role:info	transport_client	
2016-02-18T11:11:57.876Z d731mb7lqv3z/1455793797038/13338/undefined INFO	client	{type:balance,pin:role:github,model:actor}	
2016-02-18T11:11:57.881Z d731mb7lqv3z/1455793797038/13338/undefined DEBUG	plugin	client$       	ADD	(3td4o)	role:github	transport_client	
2016-02-18T11:11:57.891Z d731mb7lqv3z/1455793797038/13338/undefined INFO	client	{type:balance,pin:role:mesh,base:true,model:actor}	
2016-02-18T11:11:57.892Z d731mb7lqv3z/1455793797038/13338/undefined DEBUG	plugin	client$       	ADD	(vaz51)	base:true,role:mesh	transport_client	
2016-02-18T11:11:57.894Z d731mb7lqv3z/1455793797038/13338/undefined DEBUG	act	mesh       	OUT	jrdsc9lhk5sg/5dyem1yozg8o	cmd:listen,role:transport	null	EXIT	(2s54k)	-	-	400	GATE	
2016-02-18T11:11:57.897Z d731mb7lqv3z/1455793797038/13338/undefined DEBUG	act	balance_client/mesh~lz9mod	IN	rbw07ltamta2/5dyem1yozg8o	add:client,role:transport,type:balance	{config:{port:51531,model:actor,type:web,host:0.0.0.0,path:null,role:transport,hook:listen},role:transport,type	ENTRY	(vy2ac)	-	-	-	
2016-02-18T11:11:57.901Z d731mb7lqv3z/1455793797038/13338/undefined INFO	-	-	ACT	45r8v6fj6ln8/8oxvp7fn45rv	name:mesh,plugin:define,role:seneca,seq:9,tag:undefined	plugin	mesh       	ACT	rbw07ltamta2/5dyem1yozg8o	add:client,role:transport,type:balance	client	{port:51531,model:actor,type:web,host:0.0.0.0,path:null,role:transport,hook:listen}	
2016-02-18T11:11:57.907Z d731mb7lqv3z/1455793797038/13338/undefined DEBUG	act	balance_client/mesh~lz9mod	OUT	rbw07ltamta2/5dyem1yozg8o	add:client,role:transport,type:balance	null	EXIT	(vy2ac)	-	-	36	-	
2016-02-18T11:11:57.907Z d731mb7lqv3z/1455793797038/13338/undefined DEBUG	act	balance_client/mesh~lz9mod	IN	kvoytvquloqc/5dyem1yozg8o	add:client,role:transport,type:balance	{config:{port:51531,model:actor,type:web,host:0.0.0.0,path:null,role:transport,hook:listen},role:transport,type	ENTRY	(vy2ac)	-	-	-	
2016-02-18T11:11:57.908Z d731mb7lqv3z/1455793797038/13338/undefined INFO	-	-	ACT	45r8v6fj6ln8/8oxvp7fn45rv	name:mesh,plugin:define,role:seneca,seq:9,tag:undefined	plugin	mesh       	ACT	kvoytvquloqc/5dyem1yozg8o	add:client,role:transport,type:balance	client	{port:51531,model:actor,type:web,host:0.0.0.0,path:null,role:transport,hook:listen}	
2016-02-18T11:11:57.912Z d731mb7lqv3z/1455793797038/13338/undefined DEBUG	act	balance_client/mesh~lz9mod	OUT	kvoytvquloqc/5dyem1yozg8o	add:client,role:transport,type:balance	null	EXIT	(vy2ac)	-	-	36	-	
2016-02-18T11:11:57.912Z d731mb7lqv3z/1455793797038/13338/undefined DEBUG	act	balance_client/mesh~lz9mod	IN	n58qtc64ipty/5dyem1yozg8o	add:client,role:transport,type:balance	{config:{port:54110,model:actor,type:web,host:0.0.0.0,path:null,role:transport,hook:listen},role:transport,type	ENTRY	(vy2ac)	-	-	-	
2016-02-18T11:11:57.913Z d731mb7lqv3z/1455793797038/13338/undefined INFO	-	-	ACT	45r8v6fj6ln8/8oxvp7fn45rv	name:mesh,plugin:define,role:seneca,seq:9,tag:undefined	plugin	mesh       	ACT	n58qtc64ipty/5dyem1yozg8o	add:client,role:transport,type:balance	client	{port:54110,model:actor,type:web,host:0.0.0.0,path:null,role:transport,hook:listen}	
2016-02-18T11:11:57.917Z d731mb7lqv3z/1455793797038/13338/undefined DEBUG	act	balance_client/mesh~lz9mod	OUT	n58qtc64ipty/5dyem1yozg8o	add:client,role:transport,type:balance	null	EXIT	(vy2ac)	-	-	32	-	
2016-02-18T11:11:57.917Z d731mb7lqv3z/1455793797038/13338/undefined DEBUG	act	balance_client/mesh~lz9mod	IN	1ohwaj09en3m/5dyem1yozg8o	add:client,role:transport,type:balance	{config:{port:50937,model:actor,type:web,host:0.0.0.0,path:null,role:transport,hook:listen},role:transport,type	ENTRY	(vy2ac)	-	-	-	
2016-02-18T11:11:57.919Z d731mb7lqv3z/1455793797038/13338/undefined INFO	-	-	ACT	45r8v6fj6ln8/8oxvp7fn45rv	name:mesh,plugin:define,role:seneca,seq:9,tag:undefined	plugin	mesh       	ACT	1ohwaj09en3m/5dyem1yozg8o	add:client,role:transport,type:balance	client	{port:50937,model:actor,type:web,host:0.0.0.0,path:null,role:transport,hook:listen}	
2016-02-18T11:11:57.923Z d731mb7lqv3z/1455793797038/13338/undefined DEBUG	act	balance_client/mesh~lz9mod	OUT	1ohwaj09en3m/5dyem1yozg8o	add:client,role:transport,type:balance	null	EXIT	(vy2ac)	-	-	29	-	
2016-02-18T11:11:57.923Z d731mb7lqv3z/1455793797038/13338/undefined DEBUG	act	transport	IN	2fqowy2irrpn/i3pml5bkrnj8	cmd:client,role:transport	{config:{type:balance,pin:role:info,cmd:get,model:actor,id:8ovtto},role:transport,cmd:client}	ENTRY	(tz2ua)	-	-	GATE	
2016-02-18T11:11:57.925Z d731mb7lqv3z/1455793797038/13338/undefined DEBUG	act	balance_client/mesh~lz9mod	IN	fbsortv3sess/i3pml5bkrnj8	hook:client,role:transport,type:balance	{type:balance,pin:role:info,cmd:get,model:actor,id:8ovtto,role:transport,hook:client}	ENTRY	(zs68j)	-	-	-	
2016-02-18T11:11:57.930Z d731mb7lqv3z/1455793797038/13338/undefined DEBUG	-	-	ACT	1ne4rkugk3z3/u09wmyw8kqa1	name:seneca-hhk4iw,plugin:define,role:seneca,seq:4,tag:undefined	plugin	transport	client	{type:balance,pin:role:info,cmd:get,model:actor,id:8ovtto,role:transport,hook:client}	[{role:info,cmd:get}]
2016-02-18T11:11:57.932Z d731mb7lqv3z/1455793797038/13338/undefined DEBUG	act	balance_client/mesh~lz9mod	OUT	fbsortv3sess/i3pml5bkrnj8	hook:client,role:transport,type:balance	{id:8ovtto}	EXIT	(zs68j)	-	-	7	-	
2016-02-18T11:11:57.933Z d731mb7lqv3z/1455793797038/13338/undefined DEBUG	act	transport	OUT	2fqowy2irrpn/i3pml5bkrnj8	cmd:client,role:transport	{id:8ovtto}	EXIT	(tz2ua)	-	-	62	GATE	
2016-02-18T11:11:57.933Z d731mb7lqv3z/1455793797038/13338/undefined DEBUG	plugin	client$       	client	sendqueue-clear	{type:balance,pin:role:info,cmd:get,model:actor,id:8ovtto}
2016-02-18T11:11:57.934Z d731mb7lqv3z/1455793797038/13338/undefined DEBUG	-	-	ACT	45r8v6fj6ln8/8oxvp7fn45rv	name:mesh,plugin:define,role:seneca,seq:9,tag:undefined	plugin	mesh       	ADD	(d1ktp)	cmd:close,role:seneca		
2016-02-18T11:11:57.934Z d731mb7lqv3z/1455793797038/13338/undefined DEBUG	act	transport	IN	5drp01vvzwdp/6ihue1nnhggg	cmd:client,role:transport	{config:{type:balance,pin:role:info,res:*,model:actor,id:u3wnbb},role:transport,cmd:client}	ENTRY	(tz2ua)	-	-	GATE	
2016-02-18T11:11:57.938Z d731mb7lqv3z/1455793797038/13338/undefined DEBUG	act	balance_client/mesh~lz9mod	IN	p3d1paow7wns/6ihue1nnhggg	hook:client,role:transport,type:balance	{type:balance,pin:role:info,res:*,model:actor,id:u3wnbb,role:transport,hook:client}	ENTRY	(zs68j)	-	-	-	
2016-02-18T11:11:57.941Z d731mb7lqv3z/1455793797038/13338/undefined DEBUG	-	-	ACT	1ne4rkugk3z3/u09wmyw8kqa1	name:seneca-hhk4iw,plugin:define,role:seneca,seq:4,tag:undefined	plugin	transport	client	{type:balance,pin:role:info,res:*,model:actor,id:u3wnbb,role:transport,hook:client}	[{role:info,res:*}]
2016-02-18T11:11:57.942Z d731mb7lqv3z/1455793797038/13338/undefined DEBUG	act	balance_client/mesh~lz9mod	OUT	p3d1paow7wns/6ihue1nnhggg	hook:client,role:transport,type:balance	{id:u3wnbb}	EXIT	(zs68j)	-	-	4	-	
2016-02-18T11:11:57.945Z d731mb7lqv3z/1455793797038/13338/undefined DEBUG	act	transport	OUT	5drp01vvzwdp/6ihue1nnhggg	cmd:client,role:transport	{id:u3wnbb}	EXIT	(tz2ua)	-	-	68	GATE	
2016-02-18T11:11:57.945Z d731mb7lqv3z/1455793797038/13338/undefined DEBUG	plugin	client$       	client	sendqueue-clear	{type:balance,pin:role:info,res:*,model:actor,id:u3wnbb}
2016-02-18T11:11:57.946Z d731mb7lqv3z/1455793797038/13338/undefined DEBUG	-	-	ACT	45r8v6fj6ln8/8oxvp7fn45rv	name:mesh,plugin:define,role:seneca,seq:9,tag:undefined	plugin	mesh       	ADD	(fcr5t)	cmd:close,role:seneca		
2016-02-18T11:11:57.947Z d731mb7lqv3z/1455793797038/13338/undefined DEBUG	act	transport	IN	wszwwhdsix4x/e82muddpy6ox	cmd:client,role:transport	{config:{type:balance,pin:role:github,model:actor,id:qfqdzt},role:transport,cmd:client}	ENTRY	(tz2ua)	-	-	GATE	
2016-02-18T11:11:57.948Z d731mb7lqv3z/1455793797038/13338/undefined DEBUG	act	balance_client/mesh~lz9mod	IN	cw0nermlpsw3/e82muddpy6ox	hook:client,role:transport,type:balance	{type:balance,pin:role:github,model:actor,id:qfqdzt,role:transport,hook:client}	ENTRY	(zs68j)	-	-	-	
2016-02-18T11:11:57.949Z d731mb7lqv3z/1455793797038/13338/undefined DEBUG	-	-	ACT	1ne4rkugk3z3/u09wmyw8kqa1	name:seneca-hhk4iw,plugin:define,role:seneca,seq:4,tag:undefined	plugin	transport	client	{type:balance,pin:role:github,model:actor,id:qfqdzt,role:transport,hook:client}	[{role:github}]
2016-02-18T11:11:57.950Z d731mb7lqv3z/1455793797038/13338/undefined DEBUG	act	balance_client/mesh~lz9mod	OUT	cw0nermlpsw3/e82muddpy6ox	hook:client,role:transport,type:balance	{id:qfqdzt}	EXIT	(zs68j)	-	-	2	-	
2016-02-18T11:11:57.950Z d731mb7lqv3z/1455793797038/13338/undefined DEBUG	act	transport	OUT	wszwwhdsix4x/e82muddpy6ox	cmd:client,role:transport	{id:qfqdzt}	EXIT	(tz2ua)	-	-	67	GATE	
2016-02-18T11:11:57.951Z d731mb7lqv3z/1455793797038/13338/undefined DEBUG	plugin	client$       	client	sendqueue-clear	{type:balance,pin:role:github,model:actor,id:qfqdzt}
2016-02-18T11:11:57.951Z d731mb7lqv3z/1455793797038/13338/undefined DEBUG	-	-	ACT	45r8v6fj6ln8/8oxvp7fn45rv	name:mesh,plugin:define,role:seneca,seq:9,tag:undefined	plugin	mesh       	ADD	(77713)	cmd:close,role:seneca		
2016-02-18T11:11:57.952Z d731mb7lqv3z/1455793797038/13338/undefined DEBUG	act	transport	IN	48dth4bbtbmu/ntgz90pnz7yp	cmd:client,role:transport	{config:{type:balance,pin:role:mesh,base:true,model:actor,id:s0pm6n},role:transport,cmd:client}	ENTRY	(tz2ua)	-	-	GATE	
2016-02-18T11:11:57.953Z d731mb7lqv3z/1455793797038/13338/undefined DEBUG	act	balance_client/mesh~lz9mod	IN	nvd35mijcpk6/ntgz90pnz7yp	hook:client,role:transport,type:balance	{type:balance,pin:role:mesh,base:true,model:actor,id:s0pm6n,role:transport,hook:client}	ENTRY	(zs68j)	-	-	-	
2016-02-18T11:11:57.955Z d731mb7lqv3z/1455793797038/13338/undefined DEBUG	-	-	ACT	1ne4rkugk3z3/u09wmyw8kqa1	name:seneca-hhk4iw,plugin:define,role:seneca,seq:4,tag:undefined	plugin	transport	client	{type:balance,pin:role:mesh,base:true,model:actor,id:s0pm6n,role:transport,hook:client}	[{role:mesh,base:true}]
2016-02-18T11:11:57.958Z d731mb7lqv3z/1455793797038/13338/undefined DEBUG	act	balance_client/mesh~lz9mod	OUT	nvd35mijcpk6/ntgz90pnz7yp	hook:client,role:transport,type:balance	{id:s0pm6n}	EXIT	(zs68j)	-	-	5	-	
2016-02-18T11:11:57.959Z d731mb7lqv3z/1455793797038/13338/undefined DEBUG	act	transport	OUT	48dth4bbtbmu/ntgz90pnz7yp	cmd:client,role:transport	{id:s0pm6n}	EXIT	(tz2ua)	-	-	66	GATE	
2016-02-18T11:11:57.959Z d731mb7lqv3z/1455793797038/13338/undefined DEBUG	plugin	client$       	client	sendqueue-clear	{type:balance,pin:role:mesh,base:true,model:actor,id:s0pm6n}
2016-02-18T11:11:57.966Z d731mb7lqv3z/1455793797038/13338/undefined DEBUG	-	-	ACT	45r8v6fj6ln8/8oxvp7fn45rv	name:mesh,plugin:define,role:seneca,seq:9,tag:undefined	plugin	mesh       	ADD	(dx58h)	cmd:close,role:seneca		
2016-02-18T11:11:57.968Z d731mb7lqv3z/1455793797038/13338/undefined DEBUG	act	transport	IN	ifwsj6kpfh5r/5dyem1yozg8o	cmd:client,role:transport	{config:{port:51531,model:actor,type:web,host:0.0.0.0,path:null,role:transport,hook:listen},role:transport,cmd:	ENTRY	(tz2ua)	-	-	GATE	
2016-02-18T11:11:57.974Z d731mb7lqv3z/1455793797038/13338/undefined DEBUG	act	transport	IN	7wwsssxgnsry/5dyem1yozg8o	hook:client,role:transport,type:web	{port:51531,model:actor,type:web,host:0.0.0.0,path:null,role:transport,hook:client,pin:role:info,cmd:get,id:hoo	ENTRY	(nz9h6)	-	-	-	
2016-02-18T11:11:58.050Z d731mb7lqv3z/1455793797038/13338/undefined DEBUG	-	-	ACT	1ne4rkugk3z3/u09wmyw8kqa1	name:seneca-hhk4iw,plugin:define,role:seneca,seq:4,tag:undefined	plugin	transport	ACT	7wwsssxgnsry/5dyem1yozg8o	hook:client,role:transport,type:web	client	{type:web,port:51531,host:0.0.0.0,path:/act,protocol:http,timeout:5555,max_listen_attempts:11,attempt_delay:222	[{role:info,cmd:get}]
2016-02-18T11:11:58.051Z d731mb7lqv3z/1455793797038/13338/undefined DEBUG	act	transport	OUT	7wwsssxgnsry/5dyem1yozg8o	hook:client,role:transport,type:web	{id:hook:listen,host:0.0.0.0,model:actor,path:null,pin:role:info,cmd:get,port:51531,role:transport,type:web}	EXIT	(nz9h6)	-	-	77	-	
2016-02-18T11:11:58.054Z d731mb7lqv3z/1455793797038/13338/undefined DEBUG	act	transport	OUT	ifwsj6kpfh5r/5dyem1yozg8o	cmd:client,role:transport	{id:hook:listen,host:0.0.0.0,model:actor,path:null,pin:role:info,cmd:get,port:51531,role:transport,type:web}	EXIT	(tz2ua)	-	-	147	GATE	
2016-02-18T11:11:58.054Z d731mb7lqv3z/1455793797038/13338/undefined DEBUG	-	-	ACT	45r8v6fj6ln8/8oxvp7fn45rv	name:mesh,plugin:define,role:seneca,seq:9,tag:undefined	plugin	mesh       	ACT	rbw07ltamta2/5dyem1yozg8o	add:client,role:transport,type:balance	plugin	client$       	client	sendqueue-clear	{port:51531,model:actor,type:web,host:0.0.0.0,path:null,role:transport,hook:listen}
2016-02-18T11:11:58.059Z d731mb7lqv3z/1455793797038/13338/undefined DEBUG	act	transport	IN	m5jhv83zrf5b/5dyem1yozg8o	cmd:client,role:transport	{config:{port:51531,model:actor,type:web,host:0.0.0.0,path:null,role:transport,hook:listen},role:transport,cmd:	ENTRY	(tz2ua)	-	-	GATE	
2016-02-18T11:11:58.065Z d731mb7lqv3z/1455793797038/13338/undefined DEBUG	act	transport	IN	kwgxc52wl249/5dyem1yozg8o	hook:client,role:transport,type:web	{port:51531,model:actor,type:web,host:0.0.0.0,path:null,role:transport,hook:client,pin:role:info,res:*,id:hook:	ENTRY	(nz9h6)	-	-	-	
2016-02-18T11:11:58.073Z d731mb7lqv3z/1455793797038/13338/undefined DEBUG	-	-	ACT	1ne4rkugk3z3/u09wmyw8kqa1	name:seneca-hhk4iw,plugin:define,role:seneca,seq:4,tag:undefined	plugin	transport	ACT	kwgxc52wl249/5dyem1yozg8o	hook:client,role:transport,type:web	client	{type:web,port:51531,host:0.0.0.0,path:/act,protocol:http,timeout:5555,max_listen_attempts:11,attempt_delay:222	[{role:info,res:*}]
2016-02-18T11:11:58.074Z d731mb7lqv3z/1455793797038/13338/undefined DEBUG	act	transport	OUT	kwgxc52wl249/5dyem1yozg8o	hook:client,role:transport,type:web	{id:hook:listen,host:0.0.0.0,model:actor,path:null,pin:role:info,res:*,port:51531,role:transport,type:web}	EXIT	(nz9h6)	-	-	14	-	
2016-02-18T11:11:58.074Z d731mb7lqv3z/1455793797038/13338/undefined DEBUG	act	transport	OUT	m5jhv83zrf5b/5dyem1yozg8o	cmd:client,role:transport	{id:hook:listen,host:0.0.0.0,model:actor,path:null,pin:role:info,res:*,port:51531,role:transport,type:web}	EXIT	(tz2ua)	-	-	162	GATE	
2016-02-18T11:11:58.075Z d731mb7lqv3z/1455793797038/13338/undefined DEBUG	-	-	ACT	45r8v6fj6ln8/8oxvp7fn45rv	name:mesh,plugin:define,role:seneca,seq:9,tag:undefined	plugin	mesh       	ACT	kvoytvquloqc/5dyem1yozg8o	add:client,role:transport,type:balance	plugin	client$       	client	sendqueue-clear	{port:51531,model:actor,type:web,host:0.0.0.0,path:null,role:transport,hook:listen}
2016-02-18T11:11:58.075Z d731mb7lqv3z/1455793797038/13338/undefined DEBUG	act	transport	IN	i6hekjznyk0l/5dyem1yozg8o	cmd:client,role:transport	{config:{port:54110,model:actor,type:web,host:0.0.0.0,path:null,role:transport,hook:listen},role:transport,cmd:	ENTRY	(tz2ua)	-	-	GATE	
2016-02-18T11:11:58.077Z d731mb7lqv3z/1455793797038/13338/undefined DEBUG	act	transport	IN	l2lf7gf242zj/5dyem1yozg8o	hook:client,role:transport,type:web	{port:54110,model:actor,type:web,host:0.0.0.0,path:null,role:transport,hook:client,pin:role:github,id:hook:list	ENTRY	(nz9h6)	-	-	-	
2016-02-18T11:11:58.080Z d731mb7lqv3z/1455793797038/13338/undefined DEBUG	-	-	ACT	1ne4rkugk3z3/u09wmyw8kqa1	name:seneca-hhk4iw,plugin:define,role:seneca,seq:4,tag:undefined	plugin	transport	ACT	l2lf7gf242zj/5dyem1yozg8o	hook:client,role:transport,type:web	client	{type:web,port:54110,host:0.0.0.0,path:/act,protocol:http,timeout:5555,max_listen_attempts:11,attempt_delay:222	[{role:github}]
2016-02-18T11:11:58.081Z d731mb7lqv3z/1455793797038/13338/undefined DEBUG	act	transport	OUT	l2lf7gf242zj/5dyem1yozg8o	hook:client,role:transport,type:web	{id:hook:listen,host:0.0.0.0,model:actor,path:null,pin:role:github,port:54110,role:transport,type:web}	EXIT	(nz9h6)	-	-	5	-	
2016-02-18T11:11:58.082Z d731mb7lqv3z/1455793797038/13338/undefined DEBUG	act	transport	OUT	i6hekjznyk0l/5dyem1yozg8o	cmd:client,role:transport	{id:hook:listen,host:0.0.0.0,model:actor,path:null,pin:role:github,port:54110,role:transport,type:web}	EXIT	(tz2ua)	-	-	165	GATE	
2016-02-18T11:11:58.082Z d731mb7lqv3z/1455793797038/13338/undefined DEBUG	-	-	ACT	45r8v6fj6ln8/8oxvp7fn45rv	name:mesh,plugin:define,role:seneca,seq:9,tag:undefined	plugin	mesh       	ACT	n58qtc64ipty/5dyem1yozg8o	add:client,role:transport,type:balance	plugin	client$       	client	sendqueue-clear	{port:54110,model:actor,type:web,host:0.0.0.0,path:null,role:transport,hook:listen}
2016-02-18T11:11:58.083Z d731mb7lqv3z/1455793797038/13338/undefined DEBUG	act	transport	IN	iy4hadpad2sn/5dyem1yozg8o	cmd:client,role:transport	{config:{port:50937,model:actor,type:web,host:0.0.0.0,path:null,role:transport,hook:listen},role:transport,cmd:	ENTRY	(tz2ua)	-	-	GATE	
2016-02-18T11:11:58.085Z d731mb7lqv3z/1455793797038/13338/undefined DEBUG	act	transport	IN	z3mx74tr9vbv/5dyem1yozg8o	hook:client,role:transport,type:web	{port:50937,model:actor,type:web,host:0.0.0.0,path:null,role:transport,hook:client,pin:role:mesh,base:true,id:h	ENTRY	(nz9h6)	-	-	-	
2016-02-18T11:11:58.086Z d731mb7lqv3z/1455793797038/13338/undefined DEBUG	-	-	ACT	1ne4rkugk3z3/u09wmyw8kqa1	name:seneca-hhk4iw,plugin:define,role:seneca,seq:4,tag:undefined	plugin	transport	ACT	z3mx74tr9vbv/5dyem1yozg8o	hook:client,role:transport,type:web	client	{type:web,port:50937,host:0.0.0.0,path:/act,protocol:http,timeout:5555,max_listen_attempts:11,attempt_delay:222	[{role:mesh,base:true}]
2016-02-18T11:11:58.087Z d731mb7lqv3z/1455793797038/13338/undefined DEBUG	act	transport	OUT	z3mx74tr9vbv/5dyem1yozg8o	hook:client,role:transport,type:web	{id:hook:listen,host:0.0.0.0,model:actor,path:null,pin:role:mesh,base:true,port:50937,role:transport,type:web}	EXIT	(nz9h6)	-	-	3	-	
2016-02-18T11:11:58.088Z d731mb7lqv3z/1455793797038/13338/undefined DEBUG	act	transport	OUT	iy4hadpad2sn/5dyem1yozg8o	cmd:client,role:transport	{id:hook:listen,host:0.0.0.0,model:actor,path:null,pin:role:mesh,base:true,port:50937,role:transport,type:web}	EXIT	(tz2ua)	-	-	166	GATE	
2016-02-18T11:11:58.088Z d731mb7lqv3z/1455793797038/13338/undefined DEBUG	-	-	ACT	45r8v6fj6ln8/8oxvp7fn45rv	name:mesh,plugin:define,role:seneca,seq:9,tag:undefined	plugin	mesh       	ACT	1ohwaj09en3m/5dyem1yozg8o	add:client,role:transport,type:balance	plugin	client$       	client	sendqueue-clear	{port:50937,model:actor,type:web,host:0.0.0.0,path:null,role:transport,hook:listen}
2016-02-18T11:12:24.422Z d731mb7lqv3z/1455793797038/13338/undefined INFO	client	{type:balance,pin:role:search,model:actor}	
2016-02-18T11:12:24.424Z d731mb7lqv3z/1455793797038/13338/undefined DEBUG	plugin	client$       	ADD	(mpmy0)	role:search	transport_client	
2016-02-18T11:12:24.427Z d731mb7lqv3z/1455793797038/13338/undefined DEBUG	act	balance_client/mesh~lz9mod	IN	69757v4w0qam/5dyem1yozg8o	add:client,role:transport,type:balance	{config:{port:53918,model:actor,type:web,host:0.0.0.0,path:null,role:transport,hook:listen},role:transport,type	ENTRY	(vy2ac)	-	-	-	
2016-02-18T11:12:24.428Z d731mb7lqv3z/1455793797038/13338/undefined INFO	-	-	ACT	45r8v6fj6ln8/8oxvp7fn45rv	name:mesh,plugin:define,role:seneca,seq:9,tag:undefined	plugin	mesh       	ACT	69757v4w0qam/5dyem1yozg8o	add:client,role:transport,type:balance	client	{port:53918,model:actor,type:web,host:0.0.0.0,path:null,role:transport,hook:listen}	
2016-02-18T11:12:24.435Z d731mb7lqv3z/1455793797038/13338/undefined DEBUG	act	balance_client/mesh~lz9mod	OUT	69757v4w0qam/5dyem1yozg8o	add:client,role:transport,type:balance	null	EXIT	(vy2ac)	-	-	8	-	
2016-02-18T11:12:24.435Z d731mb7lqv3z/1455793797038/13338/undefined DEBUG	act	transport	IN	z1ddqr60p11v/zib9emkviar2	cmd:client,role:transport	{config:{type:balance,pin:role:search,model:actor,id:9bgsol},role:transport,cmd:client}	ENTRY	(tz2ua)	-	-	GATE	
2016-02-18T11:12:24.436Z d731mb7lqv3z/1455793797038/13338/undefined DEBUG	act	balance_client/mesh~lz9mod	IN	9qdjuypfhgo4/zib9emkviar2	hook:client,role:transport,type:balance	{type:balance,pin:role:search,model:actor,id:9bgsol,role:transport,hook:client}	ENTRY	(zs68j)	-	-	-	
2016-02-18T11:12:24.439Z d731mb7lqv3z/1455793797038/13338/undefined DEBUG	-	-	ACT	1ne4rkugk3z3/u09wmyw8kqa1	name:seneca-hhk4iw,plugin:define,role:seneca,seq:4,tag:undefined	plugin	transport	client	{type:balance,pin:role:search,model:actor,id:9bgsol,role:transport,hook:client}	[{role:search}]
2016-02-18T11:12:24.440Z d731mb7lqv3z/1455793797038/13338/undefined DEBUG	act	balance_client/mesh~lz9mod	OUT	9qdjuypfhgo4/zib9emkviar2	hook:client,role:transport,type:balance	{id:9bgsol}	EXIT	(zs68j)	-	-	3	-	
2016-02-18T11:12:24.441Z d731mb7lqv3z/1455793797038/13338/undefined DEBUG	act	transport	OUT	z1ddqr60p11v/zib9emkviar2	cmd:client,role:transport	{id:9bgsol}	EXIT	(tz2ua)	-	-	15	GATE	
2016-02-18T11:12:24.442Z d731mb7lqv3z/1455793797038/13338/undefined DEBUG	plugin	client$       	client	sendqueue-clear	{type:balance,pin:role:search,model:actor,id:9bgsol}
2016-02-18T11:12:24.443Z d731mb7lqv3z/1455793797038/13338/undefined DEBUG	-	-	ACT	45r8v6fj6ln8/8oxvp7fn45rv	name:mesh,plugin:define,role:seneca,seq:9,tag:undefined	plugin	mesh       	ADD	(ybsqm)	cmd:close,role:seneca		
2016-02-18T11:12:24.443Z d731mb7lqv3z/1455793797038/13338/undefined DEBUG	act	transport	IN	36ucdjb16ylt/5dyem1yozg8o	cmd:client,role:transport	{config:{port:53918,model:actor,type:web,host:0.0.0.0,path:null,role:transport,hook:listen},role:transport,cmd:	ENTRY	(tz2ua)	-	-	GATE	
2016-02-18T11:12:24.445Z d731mb7lqv3z/1455793797038/13338/undefined DEBUG	act	transport	IN	hngax9ojb14m/5dyem1yozg8o	hook:client,role:transport,type:web	{port:53918,model:actor,type:web,host:0.0.0.0,path:null,role:transport,hook:client,pin:role:search,id:hook:list	ENTRY	(nz9h6)	-	-	-	
2016-02-18T11:12:24.458Z d731mb7lqv3z/1455793797038/13338/undefined DEBUG	-	-	ACT	1ne4rkugk3z3/u09wmyw8kqa1	name:seneca-hhk4iw,plugin:define,role:seneca,seq:4,tag:undefined	plugin	transport	ACT	hngax9ojb14m/5dyem1yozg8o	hook:client,role:transport,type:web	client	{type:web,port:53918,host:0.0.0.0,path:/act,protocol:http,timeout:5555,max_listen_attempts:11,attempt_delay:222	[{role:search}]
2016-02-18T11:12:24.460Z d731mb7lqv3z/1455793797038/13338/undefined DEBUG	act	transport	OUT	hngax9ojb14m/5dyem1yozg8o	hook:client,role:transport,type:web	{id:hook:listen,host:0.0.0.0,model:actor,path:null,pin:role:search,port:53918,role:transport,type:web}	EXIT	(nz9h6)	-	-	16	-	
2016-02-18T11:12:24.460Z d731mb7lqv3z/1455793797038/13338/undefined DEBUG	act	transport	OUT	36ucdjb16ylt/5dyem1yozg8o	cmd:client,role:transport	{id:hook:listen,host:0.0.0.0,model:actor,path:null,pin:role:search,port:53918,role:transport,type:web}	EXIT	(tz2ua)	-	-	25	GATE	
2016-02-18T11:12:24.460Z d731mb7lqv3z/1455793797038/13338/undefined DEBUG	-	-	ACT	45r8v6fj6ln8/8oxvp7fn45rv	name:mesh,plugin:define,role:seneca,seq:9,tag:undefined	plugin	mesh       	ACT	69757v4w0qam/5dyem1yozg8o	add:client,role:transport,type:balance	plugin	client$       	client	sendqueue-clear	{port:53918,model:actor,type:web,host:0.0.0.0,path:null,role:transport,hook:listen}
2016-02-18T11:12:24.822Z d731mb7lqv3z/1455793797038/13338/undefined DEBUG	act	balance_client/mesh~lz9mod	IN	gxqspcvb5dpl/5dyem1yozg8o	remove:client,role:transport,type:balance	{config:{port:53918,model:actor,type:web,host:0.0.0.0,path:null,role:transport,hook:listen},role:transport,type	ENTRY	(gd004)	-	-	-	
2016-02-18T11:12:24.834Z d731mb7lqv3z/1455793797038/13338/undefined DEBUG	act	balance_client/mesh~lz9mod	OUT	gxqspcvb5dpl/5dyem1yozg8o	remove:client,role:transport,type:balance	null	EXIT	(gd004)	-	-	12	-	
2016-02-18T11:12:28.754Z d731mb7lqv3z/1455793797038/13338/undefined DEBUG	act	balance_client/mesh~lz9mod	IN	w7x8duj8c12e/5dyem1yozg8o	remove:client,role:transport,type:balance	{config:{port:50937,model:actor,type:web,host:0.0.0.0,path:null,role:transport,hook:listen},role:transport,type	ENTRY	(gd004)	-	-	-	
2016-02-18T11:12:28.756Z d731mb7lqv3z/1455793797038/13338/undefined DEBUG	act	balance_client/mesh~lz9mod	OUT	w7x8duj8c12e/5dyem1yozg8o	remove:client,role:transport,type:balance	null	EXIT	(gd004)	-	-	1	-	
2016-02-18T11:12:29.174Z d731mb7lqv3z/1455793797038/13338/undefined DEBUG	act	balance_client/mesh~lz9mod	IN	zicgktrn8ykt/5dyem1yozg8o	remove:client,role:transport,type:balance	{config:{port:54110,model:actor,type:web,host:0.0.0.0,path:null,role:transport,hook:listen},role:transport,type	ENTRY	(gd004)	-	-	-	
2016-02-18T11:12:29.176Z d731mb7lqv3z/1455793797038/13338/undefined DEBUG	act	balance_client/mesh~lz9mod	OUT	zicgktrn8ykt/5dyem1yozg8o	remove:client,role:transport,type:balance	null	EXIT	(gd004)	-	-	2	-	
2016-02-18T11:12:29.176Z d731mb7lqv3z/1455793797038/13338/undefined DEBUG	act	balance_client/mesh~lz9mod	IN	n6u6ar58sakx/5dyem1yozg8o	remove:client,role:transport,type:balance	{config:{port:54110,model:actor,type:web,host:0.0.0.0,path:null,role:transport,hook:listen},role:transport,type	ENTRY	(gd004)	-	-	-	
2016-02-18T11:12:29.177Z d731mb7lqv3z/1455793797038/13338/undefined DEBUG	act	balance_client/mesh~lz9mod	OUT	n6u6ar58sakx/5dyem1yozg8o	remove:client,role:transport,type:balance	null	EXIT	(gd004)	-	-	3	-	
2016-02-18T11:12:29.378Z d731mb7lqv3z/1455793797038/13338/undefined DEBUG	act	balance_client/mesh~lz9mod	IN	rfku418w8mge/5dyem1yozg8o	remove:client,role:transport,type:balance	{config:{port:51531,model:actor,type:web,host:0.0.0.0,path:null,role:transport,hook:listen},role:transport,type	ENTRY	(gd004)	-	-	-	
2016-02-18T11:12:29.380Z d731mb7lqv3z/1455793797038/13338/undefined DEBUG	act	balance_client/mesh~lz9mod	OUT	rfku418w8mge/5dyem1yozg8o	remove:client,role:transport,type:balance	null	EXIT	(gd004)	-	-	4	-	
2016-02-18T11:12:29.380Z d731mb7lqv3z/1455793797038/13338/undefined DEBUG	act	balance_client/mesh~lz9mod	IN	3drrs2n19zrw/5dyem1yozg8o	remove:client,role:transport,type:balance	{config:{port:51531,model:actor,type:web,host:0.0.0.0,path:null,role:transport,hook:listen},role:transport,type	ENTRY	(gd004)	-	-	-	
2016-02-18T11:12:29.382Z d731mb7lqv3z/1455793797038/13338/undefined DEBUG	act	balance_client/mesh~lz9mod	OUT	3drrs2n19zrw/5dyem1yozg8o	remove:client,role:transport,type:balance	null	EXIT	(gd004)	-	-	4	-	
